mode: set
Pulse/internal/repository/alert_repository.go:24.54,28.2 1 1
Pulse/internal/repository/alert_repository.go:31.60,35.2 1 0
Pulse/internal/repository/alert_repository.go:38.57,39.17 1 1
Pulse/internal/repository/alert_repository.go:39.17,41.3 1 0
Pulse/internal/repository/alert_repository.go:42.2,42.13 1 1
Pulse/internal/repository/alert_repository.go:46.82,48.20 1 1
Pulse/internal/repository/alert_repository.go:48.20,50.3 1 0
Pulse/internal/repository/alert_repository.go:53.2,58.24 4 1
Pulse/internal/repository/alert_repository.go:58.24,60.3 1 0
Pulse/internal/repository/alert_repository.go:63.2,64.16 2 1
Pulse/internal/repository/alert_repository.go:64.16,66.3 1 0
Pulse/internal/repository/alert_repository.go:68.2,69.16 2 1
Pulse/internal/repository/alert_repository.go:69.16,71.3 1 0
Pulse/internal/repository/alert_repository.go:73.2,102.16 5 1
Pulse/internal/repository/alert_repository.go:102.16,104.3 1 0
Pulse/internal/repository/alert_repository.go:106.2,106.12 1 1
Pulse/internal/repository/alert_repository.go:110.97,116.16 3 1
Pulse/internal/repository/alert_repository.go:116.16,118.3 1 0
Pulse/internal/repository/alert_repository.go:120.2,121.16 2 1
Pulse/internal/repository/alert_repository.go:121.16,123.3 1 0
Pulse/internal/repository/alert_repository.go:125.2,125.26 1 1
Pulse/internal/repository/alert_repository.go:129.78,135.16 3 1
Pulse/internal/repository/alert_repository.go:135.16,137.3 1 0
Pulse/internal/repository/alert_repository.go:139.2,140.16 2 1
Pulse/internal/repository/alert_repository.go:140.16,142.3 1 0
Pulse/internal/repository/alert_repository.go:144.2,144.26 1 1
Pulse/internal/repository/alert_repository.go:148.78,152.16 4 1
Pulse/internal/repository/alert_repository.go:152.16,154.3 1 0
Pulse/internal/repository/alert_repository.go:155.2,155.19 1 1
Pulse/internal/repository/alert_repository.go:159.80,163.16 4 1
Pulse/internal/repository/alert_repository.go:163.16,165.3 1 0
Pulse/internal/repository/alert_repository.go:166.2,166.19 1 1
Pulse/internal/repository/alert_repository.go:170.90,192.16 6 1
Pulse/internal/repository/alert_repository.go:192.16,193.27 1 0
Pulse/internal/repository/alert_repository.go:193.27,195.4 1 0
Pulse/internal/repository/alert_repository.go:196.3,196.56 1 0
Pulse/internal/repository/alert_repository.go:200.2,200.22 1 1
Pulse/internal/repository/alert_repository.go:200.22,202.17 2 1
Pulse/internal/repository/alert_repository.go:202.17,204.4 1 0
Pulse/internal/repository/alert_repository.go:207.2,207.27 1 1
Pulse/internal/repository/alert_repository.go:207.27,209.17 2 1
Pulse/internal/repository/alert_repository.go:209.17,211.4 1 0
Pulse/internal/repository/alert_repository.go:214.2,214.20 1 1
Pulse/internal/repository/alert_repository.go:218.82,223.16 3 1
Pulse/internal/repository/alert_repository.go:223.16,225.3 1 0
Pulse/internal/repository/alert_repository.go:227.2,228.16 2 1
Pulse/internal/repository/alert_repository.go:228.16,230.3 1 0
Pulse/internal/repository/alert_repository.go:232.2,268.16 3 1
Pulse/internal/repository/alert_repository.go:268.16,270.3 1 0
Pulse/internal/repository/alert_repository.go:272.2,273.16 2 1
Pulse/internal/repository/alert_repository.go:273.16,275.3 1 0
Pulse/internal/repository/alert_repository.go:277.2,277.23 1 1
Pulse/internal/repository/alert_repository.go:277.23,279.3 1 0
Pulse/internal/repository/alert_repository.go:281.2,281.12 1 1
Pulse/internal/repository/alert_repository.go:285.72,289.16 3 1
Pulse/internal/repository/alert_repository.go:289.16,291.3 1 0
Pulse/internal/repository/alert_repository.go:293.2,294.16 2 1
Pulse/internal/repository/alert_repository.go:294.16,296.3 1 0
Pulse/internal/repository/alert_repository.go:298.2,298.23 1 1
Pulse/internal/repository/alert_repository.go:298.23,300.3 1 0
Pulse/internal/repository/alert_repository.go:302.2,302.12 1 1
Pulse/internal/repository/alert_repository.go:306.76,315.16 4 1
Pulse/internal/repository/alert_repository.go:315.16,317.3 1 0
Pulse/internal/repository/alert_repository.go:319.2,320.16 2 1
Pulse/internal/repository/alert_repository.go:320.16,322.3 1 0
Pulse/internal/repository/alert_repository.go:324.2,324.23 1 1
Pulse/internal/repository/alert_repository.go:324.23,326.3 1 0
Pulse/internal/repository/alert_repository.go:328.2,328.12 1 1
Pulse/internal/repository/alert_repository.go:332.108,333.19 1 0
Pulse/internal/repository/alert_repository.go:333.19,335.3 1 0
Pulse/internal/repository/alert_repository.go:338.2,338.22 1 0
Pulse/internal/repository/alert_repository.go:338.22,340.3 1 0
Pulse/internal/repository/alert_repository.go:341.2,341.26 1 0
Pulse/internal/repository/alert_repository.go:341.26,343.3 1 0
Pulse/internal/repository/alert_repository.go:344.2,344.27 1 0
Pulse/internal/repository/alert_repository.go:344.27,346.3 1 0
Pulse/internal/repository/alert_repository.go:349.2,355.26 5 0
Pulse/internal/repository/alert_repository.go:355.26,359.3 3 0
Pulse/internal/repository/alert_repository.go:361.2,361.32 1 0
Pulse/internal/repository/alert_repository.go:361.32,365.3 3 0
Pulse/internal/repository/alert_repository.go:367.2,367.28 1 0
Pulse/internal/repository/alert_repository.go:367.28,371.3 3 0
Pulse/internal/repository/alert_repository.go:373.2,373.26 1 0
Pulse/internal/repository/alert_repository.go:373.26,377.3 3 0
Pulse/internal/repository/alert_repository.go:379.2,379.26 1 0
Pulse/internal/repository/alert_repository.go:379.26,383.3 3 0
Pulse/internal/repository/alert_repository.go:385.2,385.52 1 0
Pulse/internal/repository/alert_repository.go:385.52,390.3 4 0
Pulse/internal/repository/alert_repository.go:392.2,392.29 1 0
Pulse/internal/repository/alert_repository.go:392.29,396.3 3 0
Pulse/internal/repository/alert_repository.go:398.2,398.27 1 0
Pulse/internal/repository/alert_repository.go:398.27,402.3 3 0
Pulse/internal/repository/alert_repository.go:405.2,405.28 1 0
Pulse/internal/repository/alert_repository.go:405.28,406.41 1 0
Pulse/internal/repository/alert_repository.go:406.41,410.4 3 0
Pulse/internal/repository/alert_repository.go:413.2,414.25 2 0
Pulse/internal/repository/alert_repository.go:414.25,416.3 1 0
Pulse/internal/repository/alert_repository.go:419.2,422.16 4 0
Pulse/internal/repository/alert_repository.go:422.16,424.3 1 0
Pulse/internal/repository/alert_repository.go:427.2,441.16 5 0
Pulse/internal/repository/alert_repository.go:441.16,443.3 1 0
Pulse/internal/repository/alert_repository.go:444.2,447.18 3 0
Pulse/internal/repository/alert_repository.go:447.18,459.17 4 0
Pulse/internal/repository/alert_repository.go:459.17,461.4 1 0
Pulse/internal/repository/alert_repository.go:464.3,464.23 1 0
Pulse/internal/repository/alert_repository.go:464.23,466.18 2 0
Pulse/internal/repository/alert_repository.go:466.18,468.5 1 0
Pulse/internal/repository/alert_repository.go:471.3,471.28 1 0
Pulse/internal/repository/alert_repository.go:471.28,473.18 2 0
Pulse/internal/repository/alert_repository.go:473.18,475.5 1 0
Pulse/internal/repository/alert_repository.go:478.3,478.34 1 0
Pulse/internal/repository/alert_repository.go:481.2,481.34 1 0
Pulse/internal/repository/alert_repository.go:481.34,483.3 1 0
Pulse/internal/repository/alert_repository.go:485.2,493.8 2 0
Pulse/internal/repository/alert_repository.go:497.97,504.19 5 0
Pulse/internal/repository/alert_repository.go:504.19,505.27 1 0
Pulse/internal/repository/alert_repository.go:505.27,509.4 3 0
Pulse/internal/repository/alert_repository.go:511.3,511.33 1 0
Pulse/internal/repository/alert_repository.go:511.33,515.4 3 0
Pulse/internal/repository/alert_repository.go:517.3,517.29 1 0
Pulse/internal/repository/alert_repository.go:517.29,521.4 3 0
Pulse/internal/repository/alert_repository.go:523.3,523.27 1 0
Pulse/internal/repository/alert_repository.go:523.27,527.4 3 0
Pulse/internal/repository/alert_repository.go:529.3,529.27 1 0
Pulse/internal/repository/alert_repository.go:529.27,533.4 3 0
Pulse/internal/repository/alert_repository.go:535.3,535.30 1 0
Pulse/internal/repository/alert_repository.go:535.30,539.4 3 0
Pulse/internal/repository/alert_repository.go:541.3,541.28 1 0
Pulse/internal/repository/alert_repository.go:541.28,545.4 3 0
Pulse/internal/repository/alert_repository.go:548.3,548.29 1 0
Pulse/internal/repository/alert_repository.go:548.29,549.42 1 0
Pulse/internal/repository/alert_repository.go:549.42,553.5 3 0
Pulse/internal/repository/alert_repository.go:557.2,558.25 2 0
Pulse/internal/repository/alert_repository.go:558.25,560.3 1 0
Pulse/internal/repository/alert_repository.go:562.2,565.16 4 0
Pulse/internal/repository/alert_repository.go:565.16,567.3 1 0
Pulse/internal/repository/alert_repository.go:569.2,569.19 1 0
Pulse/internal/repository/alert_repository.go:573.80,577.16 4 0
Pulse/internal/repository/alert_repository.go:577.16,579.3 1 0
Pulse/internal/repository/alert_repository.go:580.2,580.23 1 0
Pulse/internal/repository/alert_repository.go:584.108,606.16 6 0
Pulse/internal/repository/alert_repository.go:606.16,607.27 1 0
Pulse/internal/repository/alert_repository.go:607.27,609.4 1 0
Pulse/internal/repository/alert_repository.go:610.3,610.56 1 0
Pulse/internal/repository/alert_repository.go:614.2,614.22 1 0
Pulse/internal/repository/alert_repository.go:614.22,616.17 2 0
Pulse/internal/repository/alert_repository.go:616.17,618.4 1 0
Pulse/internal/repository/alert_repository.go:621.2,621.27 1 0
Pulse/internal/repository/alert_repository.go:621.27,623.17 2 0
Pulse/internal/repository/alert_repository.go:623.17,625.4 1 0
Pulse/internal/repository/alert_repository.go:628.2,628.20 1 0
Pulse/internal/repository/alert_repository.go:632.102,643.16 4 0
Pulse/internal/repository/alert_repository.go:643.16,645.3 1 0
Pulse/internal/repository/alert_repository.go:647.2,648.16 2 0
Pulse/internal/repository/alert_repository.go:648.16,650.3 1 0
Pulse/internal/repository/alert_repository.go:652.2,652.23 1 0
Pulse/internal/repository/alert_repository.go:652.23,654.3 1 0
Pulse/internal/repository/alert_repository.go:657.2,657.38 1 0
Pulse/internal/repository/alert_repository.go:657.39,659.3 0 0
Pulse/internal/repository/alert_repository.go:661.2,661.12 1 0
Pulse/internal/repository/alert_repository.go:665.98,677.16 4 0
Pulse/internal/repository/alert_repository.go:677.16,679.3 1 0
Pulse/internal/repository/alert_repository.go:681.2,682.16 2 0
Pulse/internal/repository/alert_repository.go:682.16,684.3 1 0
Pulse/internal/repository/alert_repository.go:686.2,686.23 1 0
Pulse/internal/repository/alert_repository.go:686.23,688.3 1 0
Pulse/internal/repository/alert_repository.go:691.2,691.38 1 0
Pulse/internal/repository/alert_repository.go:691.39,693.3 0 0
Pulse/internal/repository/alert_repository.go:695.2,695.12 1 0
Pulse/internal/repository/alert_repository.go:699.108,709.16 4 0
Pulse/internal/repository/alert_repository.go:709.16,711.3 1 0
Pulse/internal/repository/alert_repository.go:713.2,714.16 2 0
Pulse/internal/repository/alert_repository.go:714.16,716.3 1 0
Pulse/internal/repository/alert_repository.go:718.2,718.23 1 0
Pulse/internal/repository/alert_repository.go:718.23,720.3 1 0
Pulse/internal/repository/alert_repository.go:722.2,722.12 1 0
Pulse/internal/repository/alert_repository.go:726.75,736.16 4 0
Pulse/internal/repository/alert_repository.go:736.16,738.3 1 0
Pulse/internal/repository/alert_repository.go:740.2,741.16 2 0
Pulse/internal/repository/alert_repository.go:741.16,743.3 1 0
Pulse/internal/repository/alert_repository.go:745.2,745.23 1 0
Pulse/internal/repository/alert_repository.go:745.23,747.3 1 0
Pulse/internal/repository/alert_repository.go:749.2,749.12 1 0
Pulse/internal/repository/alert_repository.go:753.113,760.19 5 0
Pulse/internal/repository/alert_repository.go:760.19,761.27 1 0
Pulse/internal/repository/alert_repository.go:761.27,765.4 3 0
Pulse/internal/repository/alert_repository.go:767.3,767.33 1 0
Pulse/internal/repository/alert_repository.go:767.33,771.4 3 0
Pulse/internal/repository/alert_repository.go:773.3,773.30 1 0
Pulse/internal/repository/alert_repository.go:773.30,777.4 3 0
Pulse/internal/repository/alert_repository.go:779.3,779.28 1 0
Pulse/internal/repository/alert_repository.go:779.28,783.4 3 0
Pulse/internal/repository/alert_repository.go:786.2,787.25 2 0
Pulse/internal/repository/alert_repository.go:787.25,789.3 1 0
Pulse/internal/repository/alert_repository.go:792.2,795.16 4 0
Pulse/internal/repository/alert_repository.go:795.16,797.3 1 0
Pulse/internal/repository/alert_repository.go:800.2,806.16 3 0
Pulse/internal/repository/alert_repository.go:806.16,808.3 1 0
Pulse/internal/repository/alert_repository.go:809.2,812.28 3 0
Pulse/internal/repository/alert_repository.go:812.28,816.17 4 0
Pulse/internal/repository/alert_repository.go:816.17,818.4 1 0
Pulse/internal/repository/alert_repository.go:819.3,819.31 1 0
Pulse/internal/repository/alert_repository.go:823.2,829.16 3 0
Pulse/internal/repository/alert_repository.go:829.16,831.3 1 0
Pulse/internal/repository/alert_repository.go:832.2,835.26 3 0
Pulse/internal/repository/alert_repository.go:835.26,839.17 4 0
Pulse/internal/repository/alert_repository.go:839.17,841.4 1 0
Pulse/internal/repository/alert_repository.go:842.3,842.27 1 0
Pulse/internal/repository/alert_repository.go:846.2,852.16 3 0
Pulse/internal/repository/alert_repository.go:852.16,854.3 1 0
Pulse/internal/repository/alert_repository.go:855.2,858.26 3 0
Pulse/internal/repository/alert_repository.go:858.26,862.17 4 0
Pulse/internal/repository/alert_repository.go:862.17,864.4 1 0
Pulse/internal/repository/alert_repository.go:865.3,865.27 1 0
Pulse/internal/repository/alert_repository.go:868.2,874.8 1 0
Pulse/internal/repository/alert_repository.go:878.131,883.25 4 0
Pulse/internal/repository/alert_repository.go:883.25,885.3 1 0
Pulse/internal/repository/alert_repository.go:888.2,889.18 2 0
Pulse/internal/repository/alert_repository.go:890.14,891.46 1 0
Pulse/internal/repository/alert_repository.go:892.13,893.45 1 0
Pulse/internal/repository/alert_repository.go:894.14,895.46 1 0
Pulse/internal/repository/alert_repository.go:896.15,897.47 1 0
Pulse/internal/repository/alert_repository.go:898.10,899.46 1 0
Pulse/internal/repository/alert_repository.go:902.2,909.16 3 0
Pulse/internal/repository/alert_repository.go:909.16,911.3 1 0
Pulse/internal/repository/alert_repository.go:912.2,915.18 3 0
Pulse/internal/repository/alert_repository.go:915.18,918.17 3 0
Pulse/internal/repository/alert_repository.go:918.17,920.4 1 0
Pulse/internal/repository/alert_repository.go:921.3,921.32 1 0
Pulse/internal/repository/alert_repository.go:924.2,924.34 1 0
Pulse/internal/repository/alert_repository.go:924.34,926.3 1 0
Pulse/internal/repository/alert_repository.go:928.2,928.19 1 0
Pulse/internal/repository/alert_repository.go:932.90,933.22 1 0
Pulse/internal/repository/alert_repository.go:933.22,935.3 1 0
Pulse/internal/repository/alert_repository.go:937.2,938.16 2 0
Pulse/internal/repository/alert_repository.go:938.16,940.3 1 0
Pulse/internal/repository/alert_repository.go:941.2,943.31 2 0
Pulse/internal/repository/alert_repository.go:943.31,944.21 1 0
Pulse/internal/repository/alert_repository.go:944.21,946.4 1 0
Pulse/internal/repository/alert_repository.go:948.3,952.25 4 0
Pulse/internal/repository/alert_repository.go:952.25,954.4 1 0
Pulse/internal/repository/alert_repository.go:957.3,958.17 2 0
Pulse/internal/repository/alert_repository.go:958.17,960.4 1 0
Pulse/internal/repository/alert_repository.go:962.3,963.17 2 0
Pulse/internal/repository/alert_repository.go:963.17,965.4 1 0
Pulse/internal/repository/alert_repository.go:967.3,987.17 3 0
Pulse/internal/repository/alert_repository.go:987.17,989.4 1 0
Pulse/internal/repository/alert_repository.go:992.2,992.20 1 0
Pulse/internal/repository/alert_repository.go:996.90,997.22 1 0
Pulse/internal/repository/alert_repository.go:997.22,999.3 1 0
Pulse/internal/repository/alert_repository.go:1001.2,1002.16 2 0
Pulse/internal/repository/alert_repository.go:1002.16,1004.3 1 0
Pulse/internal/repository/alert_repository.go:1005.2,1007.31 2 0
Pulse/internal/repository/alert_repository.go:1007.31,1012.17 3 0
Pulse/internal/repository/alert_repository.go:1012.17,1014.4 1 0
Pulse/internal/repository/alert_repository.go:1016.3,1017.17 2 0
Pulse/internal/repository/alert_repository.go:1017.17,1019.4 1 0
Pulse/internal/repository/alert_repository.go:1021.3,1057.17 3 0
Pulse/internal/repository/alert_repository.go:1057.17,1059.4 1 0
Pulse/internal/repository/alert_repository.go:1062.2,1062.20 1 0
Pulse/internal/repository/alert_repository.go:1066.80,1067.19 1 0
Pulse/internal/repository/alert_repository.go:1067.19,1069.3 1 0
Pulse/internal/repository/alert_repository.go:1072.2,1074.25 3 0
Pulse/internal/repository/alert_repository.go:1074.25,1077.3 2 0
Pulse/internal/repository/alert_repository.go:1079.2,1087.16 3 0
Pulse/internal/repository/alert_repository.go:1087.16,1089.3 1 0
Pulse/internal/repository/alert_repository.go:1091.2,1092.16 2 0
Pulse/internal/repository/alert_repository.go:1092.16,1094.3 1 0
Pulse/internal/repository/alert_repository.go:1096.2,1096.23 1 0
Pulse/internal/repository/alert_repository.go:1096.23,1098.3 1 0
Pulse/internal/repository/alert_repository.go:1100.2,1100.12 1 0
Pulse/internal/repository/alert_repository.go:1104.107,1113.16 4 0
Pulse/internal/repository/alert_repository.go:1113.16,1115.3 1 0
Pulse/internal/repository/alert_repository.go:1117.2,1117.23 1 0
Pulse/internal/repository/alert_repository.go:1121.95,1123.22 1 0
Pulse/internal/repository/alert_repository.go:1123.22,1125.3 1 0
Pulse/internal/repository/alert_repository.go:1128.2,1132.16 3 0
Pulse/internal/repository/alert_repository.go:1132.16,1134.3 1 0
Pulse/internal/repository/alert_repository.go:1136.2,1137.16 2 0
Pulse/internal/repository/alert_repository.go:1137.16,1139.3 1 0
Pulse/internal/repository/alert_repository.go:1141.2,1159.16 3 0
Pulse/internal/repository/alert_repository.go:1159.16,1161.3 1 0
Pulse/internal/repository/alert_repository.go:1163.2,1163.12 1 0
Pulse/internal/repository/alert_repository.go:1167.117,1168.19 1 0
Pulse/internal/repository/alert_repository.go:1168.19,1170.3 1 0
Pulse/internal/repository/alert_repository.go:1173.2,1181.25 7 0
Pulse/internal/repository/alert_repository.go:1181.25,1184.3 2 0
Pulse/internal/repository/alert_repository.go:1186.2,1196.16 3 0
Pulse/internal/repository/alert_repository.go:1196.16,1198.3 1 0
Pulse/internal/repository/alert_repository.go:1200.2,1201.16 2 0
Pulse/internal/repository/alert_repository.go:1201.16,1203.3 1 0
Pulse/internal/repository/alert_repository.go:1205.2,1205.23 1 0
Pulse/internal/repository/alert_repository.go:1205.23,1207.3 1 0
Pulse/internal/repository/alert_repository.go:1210.2,1210.25 1 0
Pulse/internal/repository/alert_repository.go:1210.25,1217.52 2 0
Pulse/internal/repository/alert_repository.go:1217.52,1219.12 1 0
Pulse/internal/repository/alert_repository.go:1223.2,1223.12 1 0
Pulse/internal/repository/alert_repository.go:1227.113,1228.19 1 0
Pulse/internal/repository/alert_repository.go:1228.19,1230.3 1 0
Pulse/internal/repository/alert_repository.go:1233.2,1241.25 7 0
Pulse/internal/repository/alert_repository.go:1241.25,1244.3 2 0
Pulse/internal/repository/alert_repository.go:1246.2,1257.16 3 0
Pulse/internal/repository/alert_repository.go:1257.16,1259.3 1 0
Pulse/internal/repository/alert_repository.go:1261.2,1262.16 2 0
Pulse/internal/repository/alert_repository.go:1262.16,1264.3 1 0
Pulse/internal/repository/alert_repository.go:1266.2,1266.23 1 0
Pulse/internal/repository/alert_repository.go:1266.23,1268.3 1 0
Pulse/internal/repository/alert_repository.go:1271.2,1271.25 1 0
Pulse/internal/repository/alert_repository.go:1271.25,1278.52 2 0
Pulse/internal/repository/alert_repository.go:1278.52,1280.12 1 0
Pulse/internal/repository/alert_repository.go:1284.2,1284.12 1 0
Pulse/internal/repository/auth_repository.go:52.52,56.2 1 1
Pulse/internal/repository/auth_repository.go:59.58,63.2 1 0
Pulse/internal/repository/auth_repository.go:66.56,67.17 1 1
Pulse/internal/repository/auth_repository.go:67.17,69.3 1 0
Pulse/internal/repository/auth_repository.go:70.2,70.13 1 1
Pulse/internal/repository/auth_repository.go:74.96,75.22 1 1
Pulse/internal/repository/auth_repository.go:75.22,77.3 1 0
Pulse/internal/repository/auth_repository.go:79.2,97.16 7 1
Pulse/internal/repository/auth_repository.go:97.16,99.3 1 0
Pulse/internal/repository/auth_repository.go:101.2,101.12 1 1
Pulse/internal/repository/auth_repository.go:105.105,114.16 4 1
Pulse/internal/repository/auth_repository.go:114.16,115.27 1 0
Pulse/internal/repository/auth_repository.go:115.27,117.4 1 0
Pulse/internal/repository/auth_repository.go:118.3,118.62 1 0
Pulse/internal/repository/auth_repository.go:121.2,121.22 1 1
Pulse/internal/repository/auth_repository.go:125.115,134.16 4 1
Pulse/internal/repository/auth_repository.go:134.16,135.27 1 0
Pulse/internal/repository/auth_repository.go:135.27,137.4 1 0
Pulse/internal/repository/auth_repository.go:138.3,138.62 1 0
Pulse/internal/repository/auth_repository.go:141.2,141.22 1 1
Pulse/internal/repository/auth_repository.go:145.109,154.16 3 0
Pulse/internal/repository/auth_repository.go:154.16,156.3 1 0
Pulse/internal/repository/auth_repository.go:157.2,160.18 3 0
Pulse/internal/repository/auth_repository.go:160.18,167.17 3 0
Pulse/internal/repository/auth_repository.go:167.17,169.4 1 0
Pulse/internal/repository/auth_repository.go:170.3,170.40 1 0
Pulse/internal/repository/auth_repository.go:173.2,173.35 1 0
Pulse/internal/repository/auth_repository.go:173.35,175.3 1 0
Pulse/internal/repository/auth_repository.go:177.2,177.22 1 0
Pulse/internal/repository/auth_repository.go:181.121,189.16 3 1
Pulse/internal/repository/auth_repository.go:189.16,191.3 1 0
Pulse/internal/repository/auth_repository.go:193.2,194.16 2 1
Pulse/internal/repository/auth_repository.go:194.16,196.3 1 0
Pulse/internal/repository/auth_repository.go:198.2,198.23 1 1
Pulse/internal/repository/auth_repository.go:198.23,200.3 1 0
Pulse/internal/repository/auth_repository.go:202.2,202.12 1 1
Pulse/internal/repository/auth_repository.go:206.85,210.16 3 1
Pulse/internal/repository/auth_repository.go:210.16,212.3 1 0
Pulse/internal/repository/auth_repository.go:214.2,215.16 2 1
Pulse/internal/repository/auth_repository.go:215.16,217.3 1 0
Pulse/internal/repository/auth_repository.go:219.2,219.23 1 1
Pulse/internal/repository/auth_repository.go:219.23,221.3 1 0
Pulse/internal/repository/auth_repository.go:223.2,223.12 1 1
Pulse/internal/repository/auth_repository.go:227.87,231.16 3 1
Pulse/internal/repository/auth_repository.go:231.16,233.3 1 0
Pulse/internal/repository/auth_repository.go:235.2,235.12 1 1
Pulse/internal/repository/auth_repository.go:239.85,244.16 4 1
Pulse/internal/repository/auth_repository.go:244.16,246.3 1 0
Pulse/internal/repository/auth_repository.go:248.2,249.16 2 1
Pulse/internal/repository/auth_repository.go:249.16,251.3 1 0
Pulse/internal/repository/auth_repository.go:253.2,253.26 1 1
Pulse/internal/repository/auth_repository.go:257.100,258.20 1 1
Pulse/internal/repository/auth_repository.go:258.20,260.3 1 0
Pulse/internal/repository/auth_repository.go:262.2,277.16 6 1
Pulse/internal/repository/auth_repository.go:277.16,279.3 1 0
Pulse/internal/repository/auth_repository.go:281.2,281.12 1 1
Pulse/internal/repository/auth_repository.go:285.110,293.16 4 1
Pulse/internal/repository/auth_repository.go:293.16,294.27 1 0
Pulse/internal/repository/auth_repository.go:294.27,296.4 1 0
Pulse/internal/repository/auth_repository.go:297.3,297.62 1 0
Pulse/internal/repository/auth_repository.go:300.2,300.20 1 1
Pulse/internal/repository/auth_repository.go:304.113,312.16 4 0
Pulse/internal/repository/auth_repository.go:312.16,313.27 1 0
Pulse/internal/repository/auth_repository.go:313.27,315.4 1 0
Pulse/internal/repository/auth_repository.go:316.3,316.62 1 0
Pulse/internal/repository/auth_repository.go:319.2,319.20 1 0
Pulse/internal/repository/auth_repository.go:323.115,331.16 3 0
Pulse/internal/repository/auth_repository.go:331.16,333.3 1 0
Pulse/internal/repository/auth_repository.go:334.2,337.18 3 0
Pulse/internal/repository/auth_repository.go:337.18,343.17 3 0
Pulse/internal/repository/auth_repository.go:343.17,345.4 1 0
Pulse/internal/repository/auth_repository.go:346.3,346.34 1 0
Pulse/internal/repository/auth_repository.go:349.2,349.35 1 0
Pulse/internal/repository/auth_repository.go:349.35,351.3 1 0
Pulse/internal/repository/auth_repository.go:353.2,353.20 1 0
Pulse/internal/repository/auth_repository.go:357.89,366.16 4 1
Pulse/internal/repository/auth_repository.go:366.16,368.3 1 0
Pulse/internal/repository/auth_repository.go:370.2,371.16 2 1
Pulse/internal/repository/auth_repository.go:371.16,373.3 1 0
Pulse/internal/repository/auth_repository.go:375.2,375.23 1 1
Pulse/internal/repository/auth_repository.go:375.23,377.3 1 0
Pulse/internal/repository/auth_repository.go:379.2,379.12 1 1
Pulse/internal/repository/auth_repository.go:383.92,392.16 4 1
Pulse/internal/repository/auth_repository.go:392.16,394.3 1 0
Pulse/internal/repository/auth_repository.go:396.2,396.12 1 1
Pulse/internal/repository/auth_repository.go:400.90,405.16 4 1
Pulse/internal/repository/auth_repository.go:405.16,407.3 1 0
Pulse/internal/repository/auth_repository.go:409.2,410.16 2 1
Pulse/internal/repository/auth_repository.go:410.16,412.3 1 0
Pulse/internal/repository/auth_repository.go:414.2,414.26 1 1
Pulse/internal/repository/auth_repository.go:418.102,419.22 1 1
Pulse/internal/repository/auth_repository.go:419.22,421.3 1 0
Pulse/internal/repository/auth_repository.go:423.2,436.16 4 1
Pulse/internal/repository/auth_repository.go:436.16,438.3 1 0
Pulse/internal/repository/auth_repository.go:440.2,440.12 1 1
Pulse/internal/repository/auth_repository.go:444.132,452.16 3 1
Pulse/internal/repository/auth_repository.go:452.16,454.3 1 0
Pulse/internal/repository/auth_repository.go:455.2,458.18 3 1
Pulse/internal/repository/auth_repository.go:458.18,465.17 3 1
Pulse/internal/repository/auth_repository.go:465.17,467.4 1 0
Pulse/internal/repository/auth_repository.go:468.3,468.40 1 1
Pulse/internal/repository/auth_repository.go:471.2,471.35 1 1
Pulse/internal/repository/auth_repository.go:471.35,473.3 1 0
Pulse/internal/repository/auth_repository.go:475.2,475.22 1 1
Pulse/internal/repository/auth_repository.go:479.119,487.16 4 1
Pulse/internal/repository/auth_repository.go:487.16,489.3 1 0
Pulse/internal/repository/auth_repository.go:491.2,491.19 1 1
Pulse/internal/repository/auth_repository.go:495.104,499.16 3 1
Pulse/internal/repository/auth_repository.go:499.16,501.3 1 0
Pulse/internal/repository/auth_repository.go:503.2,504.16 2 1
Pulse/internal/repository/auth_repository.go:504.16,506.3 1 0
Pulse/internal/repository/auth_repository.go:508.2,508.26 1 1
Pulse/internal/repository/datasource_repository.go:31.109,36.2 1 1
Pulse/internal/repository/datasource_repository.go:39.115,45.2 1 0
Pulse/internal/repository/datasource_repository.go:48.97,49.25 1 1
Pulse/internal/repository/datasource_repository.go:49.25,51.3 1 0
Pulse/internal/repository/datasource_repository.go:54.2,54.88 1 1
Pulse/internal/repository/datasource_repository.go:54.88,56.3 1 1
Pulse/internal/repository/datasource_repository.go:59.2,60.16 2 1
Pulse/internal/repository/datasource_repository.go:60.16,62.3 1 0
Pulse/internal/repository/datasource_repository.go:65.2,66.16 2 1
Pulse/internal/repository/datasource_repository.go:66.16,68.3 1 0
Pulse/internal/repository/datasource_repository.go:72.2,87.17 5 1
Pulse/internal/repository/datasource_repository.go:87.17,105.4 1 0
Pulse/internal/repository/datasource_repository.go:105.9,123.4 1 1
Pulse/internal/repository/datasource_repository.go:125.2,125.16 1 1
Pulse/internal/repository/datasource_repository.go:125.16,127.3 1 1
Pulse/internal/repository/datasource_repository.go:129.2,129.12 1 1
Pulse/internal/repository/datasource_repository.go:133.100,154.17 5 1
Pulse/internal/repository/datasource_repository.go:154.17,161.3 1 0
Pulse/internal/repository/datasource_repository.go:161.8,168.3 1 1
Pulse/internal/repository/datasource_repository.go:170.2,170.16 1 1
Pulse/internal/repository/datasource_repository.go:170.16,171.27 1 1
Pulse/internal/repository/datasource_repository.go:171.27,173.4 1 1
Pulse/internal/repository/datasource_repository.go:174.3,174.59 1 0
Pulse/internal/repository/datasource_repository.go:178.2,178.22 1 1
Pulse/internal/repository/datasource_repository.go:178.22,179.71 1 1
Pulse/internal/repository/datasource_repository.go:179.71,181.4 1 0
Pulse/internal/repository/datasource_repository.go:185.2,185.20 1 1
Pulse/internal/repository/datasource_repository.go:185.20,186.67 1 1
Pulse/internal/repository/datasource_repository.go:186.67,188.4 1 0
Pulse/internal/repository/datasource_repository.go:192.2,192.23 1 1
Pulse/internal/repository/datasource_repository.go:192.23,193.81 1 1
Pulse/internal/repository/datasource_repository.go:193.81,195.4 1 0
Pulse/internal/repository/datasource_repository.go:199.2,199.80 1 1
Pulse/internal/repository/datasource_repository.go:199.80,201.3 1 1
Pulse/internal/repository/datasource_repository.go:203.2,203.17 1 1
Pulse/internal/repository/datasource_repository.go:207.97,209.88 1 1
Pulse/internal/repository/datasource_repository.go:209.88,211.3 1 1
Pulse/internal/repository/datasource_repository.go:214.2,215.16 2 1
Pulse/internal/repository/datasource_repository.go:215.16,217.3 1 0
Pulse/internal/repository/datasource_repository.go:220.2,221.16 2 1
Pulse/internal/repository/datasource_repository.go:221.16,223.3 1 0
Pulse/internal/repository/datasource_repository.go:225.2,230.17 4 1
Pulse/internal/repository/datasource_repository.go:230.17,241.3 1 0
Pulse/internal/repository/datasource_repository.go:241.8,252.3 1 1
Pulse/internal/repository/datasource_repository.go:254.2,254.17 1 1
Pulse/internal/repository/datasource_repository.go:254.17,256.3 1 1
Pulse/internal/repository/datasource_repository.go:258.2,258.12 1 1
Pulse/internal/repository/datasource_repository.go:262.77,265.16 3 1
Pulse/internal/repository/datasource_repository.go:265.16,267.3 1 1
Pulse/internal/repository/datasource_repository.go:270.2,271.16 2 1
Pulse/internal/repository/datasource_repository.go:271.16,273.3 1 0
Pulse/internal/repository/datasource_repository.go:275.2,275.23 1 1
Pulse/internal/repository/datasource_repository.go:275.23,277.3 1 1
Pulse/internal/repository/datasource_repository.go:279.2,279.12 1 1
Pulse/internal/repository/datasource_repository.go:283.81,287.16 4 0
Pulse/internal/repository/datasource_repository.go:287.16,289.3 1 0
Pulse/internal/repository/datasource_repository.go:290.2,290.12 1 0
Pulse/internal/repository/datasource_repository.go:294.85,298.17 4 0
Pulse/internal/repository/datasource_repository.go:298.17,300.3 1 0
Pulse/internal/repository/datasource_repository.go:300.8,302.3 1 0
Pulse/internal/repository/datasource_repository.go:303.2,303.20 1 0
Pulse/internal/repository/datasource_repository.go:307.107,315.24 5 1
Pulse/internal/repository/datasource_repository.go:315.24,319.3 3 0
Pulse/internal/repository/datasource_repository.go:321.2,321.26 1 1
Pulse/internal/repository/datasource_repository.go:321.26,325.3 3 0
Pulse/internal/repository/datasource_repository.go:327.2,327.52 1 1
Pulse/internal/repository/datasource_repository.go:327.52,331.3 3 0
Pulse/internal/repository/datasource_repository.go:333.2,333.29 1 1
Pulse/internal/repository/datasource_repository.go:333.29,337.3 3 0
Pulse/internal/repository/datasource_repository.go:339.2,339.32 1 1
Pulse/internal/repository/datasource_repository.go:339.32,343.3 3 0
Pulse/internal/repository/datasource_repository.go:345.2,345.29 1 1
Pulse/internal/repository/datasource_repository.go:345.29,349.3 3 0
Pulse/internal/repository/datasource_repository.go:351.2,351.27 1 1
Pulse/internal/repository/datasource_repository.go:351.27,355.3 3 0
Pulse/internal/repository/datasource_repository.go:358.2,361.17 4 1
Pulse/internal/repository/datasource_repository.go:361.17,363.3 1 0
Pulse/internal/repository/datasource_repository.go:363.8,365.3 1 1
Pulse/internal/repository/datasource_repository.go:366.2,366.16 1 1
Pulse/internal/repository/datasource_repository.go:366.16,368.3 1 0
Pulse/internal/repository/datasource_repository.go:370.2,370.19 1 1
Pulse/internal/repository/datasource_repository.go:374.123,382.24 5 1
Pulse/internal/repository/datasource_repository.go:382.24,386.3 3 0
Pulse/internal/repository/datasource_repository.go:388.2,388.26 1 1
Pulse/internal/repository/datasource_repository.go:388.26,392.3 3 0
Pulse/internal/repository/datasource_repository.go:394.2,394.52 1 1
Pulse/internal/repository/datasource_repository.go:394.52,398.3 3 0
Pulse/internal/repository/datasource_repository.go:400.2,400.29 1 1
Pulse/internal/repository/datasource_repository.go:400.29,404.3 3 0
Pulse/internal/repository/datasource_repository.go:406.2,406.32 1 1
Pulse/internal/repository/datasource_repository.go:406.32,410.3 3 0
Pulse/internal/repository/datasource_repository.go:412.2,412.29 1 1
Pulse/internal/repository/datasource_repository.go:412.29,416.3 3 0
Pulse/internal/repository/datasource_repository.go:418.2,418.27 1 1
Pulse/internal/repository/datasource_repository.go:418.27,422.3 3 0
Pulse/internal/repository/datasource_repository.go:425.2,426.26 2 1
Pulse/internal/repository/datasource_repository.go:426.26,431.38 2 0
Pulse/internal/repository/datasource_repository.go:431.38,433.62 2 0
Pulse/internal/repository/datasource_repository.go:433.62,435.5 1 0
Pulse/internal/repository/datasource_repository.go:435.10,437.5 1 0
Pulse/internal/repository/datasource_repository.go:442.2,443.16 2 1
Pulse/internal/repository/datasource_repository.go:443.16,445.3 1 0
Pulse/internal/repository/datasource_repository.go:448.2,472.17 6 1
Pulse/internal/repository/datasource_repository.go:472.17,474.3 1 0
Pulse/internal/repository/datasource_repository.go:474.8,476.3 1 1
Pulse/internal/repository/datasource_repository.go:477.2,477.16 1 1
Pulse/internal/repository/datasource_repository.go:477.16,479.3 1 0
Pulse/internal/repository/datasource_repository.go:480.2,483.18 3 1
Pulse/internal/repository/datasource_repository.go:483.18,494.17 4 1
Pulse/internal/repository/datasource_repository.go:494.17,496.4 1 0
Pulse/internal/repository/datasource_repository.go:499.3,499.23 1 1
Pulse/internal/repository/datasource_repository.go:499.23,500.72 1 1
Pulse/internal/repository/datasource_repository.go:500.72,502.5 1 0
Pulse/internal/repository/datasource_repository.go:506.3,506.21 1 1
Pulse/internal/repository/datasource_repository.go:506.21,507.68 1 1
Pulse/internal/repository/datasource_repository.go:507.68,509.5 1 0
Pulse/internal/repository/datasource_repository.go:513.3,513.24 1 1
Pulse/internal/repository/datasource_repository.go:513.24,514.82 1 1
Pulse/internal/repository/datasource_repository.go:514.82,516.5 1 0
Pulse/internal/repository/datasource_repository.go:520.3,520.81 1 1
Pulse/internal/repository/datasource_repository.go:520.81,522.4 1 0
Pulse/internal/repository/datasource_repository.go:524.3,524.41 1 1
Pulse/internal/repository/datasource_repository.go:527.2,527.35 1 1
Pulse/internal/repository/datasource_repository.go:527.35,529.3 1 0
Pulse/internal/repository/datasource_repository.go:531.2,537.8 1 1
Pulse/internal/repository/datasource_repository.go:541.104,561.17 5 0
Pulse/internal/repository/datasource_repository.go:561.17,568.3 1 0
Pulse/internal/repository/datasource_repository.go:568.8,575.3 1 0
Pulse/internal/repository/datasource_repository.go:577.2,577.16 1 0
Pulse/internal/repository/datasource_repository.go:577.16,578.27 1 0
Pulse/internal/repository/datasource_repository.go:578.27,580.4 1 0
Pulse/internal/repository/datasource_repository.go:581.3,581.59 1 0
Pulse/internal/repository/datasource_repository.go:585.2,585.22 1 0
Pulse/internal/repository/datasource_repository.go:585.22,586.71 1 0
Pulse/internal/repository/datasource_repository.go:586.71,588.4 1 0
Pulse/internal/repository/datasource_repository.go:592.2,592.20 1 0
Pulse/internal/repository/datasource_repository.go:592.20,593.67 1 0
Pulse/internal/repository/datasource_repository.go:593.67,595.4 1 0
Pulse/internal/repository/datasource_repository.go:599.2,599.80 1 0
Pulse/internal/repository/datasource_repository.go:599.80,601.3 1 0
Pulse/internal/repository/datasource_repository.go:603.2,603.17 1 0
Pulse/internal/repository/datasource_repository.go:607.123,619.16 4 0
Pulse/internal/repository/datasource_repository.go:619.16,621.3 1 0
Pulse/internal/repository/datasource_repository.go:624.2,624.33 1 0
Pulse/internal/repository/datasource_repository.go:624.33,625.81 1 0
Pulse/internal/repository/datasource_repository.go:625.81,627.4 1 0
Pulse/internal/repository/datasource_repository.go:630.2,630.25 1 0
Pulse/internal/repository/datasource_repository.go:634.79,639.2 3 0
Pulse/internal/repository/datasource_repository.go:642.81,647.2 3 0
Pulse/internal/repository/datasource_repository.go:650.115,654.16 4 0
Pulse/internal/repository/datasource_repository.go:654.16,656.3 1 0
Pulse/internal/repository/datasource_repository.go:657.2,657.12 1 0
Pulse/internal/repository/datasource_repository.go:663.113,668.2 3 0
Pulse/internal/repository/datasource_repository.go:671.122,673.15 2 0
Pulse/internal/repository/datasource_repository.go:673.15,675.3 1 0
Pulse/internal/repository/datasource_repository.go:675.8,677.3 1 0
Pulse/internal/repository/datasource_repository.go:679.2,680.20 2 0
Pulse/internal/repository/datasource_repository.go:680.20,682.3 1 0
Pulse/internal/repository/datasource_repository.go:684.2,692.16 4 0
Pulse/internal/repository/datasource_repository.go:692.16,694.3 1 0
Pulse/internal/repository/datasource_repository.go:696.2,696.12 1 0
Pulse/internal/repository/datasource_repository.go:700.137,710.32 4 0
Pulse/internal/repository/datasource_repository.go:710.32,714.17 3 0
Pulse/internal/repository/datasource_repository.go:714.17,719.4 4 0
Pulse/internal/repository/datasource_repository.go:720.3,720.22 1 0
Pulse/internal/repository/datasource_repository.go:724.2,725.27 2 0
Pulse/internal/repository/datasource_repository.go:725.27,727.3 1 0
Pulse/internal/repository/datasource_repository.go:728.2,732.25 3 0
Pulse/internal/repository/datasource_repository.go:733.34,735.17 2 0
Pulse/internal/repository/datasource_repository.go:735.17,739.4 3 0
Pulse/internal/repository/datasource_repository.go:740.39,742.17 2 0
Pulse/internal/repository/datasource_repository.go:742.17,746.4 3 0
Pulse/internal/repository/datasource_repository.go:747.34,749.17 2 0
Pulse/internal/repository/datasource_repository.go:749.17,753.4 3 0
Pulse/internal/repository/datasource_repository.go:754.39,756.17 2 0
Pulse/internal/repository/datasource_repository.go:756.17,760.4 3 0
Pulse/internal/repository/datasource_repository.go:761.37,763.17 2 0
Pulse/internal/repository/datasource_repository.go:763.17,767.4 3 0
Pulse/internal/repository/datasource_repository.go:768.36,770.17 2 0
Pulse/internal/repository/datasource_repository.go:770.17,774.4 3 0
Pulse/internal/repository/datasource_repository.go:775.10,777.17 2 0
Pulse/internal/repository/datasource_repository.go:777.17,781.4 3 0
Pulse/internal/repository/datasource_repository.go:784.2,785.25 2 0
Pulse/internal/repository/datasource_repository.go:785.25,788.3 2 0
Pulse/internal/repository/datasource_repository.go:790.2,790.20 1 0
Pulse/internal/repository/datasource_repository.go:794.149,797.54 2 0
Pulse/internal/repository/datasource_repository.go:797.54,799.17 2 0
Pulse/internal/repository/datasource_repository.go:799.17,801.4 1 0
Pulse/internal/repository/datasource_repository.go:802.3,803.19 2 0
Pulse/internal/repository/datasource_repository.go:806.2,807.16 2 0
Pulse/internal/repository/datasource_repository.go:807.16,809.3 1 0
Pulse/internal/repository/datasource_repository.go:810.2,812.44 2 0
Pulse/internal/repository/datasource_repository.go:812.44,814.3 1 0
Pulse/internal/repository/datasource_repository.go:817.2,819.16 3 0
Pulse/internal/repository/datasource_repository.go:819.16,822.3 2 0
Pulse/internal/repository/datasource_repository.go:824.2,824.12 1 0
Pulse/internal/repository/datasource_repository.go:828.154,831.54 2 0
Pulse/internal/repository/datasource_repository.go:831.54,833.17 2 0
Pulse/internal/repository/datasource_repository.go:833.17,835.4 1 0
Pulse/internal/repository/datasource_repository.go:836.3,837.19 2 0
Pulse/internal/repository/datasource_repository.go:840.2,841.16 2 0
Pulse/internal/repository/datasource_repository.go:841.16,843.3 1 0
Pulse/internal/repository/datasource_repository.go:844.2,846.44 2 0
Pulse/internal/repository/datasource_repository.go:846.44,848.3 1 0
Pulse/internal/repository/datasource_repository.go:851.2,853.16 3 0
Pulse/internal/repository/datasource_repository.go:853.16,856.3 2 0
Pulse/internal/repository/datasource_repository.go:858.2,858.12 1 0
Pulse/internal/repository/datasource_repository.go:862.149,865.16 2 0
Pulse/internal/repository/datasource_repository.go:865.16,867.3 1 0
Pulse/internal/repository/datasource_repository.go:869.2,873.19 2 0
Pulse/internal/repository/datasource_repository.go:873.19,875.44 2 0
Pulse/internal/repository/datasource_repository.go:875.44,877.4 1 0
Pulse/internal/repository/datasource_repository.go:880.2,880.28 1 0
Pulse/internal/repository/datasource_repository.go:880.28,882.3 1 0
Pulse/internal/repository/datasource_repository.go:885.2,885.35 1 0
Pulse/internal/repository/datasource_repository.go:885.35,887.49 2 0
Pulse/internal/repository/datasource_repository.go:887.49,889.4 1 0
Pulse/internal/repository/datasource_repository.go:892.2,897.16 4 0
Pulse/internal/repository/datasource_repository.go:897.16,899.3 1 0
Pulse/internal/repository/datasource_repository.go:901.2,905.16 3 0
Pulse/internal/repository/datasource_repository.go:905.16,907.30 2 0
Pulse/internal/repository/datasource_repository.go:907.30,908.49 1 0
Pulse/internal/repository/datasource_repository.go:908.49,913.10 5 0
Pulse/internal/repository/datasource_repository.go:918.2,918.12 1 0
Pulse/internal/repository/datasource_repository.go:922.154,931.16 4 0
Pulse/internal/repository/datasource_repository.go:931.16,933.3 1 0
Pulse/internal/repository/datasource_repository.go:936.2,936.25 1 0
Pulse/internal/repository/datasource_repository.go:936.25,938.3 1 0
Pulse/internal/repository/datasource_repository.go:938.8,938.61 1 0
Pulse/internal/repository/datasource_repository.go:938.61,940.3 1 0
Pulse/internal/repository/datasource_repository.go:943.2,943.41 1 0
Pulse/internal/repository/datasource_repository.go:943.41,945.3 1 0
Pulse/internal/repository/datasource_repository.go:947.2,948.16 2 0
Pulse/internal/repository/datasource_repository.go:948.16,950.3 1 0
Pulse/internal/repository/datasource_repository.go:951.2,953.38 2 0
Pulse/internal/repository/datasource_repository.go:953.38,955.3 1 0
Pulse/internal/repository/datasource_repository.go:957.2,958.12 2 0
Pulse/internal/repository/datasource_repository.go:962.152,971.16 4 0
Pulse/internal/repository/datasource_repository.go:971.16,973.3 1 0
Pulse/internal/repository/datasource_repository.go:976.2,976.25 1 0
Pulse/internal/repository/datasource_repository.go:976.25,978.3 1 0
Pulse/internal/repository/datasource_repository.go:978.8,978.61 1 0
Pulse/internal/repository/datasource_repository.go:978.61,980.3 1 0
Pulse/internal/repository/datasource_repository.go:982.2,983.16 2 0
Pulse/internal/repository/datasource_repository.go:983.16,985.3 1 0
Pulse/internal/repository/datasource_repository.go:986.2,988.38 2 0
Pulse/internal/repository/datasource_repository.go:988.38,990.3 1 0
Pulse/internal/repository/datasource_repository.go:992.2,993.12 2 0
Pulse/internal/repository/datasource_repository.go:997.157,1006.16 4 0
Pulse/internal/repository/datasource_repository.go:1006.16,1008.3 1 0
Pulse/internal/repository/datasource_repository.go:1011.2,1011.54 1 0
Pulse/internal/repository/datasource_repository.go:1011.54,1013.3 1 0
Pulse/internal/repository/datasource_repository.go:1015.2,1016.16 2 0
Pulse/internal/repository/datasource_repository.go:1016.16,1018.3 1 0
Pulse/internal/repository/datasource_repository.go:1019.2,1021.38 2 0
Pulse/internal/repository/datasource_repository.go:1021.38,1023.3 1 0
Pulse/internal/repository/datasource_repository.go:1025.2,1026.12 2 0
Pulse/internal/repository/datasource_repository.go:1030.148,1036.16 3 0
Pulse/internal/repository/datasource_repository.go:1036.16,1038.3 1 0
Pulse/internal/repository/datasource_repository.go:1041.2,1041.25 1 0
Pulse/internal/repository/datasource_repository.go:1041.25,1043.3 1 0
Pulse/internal/repository/datasource_repository.go:1043.8,1043.61 1 0
Pulse/internal/repository/datasource_repository.go:1043.61,1045.3 1 0
Pulse/internal/repository/datasource_repository.go:1048.2,1048.41 1 0
Pulse/internal/repository/datasource_repository.go:1048.41,1050.3 1 0
Pulse/internal/repository/datasource_repository.go:1052.2,1053.16 2 0
Pulse/internal/repository/datasource_repository.go:1053.16,1055.3 1 0
Pulse/internal/repository/datasource_repository.go:1056.2,1059.12 3 0
Pulse/internal/repository/datasource_repository.go:1065.140,1080.2 3 0
Pulse/internal/repository/datasource_repository.go:1083.128,1094.19 6 0
Pulse/internal/repository/datasource_repository.go:1094.19,1095.25 1 0
Pulse/internal/repository/datasource_repository.go:1095.25,1099.4 3 0
Pulse/internal/repository/datasource_repository.go:1101.3,1101.27 1 0
Pulse/internal/repository/datasource_repository.go:1101.27,1105.4 3 0
Pulse/internal/repository/datasource_repository.go:1107.3,1107.33 1 0
Pulse/internal/repository/datasource_repository.go:1107.33,1111.4 3 0
Pulse/internal/repository/datasource_repository.go:1113.3,1113.30 1 0
Pulse/internal/repository/datasource_repository.go:1113.30,1117.4 3 0
Pulse/internal/repository/datasource_repository.go:1119.3,1119.30 1 0
Pulse/internal/repository/datasource_repository.go:1119.30,1123.4 3 0
Pulse/internal/repository/datasource_repository.go:1125.3,1125.28 1 0
Pulse/internal/repository/datasource_repository.go:1125.28,1129.4 3 0
Pulse/internal/repository/datasource_repository.go:1132.2,1137.17 4 0
Pulse/internal/repository/datasource_repository.go:1137.17,1139.3 1 0
Pulse/internal/repository/datasource_repository.go:1139.8,1141.3 1 0
Pulse/internal/repository/datasource_repository.go:1142.2,1142.16 1 0
Pulse/internal/repository/datasource_repository.go:1142.16,1144.3 1 0
Pulse/internal/repository/datasource_repository.go:1147.2,1149.17 3 0
Pulse/internal/repository/datasource_repository.go:1149.17,1151.3 1 0
Pulse/internal/repository/datasource_repository.go:1151.8,1153.3 1 0
Pulse/internal/repository/datasource_repository.go:1154.2,1154.16 1 0
Pulse/internal/repository/datasource_repository.go:1154.16,1156.3 1 0
Pulse/internal/repository/datasource_repository.go:1159.2,1161.17 3 0
Pulse/internal/repository/datasource_repository.go:1161.17,1163.3 1 0
Pulse/internal/repository/datasource_repository.go:1163.8,1165.3 1 0
Pulse/internal/repository/datasource_repository.go:1166.2,1166.16 1 0
Pulse/internal/repository/datasource_repository.go:1166.16,1168.3 1 0
Pulse/internal/repository/datasource_repository.go:1171.2,1179.19 6 0
Pulse/internal/repository/datasource_repository.go:1183.119,1186.16 2 0
Pulse/internal/repository/datasource_repository.go:1186.16,1188.3 1 0
Pulse/internal/repository/datasource_repository.go:1190.2,1193.16 4 0
Pulse/internal/repository/datasource_repository.go:1193.16,1195.3 1 0
Pulse/internal/repository/datasource_repository.go:1196.2,1196.12 1 0
Pulse/internal/repository/datasource_repository.go:1200.123,1201.19 1 0
Pulse/internal/repository/datasource_repository.go:1201.19,1203.3 1 0
Pulse/internal/repository/datasource_repository.go:1205.2,1208.16 4 0
Pulse/internal/repository/datasource_repository.go:1208.16,1210.3 1 0
Pulse/internal/repository/datasource_repository.go:1211.2,1211.12 1 0
Pulse/internal/repository/datasource_repository.go:1215.85,1216.19 1 0
Pulse/internal/repository/datasource_repository.go:1216.19,1218.3 1 0
Pulse/internal/repository/datasource_repository.go:1220.2,1222.16 3 0
Pulse/internal/repository/datasource_repository.go:1222.16,1224.3 1 0
Pulse/internal/repository/datasource_repository.go:1225.2,1225.12 1 0
Pulse/internal/repository/datasource_repository.go:1229.83,1239.2 4 0
Pulse/internal/repository/datasource_repository.go:1242.84,1252.2 4 0
Pulse/internal/repository/datasource_repository.go:1255.86,1265.2 4 0
Pulse/internal/repository/datasource_repository.go:1268.110,1280.2 3 0
Pulse/internal/repository/datasource_repository.go:1283.105,1284.27 1 0
Pulse/internal/repository/datasource_repository.go:1284.27,1286.3 1 0
Pulse/internal/repository/datasource_repository.go:1288.2,1299.17 3 0
Pulse/internal/repository/datasource_repository.go:1299.17,1301.3 1 0
Pulse/internal/repository/datasource_repository.go:1301.8,1303.3 1 0
Pulse/internal/repository/datasource_repository.go:1304.2,1304.12 1 0
Pulse/internal/repository/datasource_repository.go:1308.105,1309.27 1 0
Pulse/internal/repository/datasource_repository.go:1309.27,1311.3 1 0
Pulse/internal/repository/datasource_repository.go:1313.2,1321.17 3 0
Pulse/internal/repository/datasource_repository.go:1321.17,1323.3 1 0
Pulse/internal/repository/datasource_repository.go:1323.8,1325.3 1 0
Pulse/internal/repository/datasource_repository.go:1326.2,1326.12 1 0
Pulse/internal/repository/datasource_repository.go:1330.90,1331.19 1 0
Pulse/internal/repository/datasource_repository.go:1331.19,1333.3 1 0
Pulse/internal/repository/datasource_repository.go:1336.2,1338.25 3 0
Pulse/internal/repository/datasource_repository.go:1338.25,1341.3 2 0
Pulse/internal/repository/datasource_repository.go:1343.2,1346.17 3 0
Pulse/internal/repository/datasource_repository.go:1346.17,1348.3 1 0
Pulse/internal/repository/datasource_repository.go:1348.8,1350.3 1 0
Pulse/internal/repository/datasource_repository.go:1352.2,1352.16 1 0
Pulse/internal/repository/datasource_repository.go:1352.16,1354.3 1 0
Pulse/internal/repository/datasource_repository.go:1356.2,1356.12 1 0
Pulse/internal/repository/knowledge_repository.go:23.62,27.2 1 1
Pulse/internal/repository/knowledge_repository.go:30.68,34.2 1 0
Pulse/internal/repository/knowledge_repository.go:37.61,38.17 1 1
Pulse/internal/repository/knowledge_repository.go:38.17,40.3 1 0
Pulse/internal/repository/knowledge_repository.go:41.2,41.13 1 1
Pulse/internal/repository/knowledge_repository.go:45.92,46.22 1 1
Pulse/internal/repository/knowledge_repository.go:46.22,48.3 1 0
Pulse/internal/repository/knowledge_repository.go:50.2,55.26 5 1
Pulse/internal/repository/knowledge_repository.go:55.26,57.3 1 1
Pulse/internal/repository/knowledge_repository.go:60.2,61.16 2 1
Pulse/internal/repository/knowledge_repository.go:61.16,63.3 1 0
Pulse/internal/repository/knowledge_repository.go:65.2,66.16 2 1
Pulse/internal/repository/knowledge_repository.go:66.16,68.3 1 0
Pulse/internal/repository/knowledge_repository.go:70.2,86.16 3 1
Pulse/internal/repository/knowledge_repository.go:86.16,88.3 1 1
Pulse/internal/repository/knowledge_repository.go:90.2,90.12 1 1
Pulse/internal/repository/knowledge_repository.go:94.79,99.16 4 0
Pulse/internal/repository/knowledge_repository.go:99.16,100.27 1 0
Pulse/internal/repository/knowledge_repository.go:100.27,102.4 1 0
Pulse/internal/repository/knowledge_repository.go:103.3,103.60 1 0
Pulse/internal/repository/knowledge_repository.go:107.2,107.53 1 0
Pulse/internal/repository/knowledge_repository.go:107.53,109.3 1 0
Pulse/internal/repository/knowledge_repository.go:112.2,118.16 3 0
Pulse/internal/repository/knowledge_repository.go:118.16,120.3 1 0
Pulse/internal/repository/knowledge_repository.go:122.2,122.12 1 0
Pulse/internal/repository/knowledge_repository.go:126.105,144.16 5 1
Pulse/internal/repository/knowledge_repository.go:144.16,145.27 1 1
Pulse/internal/repository/knowledge_repository.go:145.27,147.4 1 1
Pulse/internal/repository/knowledge_repository.go:148.3,148.65 1 0
Pulse/internal/repository/knowledge_repository.go:152.2,152.20 1 1
Pulse/internal/repository/knowledge_repository.go:152.20,154.17 2 1
Pulse/internal/repository/knowledge_repository.go:154.17,156.4 1 0
Pulse/internal/repository/knowledge_repository.go:160.2,160.24 1 1
Pulse/internal/repository/knowledge_repository.go:160.24,162.17 2 1
Pulse/internal/repository/knowledge_repository.go:162.17,164.4 1 0
Pulse/internal/repository/knowledge_repository.go:167.2,167.22 1 1
Pulse/internal/repository/knowledge_repository.go:171.109,189.16 5 0
Pulse/internal/repository/knowledge_repository.go:189.16,190.27 1 0
Pulse/internal/repository/knowledge_repository.go:190.27,192.4 1 0
Pulse/internal/repository/knowledge_repository.go:193.3,193.65 1 0
Pulse/internal/repository/knowledge_repository.go:197.2,197.20 1 0
Pulse/internal/repository/knowledge_repository.go:197.20,199.17 2 0
Pulse/internal/repository/knowledge_repository.go:199.17,201.4 1 0
Pulse/internal/repository/knowledge_repository.go:204.2,204.24 1 0
Pulse/internal/repository/knowledge_repository.go:204.24,206.17 2 0
Pulse/internal/repository/knowledge_repository.go:206.17,208.4 1 0
Pulse/internal/repository/knowledge_repository.go:211.2,211.22 1 0
Pulse/internal/repository/knowledge_repository.go:215.92,218.27 2 1
Pulse/internal/repository/knowledge_repository.go:218.27,220.3 1 1
Pulse/internal/repository/knowledge_repository.go:220.8,223.28 2 0
Pulse/internal/repository/knowledge_repository.go:223.28,225.4 1 0
Pulse/internal/repository/knowledge_repository.go:226.3,226.28 1 0
Pulse/internal/repository/knowledge_repository.go:230.2,231.16 2 1
Pulse/internal/repository/knowledge_repository.go:231.16,233.3 1 0
Pulse/internal/repository/knowledge_repository.go:235.2,236.16 2 1
Pulse/internal/repository/knowledge_repository.go:236.16,238.3 1 0
Pulse/internal/repository/knowledge_repository.go:240.2,278.16 3 1
Pulse/internal/repository/knowledge_repository.go:278.16,280.3 1 0
Pulse/internal/repository/knowledge_repository.go:283.2,284.16 2 1
Pulse/internal/repository/knowledge_repository.go:284.16,286.3 1 0
Pulse/internal/repository/knowledge_repository.go:288.2,288.23 1 1
Pulse/internal/repository/knowledge_repository.go:288.23,290.3 1 1
Pulse/internal/repository/knowledge_repository.go:292.2,292.12 1 1
Pulse/internal/repository/knowledge_repository.go:296.76,299.16 3 1
Pulse/internal/repository/knowledge_repository.go:299.16,301.3 1 0
Pulse/internal/repository/knowledge_repository.go:302.2,302.12 1 1
Pulse/internal/repository/knowledge_repository.go:306.80,315.16 4 1
Pulse/internal/repository/knowledge_repository.go:315.16,317.3 1 0
Pulse/internal/repository/knowledge_repository.go:318.2,318.12 1 1
Pulse/internal/repository/knowledge_repository.go:322.120,329.19 5 1
Pulse/internal/repository/knowledge_repository.go:329.19,330.27 1 1
Pulse/internal/repository/knowledge_repository.go:330.27,334.4 3 0
Pulse/internal/repository/knowledge_repository.go:336.3,336.31 1 1
Pulse/internal/repository/knowledge_repository.go:336.31,340.4 3 0
Pulse/internal/repository/knowledge_repository.go:342.3,342.25 1 1
Pulse/internal/repository/knowledge_repository.go:342.25,346.4 3 0
Pulse/internal/repository/knowledge_repository.go:348.3,348.29 1 1
Pulse/internal/repository/knowledge_repository.go:348.29,352.4 3 0
Pulse/internal/repository/knowledge_repository.go:354.3,354.29 1 1
Pulse/internal/repository/knowledge_repository.go:354.29,358.4 3 0
Pulse/internal/repository/knowledge_repository.go:360.3,360.31 1 1
Pulse/internal/repository/knowledge_repository.go:360.31,364.4 3 0
Pulse/internal/repository/knowledge_repository.go:366.3,366.31 1 1
Pulse/internal/repository/knowledge_repository.go:366.31,370.4 3 0
Pulse/internal/repository/knowledge_repository.go:372.3,372.53 1 1
Pulse/internal/repository/knowledge_repository.go:372.53,376.4 3 0
Pulse/internal/repository/knowledge_repository.go:378.3,378.49 1 1
Pulse/internal/repository/knowledge_repository.go:378.49,380.36 2 0
Pulse/internal/repository/knowledge_repository.go:380.36,384.5 3 0
Pulse/internal/repository/knowledge_repository.go:385.4,385.80 1 0
Pulse/internal/repository/knowledge_repository.go:389.2,390.25 2 1
Pulse/internal/repository/knowledge_repository.go:390.25,392.3 1 1
Pulse/internal/repository/knowledge_repository.go:395.2,398.16 4 1
Pulse/internal/repository/knowledge_repository.go:398.16,400.3 1 0
Pulse/internal/repository/knowledge_repository.go:403.2,404.43 2 1
Pulse/internal/repository/knowledge_repository.go:404.43,405.25 1 0
Pulse/internal/repository/knowledge_repository.go:406.16,407.34 1 0
Pulse/internal/repository/knowledge_repository.go:408.21,409.40 1 0
Pulse/internal/repository/knowledge_repository.go:410.21,411.40 1 0
Pulse/internal/repository/knowledge_repository.go:412.21,413.40 1 0
Pulse/internal/repository/knowledge_repository.go:417.2,424.61 2 1
Pulse/internal/repository/knowledge_repository.go:424.61,428.3 3 1
Pulse/internal/repository/knowledge_repository.go:430.2,431.16 2 1
Pulse/internal/repository/knowledge_repository.go:431.16,433.3 1 0
Pulse/internal/repository/knowledge_repository.go:434.2,437.18 3 1
Pulse/internal/repository/knowledge_repository.go:437.18,447.17 4 1
Pulse/internal/repository/knowledge_repository.go:447.17,449.4 1 0
Pulse/internal/repository/knowledge_repository.go:452.3,452.21 1 1
Pulse/internal/repository/knowledge_repository.go:452.21,454.18 2 1
Pulse/internal/repository/knowledge_repository.go:454.18,456.5 1 0
Pulse/internal/repository/knowledge_repository.go:459.3,459.25 1 1
Pulse/internal/repository/knowledge_repository.go:459.25,461.18 2 1
Pulse/internal/repository/knowledge_repository.go:461.18,463.5 1 0
Pulse/internal/repository/knowledge_repository.go:466.3,466.40 1 1
Pulse/internal/repository/knowledge_repository.go:469.2,469.34 1 1
Pulse/internal/repository/knowledge_repository.go:469.34,471.3 1 0
Pulse/internal/repository/knowledge_repository.go:474.2,475.42 2 1
Pulse/internal/repository/knowledge_repository.go:475.42,477.3 1 1
Pulse/internal/repository/knowledge_repository.go:479.2,483.8 1 1
Pulse/internal/repository/knowledge_repository.go:487.105,494.19 5 1
Pulse/internal/repository/knowledge_repository.go:494.19,495.27 1 1
Pulse/internal/repository/knowledge_repository.go:495.27,499.4 3 0
Pulse/internal/repository/knowledge_repository.go:501.3,501.31 1 1
Pulse/internal/repository/knowledge_repository.go:501.31,505.4 3 0
Pulse/internal/repository/knowledge_repository.go:507.3,507.31 1 1
Pulse/internal/repository/knowledge_repository.go:507.31,511.4 3 0
Pulse/internal/repository/knowledge_repository.go:514.2,515.25 2 1
Pulse/internal/repository/knowledge_repository.go:515.25,517.3 1 1
Pulse/internal/repository/knowledge_repository.go:519.2,522.16 4 1
Pulse/internal/repository/knowledge_repository.go:522.16,524.3 1 0
Pulse/internal/repository/knowledge_repository.go:526.2,526.19 1 1
Pulse/internal/repository/knowledge_repository.go:530.84,534.16 4 1
Pulse/internal/repository/knowledge_repository.go:534.16,536.3 1 0
Pulse/internal/repository/knowledge_repository.go:537.2,537.20 1 1
Pulse/internal/repository/knowledge_repository.go:541.92,545.16 4 0
Pulse/internal/repository/knowledge_repository.go:545.16,547.3 1 0
Pulse/internal/repository/knowledge_repository.go:548.2,548.23 1 0
Pulse/internal/repository/knowledge_repository.go:552.113,560.47 3 1
Pulse/internal/repository/knowledge_repository.go:560.47,569.17 3 1
Pulse/internal/repository/knowledge_repository.go:569.17,571.4 1 0
Pulse/internal/repository/knowledge_repository.go:572.8,574.17 2 1
Pulse/internal/repository/knowledge_repository.go:574.17,576.4 1 0
Pulse/internal/repository/knowledge_repository.go:579.2,579.12 1 1
Pulse/internal/repository/knowledge_repository.go:583.106,598.16 4 1
Pulse/internal/repository/knowledge_repository.go:598.16,600.3 1 0
Pulse/internal/repository/knowledge_repository.go:602.2,603.16 2 1
Pulse/internal/repository/knowledge_repository.go:603.16,605.3 1 0
Pulse/internal/repository/knowledge_repository.go:607.2,607.23 1 1
Pulse/internal/repository/knowledge_repository.go:607.23,609.3 1 0
Pulse/internal/repository/knowledge_repository.go:611.2,611.12 1 1
Pulse/internal/repository/knowledge_repository.go:615.105,629.16 4 1
Pulse/internal/repository/knowledge_repository.go:629.16,631.3 1 0
Pulse/internal/repository/knowledge_repository.go:633.2,634.16 2 1
Pulse/internal/repository/knowledge_repository.go:634.16,636.3 1 0
Pulse/internal/repository/knowledge_repository.go:638.2,638.23 1 1
Pulse/internal/repository/knowledge_repository.go:638.23,640.3 1 0
Pulse/internal/repository/knowledge_repository.go:642.2,642.12 1 1
Pulse/internal/repository/knowledge_repository.go:646.90,656.16 4 1
Pulse/internal/repository/knowledge_repository.go:656.16,658.3 1 0
Pulse/internal/repository/knowledge_repository.go:660.2,660.12 1 1
Pulse/internal/repository/knowledge_repository.go:664.79,666.2 1 0
Pulse/internal/repository/knowledge_repository.go:669.77,671.2 1 1
Pulse/internal/repository/knowledge_repository.go:674.88,682.16 3 1
Pulse/internal/repository/knowledge_repository.go:682.16,684.3 1 0
Pulse/internal/repository/knowledge_repository.go:685.2,685.12 1 1
Pulse/internal/repository/knowledge_repository.go:689.88,697.16 3 1
Pulse/internal/repository/knowledge_repository.go:697.16,699.3 1 0
Pulse/internal/repository/knowledge_repository.go:700.2,700.12 1 1
Pulse/internal/repository/knowledge_repository.go:704.88,712.16 3 0
Pulse/internal/repository/knowledge_repository.go:712.16,714.3 1 0
Pulse/internal/repository/knowledge_repository.go:715.2,715.12 1 0
Pulse/internal/repository/knowledge_repository.go:719.91,727.16 3 0
Pulse/internal/repository/knowledge_repository.go:727.16,729.3 1 0
Pulse/internal/repository/knowledge_repository.go:730.2,730.12 1 0
Pulse/internal/repository/knowledge_repository.go:734.89,742.16 3 0
Pulse/internal/repository/knowledge_repository.go:742.16,744.3 1 0
Pulse/internal/repository/knowledge_repository.go:745.2,745.12 1 0
Pulse/internal/repository/knowledge_repository.go:749.92,757.16 3 0
Pulse/internal/repository/knowledge_repository.go:757.16,759.3 1 0
Pulse/internal/repository/knowledge_repository.go:760.2,760.12 1 0
Pulse/internal/repository/knowledge_repository.go:764.98,772.16 3 0
Pulse/internal/repository/knowledge_repository.go:772.16,774.3 1 0
Pulse/internal/repository/knowledge_repository.go:775.2,775.12 1 0
Pulse/internal/repository/knowledge_repository.go:779.106,780.22 1 1
Pulse/internal/repository/knowledge_repository.go:780.22,782.3 1 1
Pulse/internal/repository/knowledge_repository.go:784.2,798.16 4 1
Pulse/internal/repository/knowledge_repository.go:798.16,800.3 1 0
Pulse/internal/repository/knowledge_repository.go:802.2,802.12 1 1
Pulse/internal/repository/knowledge_repository.go:806.118,814.16 3 1
Pulse/internal/repository/knowledge_repository.go:814.16,816.3 1 0
Pulse/internal/repository/knowledge_repository.go:817.2,820.18 3 1
Pulse/internal/repository/knowledge_repository.go:820.18,826.17 3 1
Pulse/internal/repository/knowledge_repository.go:826.17,828.4 1 0
Pulse/internal/repository/knowledge_repository.go:829.3,829.40 1 1
Pulse/internal/repository/knowledge_repository.go:832.2,832.34 1 1
Pulse/internal/repository/knowledge_repository.go:832.34,834.3 1 0
Pulse/internal/repository/knowledge_repository.go:836.2,836.22 1 1
Pulse/internal/repository/knowledge_repository.go:840.129,853.16 4 0
Pulse/internal/repository/knowledge_repository.go:853.16,854.27 1 0
Pulse/internal/repository/knowledge_repository.go:854.27,856.4 1 0
Pulse/internal/repository/knowledge_repository.go:857.3,857.62 1 0
Pulse/internal/repository/knowledge_repository.go:860.2,860.22 1 0
Pulse/internal/repository/knowledge_repository.go:864.102,867.16 2 0
Pulse/internal/repository/knowledge_repository.go:867.16,869.3 1 0
Pulse/internal/repository/knowledge_repository.go:872.2,884.16 3 0
Pulse/internal/repository/knowledge_repository.go:884.16,886.3 1 0
Pulse/internal/repository/knowledge_repository.go:888.2,888.12 1 0
Pulse/internal/repository/knowledge_repository.go:892.109,893.23 1 1
Pulse/internal/repository/knowledge_repository.go:893.23,895.3 1 1
Pulse/internal/repository/knowledge_repository.go:897.2,913.16 6 1
Pulse/internal/repository/knowledge_repository.go:913.16,915.3 1 0
Pulse/internal/repository/knowledge_repository.go:917.2,917.12 1 1
Pulse/internal/repository/knowledge_repository.go:921.103,929.16 3 1
Pulse/internal/repository/knowledge_repository.go:929.16,931.3 1 0
Pulse/internal/repository/knowledge_repository.go:932.2,935.18 3 1
Pulse/internal/repository/knowledge_repository.go:935.18,941.17 3 1
Pulse/internal/repository/knowledge_repository.go:941.17,943.4 1 0
Pulse/internal/repository/knowledge_repository.go:944.3,944.45 1 1
Pulse/internal/repository/knowledge_repository.go:947.2,947.34 1 1
Pulse/internal/repository/knowledge_repository.go:947.34,949.3 1 0
Pulse/internal/repository/knowledge_repository.go:951.2,951.24 1 1
Pulse/internal/repository/knowledge_repository.go:955.109,973.16 4 0
Pulse/internal/repository/knowledge_repository.go:973.16,975.3 1 0
Pulse/internal/repository/knowledge_repository.go:977.2,977.12 1 0
Pulse/internal/repository/knowledge_repository.go:981.84,990.16 4 0
Pulse/internal/repository/knowledge_repository.go:990.16,992.3 1 0
Pulse/internal/repository/knowledge_repository.go:993.2,993.12 1 0
Pulse/internal/repository/knowledge_repository.go:999.90,1008.16 3 0
Pulse/internal/repository/knowledge_repository.go:1008.16,1010.3 1 0
Pulse/internal/repository/knowledge_repository.go:1011.2,1014.18 3 0
Pulse/internal/repository/knowledge_repository.go:1014.18,1018.17 4 0
Pulse/internal/repository/knowledge_repository.go:1018.17,1020.4 1 0
Pulse/internal/repository/knowledge_repository.go:1021.3,1021.21 1 0
Pulse/internal/repository/knowledge_repository.go:1024.2,1024.34 1 0
Pulse/internal/repository/knowledge_repository.go:1024.34,1026.3 1 0
Pulse/internal/repository/knowledge_repository.go:1028.2,1028.19 1 0
Pulse/internal/repository/knowledge_repository.go:1032.103,1046.16 3 0
Pulse/internal/repository/knowledge_repository.go:1046.16,1048.3 1 0
Pulse/internal/repository/knowledge_repository.go:1049.2,1052.18 3 0
Pulse/internal/repository/knowledge_repository.go:1052.18,1068.17 7 0
Pulse/internal/repository/knowledge_repository.go:1068.17,1070.4 1 0
Pulse/internal/repository/knowledge_repository.go:1073.3,1082.19 2 0
Pulse/internal/repository/knowledge_repository.go:1082.19,1084.4 1 0
Pulse/internal/repository/knowledge_repository.go:1085.3,1085.25 1 0
Pulse/internal/repository/knowledge_repository.go:1085.25,1087.4 1 0
Pulse/internal/repository/knowledge_repository.go:1088.3,1088.17 1 0
Pulse/internal/repository/knowledge_repository.go:1088.17,1090.4 1 0
Pulse/internal/repository/knowledge_repository.go:1093.3,1093.21 1 0
Pulse/internal/repository/knowledge_repository.go:1093.21,1095.4 1 0
Pulse/internal/repository/knowledge_repository.go:1096.3,1096.25 1 0
Pulse/internal/repository/knowledge_repository.go:1096.25,1098.4 1 0
Pulse/internal/repository/knowledge_repository.go:1099.3,1099.29 1 0
Pulse/internal/repository/knowledge_repository.go:1099.29,1101.4 1 0
Pulse/internal/repository/knowledge_repository.go:1102.3,1102.25 1 0
Pulse/internal/repository/knowledge_repository.go:1102.25,1104.4 1 0
Pulse/internal/repository/knowledge_repository.go:1105.3,1105.27 1 0
Pulse/internal/repository/knowledge_repository.go:1105.27,1107.4 1 0
Pulse/internal/repository/knowledge_repository.go:1109.3,1109.36 1 0
Pulse/internal/repository/knowledge_repository.go:1112.2,1112.34 1 0
Pulse/internal/repository/knowledge_repository.go:1112.34,1114.3 1 0
Pulse/internal/repository/knowledge_repository.go:1116.2,1116.23 1 0
Pulse/internal/repository/knowledge_repository.go:1120.102,1134.16 3 0
Pulse/internal/repository/knowledge_repository.go:1134.16,1136.3 1 0
Pulse/internal/repository/knowledge_repository.go:1137.2,1140.18 3 0
Pulse/internal/repository/knowledge_repository.go:1140.18,1155.17 7 0
Pulse/internal/repository/knowledge_repository.go:1155.17,1157.4 1 0
Pulse/internal/repository/knowledge_repository.go:1160.3,1169.19 2 0
Pulse/internal/repository/knowledge_repository.go:1169.19,1171.4 1 0
Pulse/internal/repository/knowledge_repository.go:1172.3,1172.25 1 0
Pulse/internal/repository/knowledge_repository.go:1172.25,1174.4 1 0
Pulse/internal/repository/knowledge_repository.go:1177.3,1177.21 1 0
Pulse/internal/repository/knowledge_repository.go:1177.21,1179.4 1 0
Pulse/internal/repository/knowledge_repository.go:1180.3,1180.25 1 0
Pulse/internal/repository/knowledge_repository.go:1180.25,1182.4 1 0
Pulse/internal/repository/knowledge_repository.go:1183.3,1183.29 1 0
Pulse/internal/repository/knowledge_repository.go:1183.29,1185.4 1 0
Pulse/internal/repository/knowledge_repository.go:1186.3,1186.25 1 0
Pulse/internal/repository/knowledge_repository.go:1186.25,1188.4 1 0
Pulse/internal/repository/knowledge_repository.go:1189.3,1189.27 1 0
Pulse/internal/repository/knowledge_repository.go:1189.27,1191.4 1 0
Pulse/internal/repository/knowledge_repository.go:1193.3,1193.36 1 0
Pulse/internal/repository/knowledge_repository.go:1196.2,1196.34 1 0
Pulse/internal/repository/knowledge_repository.go:1196.34,1198.3 1 0
Pulse/internal/repository/knowledge_repository.go:1200.2,1200.23 1 0
Pulse/internal/repository/knowledge_repository.go:1204.123,1225.16 3 0
Pulse/internal/repository/knowledge_repository.go:1225.16,1227.3 1 0
Pulse/internal/repository/knowledge_repository.go:1228.2,1231.18 3 0
Pulse/internal/repository/knowledge_repository.go:1231.18,1246.17 7 0
Pulse/internal/repository/knowledge_repository.go:1246.17,1248.4 1 0
Pulse/internal/repository/knowledge_repository.go:1251.3,1260.19 2 0
Pulse/internal/repository/knowledge_repository.go:1260.19,1262.4 1 0
Pulse/internal/repository/knowledge_repository.go:1263.3,1263.25 1 0
Pulse/internal/repository/knowledge_repository.go:1263.25,1265.4 1 0
Pulse/internal/repository/knowledge_repository.go:1268.3,1268.21 1 0
Pulse/internal/repository/knowledge_repository.go:1268.21,1270.4 1 0
Pulse/internal/repository/knowledge_repository.go:1271.3,1271.25 1 0
Pulse/internal/repository/knowledge_repository.go:1271.25,1273.4 1 0
Pulse/internal/repository/knowledge_repository.go:1274.3,1274.29 1 0
Pulse/internal/repository/knowledge_repository.go:1274.29,1276.4 1 0
Pulse/internal/repository/knowledge_repository.go:1277.3,1277.25 1 0
Pulse/internal/repository/knowledge_repository.go:1277.25,1279.4 1 0
Pulse/internal/repository/knowledge_repository.go:1280.3,1280.27 1 0
Pulse/internal/repository/knowledge_repository.go:1280.27,1282.4 1 0
Pulse/internal/repository/knowledge_repository.go:1284.3,1284.36 1 0
Pulse/internal/repository/knowledge_repository.go:1287.2,1287.34 1 0
Pulse/internal/repository/knowledge_repository.go:1287.34,1289.3 1 0
Pulse/internal/repository/knowledge_repository.go:1291.2,1291.23 1 0
Pulse/internal/repository/knowledge_repository.go:1295.112,1296.25 1 1
Pulse/internal/repository/knowledge_repository.go:1296.25,1298.3 1 1
Pulse/internal/repository/knowledge_repository.go:1300.2,1314.16 4 1
Pulse/internal/repository/knowledge_repository.go:1314.16,1316.3 1 0
Pulse/internal/repository/knowledge_repository.go:1318.2,1318.12 1 1
Pulse/internal/repository/knowledge_repository.go:1322.124,1330.16 3 1
Pulse/internal/repository/knowledge_repository.go:1330.16,1332.3 1 0
Pulse/internal/repository/knowledge_repository.go:1333.2,1336.18 3 1
Pulse/internal/repository/knowledge_repository.go:1336.18,1343.17 4 1
Pulse/internal/repository/knowledge_repository.go:1343.17,1345.4 1 0
Pulse/internal/repository/knowledge_repository.go:1346.3,1346.49 1 1
Pulse/internal/repository/knowledge_repository.go:1349.2,1349.34 1 1
Pulse/internal/repository/knowledge_repository.go:1349.34,1351.3 1 0
Pulse/internal/repository/knowledge_repository.go:1353.2,1353.25 1 1
Pulse/internal/repository/knowledge_repository.go:1357.86,1365.16 4 0
Pulse/internal/repository/knowledge_repository.go:1365.16,1367.3 1 0
Pulse/internal/repository/knowledge_repository.go:1368.2,1368.12 1 0
Pulse/internal/repository/knowledge_repository.go:1372.112,1377.16 3 0
Pulse/internal/repository/knowledge_repository.go:1377.16,1379.3 1 0
Pulse/internal/repository/knowledge_repository.go:1382.2,1383.16 2 0
Pulse/internal/repository/knowledge_repository.go:1383.16,1385.3 1 0
Pulse/internal/repository/knowledge_repository.go:1388.2,1389.16 2 0
Pulse/internal/repository/knowledge_repository.go:1389.16,1391.3 1 0
Pulse/internal/repository/knowledge_repository.go:1394.2,1395.16 2 0
Pulse/internal/repository/knowledge_repository.go:1395.16,1397.3 1 0
Pulse/internal/repository/knowledge_repository.go:1399.2,1399.21 1 0
Pulse/internal/repository/knowledge_repository.go:1403.125,1419.16 4 1
Pulse/internal/repository/knowledge_repository.go:1419.16,1421.3 1 0
Pulse/internal/repository/knowledge_repository.go:1422.2,1424.18 2 1
Pulse/internal/repository/knowledge_repository.go:1424.18,1428.17 4 1
Pulse/internal/repository/knowledge_repository.go:1428.17,1430.4 1 0
Pulse/internal/repository/knowledge_repository.go:1431.3,1433.56 3 1
Pulse/internal/repository/knowledge_repository.go:1433.56,1435.4 1 1
Pulse/internal/repository/knowledge_repository.go:1435.9,1435.59 1 1
Pulse/internal/repository/knowledge_repository.go:1435.59,1437.4 1 1
Pulse/internal/repository/knowledge_repository.go:1441.2,1448.16 3 1
Pulse/internal/repository/knowledge_repository.go:1448.16,1450.3 1 0
Pulse/internal/repository/knowledge_repository.go:1451.2,1453.22 2 1
Pulse/internal/repository/knowledge_repository.go:1453.22,1457.17 4 1
Pulse/internal/repository/knowledge_repository.go:1457.17,1459.4 1 0
Pulse/internal/repository/knowledge_repository.go:1460.3,1460.52 1 1
Pulse/internal/repository/knowledge_repository.go:1464.2,1465.16 2 1
Pulse/internal/repository/knowledge_repository.go:1465.16,1467.3 1 0
Pulse/internal/repository/knowledge_repository.go:1469.2,1470.16 2 1
Pulse/internal/repository/knowledge_repository.go:1470.16,1472.3 1 0
Pulse/internal/repository/knowledge_repository.go:1474.2,1475.16 2 1
Pulse/internal/repository/knowledge_repository.go:1475.16,1477.3 1 0
Pulse/internal/repository/knowledge_repository.go:1479.2,1480.16 2 1
Pulse/internal/repository/knowledge_repository.go:1480.16,1482.3 1 0
Pulse/internal/repository/knowledge_repository.go:1484.2,1484.19 1 1
Pulse/internal/repository/knowledge_repository.go:1488.100,1489.24 1 1
Pulse/internal/repository/knowledge_repository.go:1489.24,1491.3 1 0
Pulse/internal/repository/knowledge_repository.go:1493.2,1494.16 2 1
Pulse/internal/repository/knowledge_repository.go:1494.16,1496.3 1 0
Pulse/internal/repository/knowledge_repository.go:1497.2,1499.35 2 1
Pulse/internal/repository/knowledge_repository.go:1499.35,1500.23 1 1
Pulse/internal/repository/knowledge_repository.go:1500.23,1502.4 1 1
Pulse/internal/repository/knowledge_repository.go:1504.3,1509.27 5 1
Pulse/internal/repository/knowledge_repository.go:1509.27,1511.4 1 1
Pulse/internal/repository/knowledge_repository.go:1514.3,1515.17 2 1
Pulse/internal/repository/knowledge_repository.go:1515.17,1517.4 1 0
Pulse/internal/repository/knowledge_repository.go:1519.3,1520.17 2 1
Pulse/internal/repository/knowledge_repository.go:1520.17,1522.4 1 0
Pulse/internal/repository/knowledge_repository.go:1524.3,1539.17 3 1
Pulse/internal/repository/knowledge_repository.go:1539.17,1541.4 1 0
Pulse/internal/repository/knowledge_repository.go:1544.2,1544.20 1 1
Pulse/internal/repository/knowledge_repository.go:1548.100,1549.24 1 0
Pulse/internal/repository/knowledge_repository.go:1549.24,1551.3 1 0
Pulse/internal/repository/knowledge_repository.go:1553.2,1554.16 2 0
Pulse/internal/repository/knowledge_repository.go:1554.16,1556.3 1 0
Pulse/internal/repository/knowledge_repository.go:1557.2,1559.35 2 0
Pulse/internal/repository/knowledge_repository.go:1559.35,1562.28 2 0
Pulse/internal/repository/knowledge_repository.go:1562.28,1564.4 1 0
Pulse/internal/repository/knowledge_repository.go:1564.9,1567.29 2 0
Pulse/internal/repository/knowledge_repository.go:1567.29,1569.5 1 0
Pulse/internal/repository/knowledge_repository.go:1570.4,1570.29 1 0
Pulse/internal/repository/knowledge_repository.go:1574.3,1575.17 2 0
Pulse/internal/repository/knowledge_repository.go:1575.17,1577.4 1 0
Pulse/internal/repository/knowledge_repository.go:1579.3,1580.17 2 0
Pulse/internal/repository/knowledge_repository.go:1580.17,1582.4 1 0
Pulse/internal/repository/knowledge_repository.go:1584.3,1608.17 3 0
Pulse/internal/repository/knowledge_repository.go:1608.17,1610.4 1 0
Pulse/internal/repository/knowledge_repository.go:1613.2,1613.20 1 0
Pulse/internal/repository/knowledge_repository.go:1617.84,1618.19 1 0
Pulse/internal/repository/knowledge_repository.go:1618.19,1620.3 1 0
Pulse/internal/repository/knowledge_repository.go:1622.2,1623.16 2 0
Pulse/internal/repository/knowledge_repository.go:1623.16,1625.3 1 0
Pulse/internal/repository/knowledge_repository.go:1626.2,1629.25 3 0
Pulse/internal/repository/knowledge_repository.go:1629.25,1637.17 3 0
Pulse/internal/repository/knowledge_repository.go:1637.17,1639.4 1 0
Pulse/internal/repository/knowledge_repository.go:1642.2,1642.20 1 0
Pulse/internal/repository/knowledge_repository.go:1646.85,1647.19 1 0
Pulse/internal/repository/knowledge_repository.go:1647.19,1649.3 1 0
Pulse/internal/repository/knowledge_repository.go:1651.2,1652.16 2 0
Pulse/internal/repository/knowledge_repository.go:1652.16,1654.3 1 0
Pulse/internal/repository/knowledge_repository.go:1655.2,1658.25 3 0
Pulse/internal/repository/knowledge_repository.go:1658.25,1666.17 3 0
Pulse/internal/repository/knowledge_repository.go:1666.17,1668.4 1 0
Pulse/internal/repository/knowledge_repository.go:1671.2,1671.20 1 0
Pulse/internal/repository/knowledge_repository.go:1675.105,1676.19 1 0
Pulse/internal/repository/knowledge_repository.go:1676.19,1678.3 1 0
Pulse/internal/repository/knowledge_repository.go:1680.2,1681.16 2 0
Pulse/internal/repository/knowledge_repository.go:1681.16,1683.3 1 0
Pulse/internal/repository/knowledge_repository.go:1684.2,1687.25 3 0
Pulse/internal/repository/knowledge_repository.go:1687.25,1697.17 3 0
Pulse/internal/repository/knowledge_repository.go:1697.17,1699.4 1 0
Pulse/internal/repository/knowledge_repository.go:1702.2,1702.20 1 0
Pulse/internal/repository/knowledge_repository.go:1706.99,1713.16 3 1
Pulse/internal/repository/knowledge_repository.go:1713.16,1715.3 1 0
Pulse/internal/repository/knowledge_repository.go:1717.2,1718.16 2 1
Pulse/internal/repository/knowledge_repository.go:1718.16,1720.3 1 0
Pulse/internal/repository/knowledge_repository.go:1722.2,1722.26 1 1
Pulse/internal/repository/knowledge_repository.go:1726.82,1734.16 3 0
Pulse/internal/repository/knowledge_repository.go:1734.16,1736.3 1 0
Pulse/internal/repository/knowledge_repository.go:1738.2,1739.16 2 0
Pulse/internal/repository/knowledge_repository.go:1739.16,1741.3 1 0
Pulse/internal/repository/knowledge_repository.go:1743.2,1743.26 1 0
Pulse/internal/repository/knowledge_repository.go:1747.94,1756.16 4 0
Pulse/internal/repository/knowledge_repository.go:1756.16,1758.3 1 0
Pulse/internal/repository/knowledge_repository.go:1760.2,1760.12 1 0
Pulse/internal/repository/knowledge_repository.go:1764.92,1772.16 3 0
Pulse/internal/repository/knowledge_repository.go:1772.16,1774.3 1 0
Pulse/internal/repository/knowledge_repository.go:1775.2,1778.18 3 0
Pulse/internal/repository/knowledge_repository.go:1778.18,1784.17 3 0
Pulse/internal/repository/knowledge_repository.go:1784.17,1786.4 1 0
Pulse/internal/repository/knowledge_repository.go:1787.3,1787.28 1 0
Pulse/internal/repository/knowledge_repository.go:1790.2,1790.18 1 0
Pulse/internal/repository/knowledge_repository.go:1794.100,1806.16 4 0
Pulse/internal/repository/knowledge_repository.go:1806.16,1808.3 1 0
Pulse/internal/repository/knowledge_repository.go:1810.2,1810.18 1 0
Pulse/internal/repository/knowledge_repository.go:1814.94,1824.16 4 0
Pulse/internal/repository/knowledge_repository.go:1824.16,1826.3 1 0
Pulse/internal/repository/knowledge_repository.go:1828.2,1828.12 1 0
[...]
Pulse/internal/repository/ticket_repository.go:1053.99,1058.16 3 1
Pulse/internal/repository/ticket_repository.go:1058.16,1060.3 1 0
Pulse/internal/repository/ticket_repository.go:1062.2,1069.16 3 1
Pulse/internal/repository/ticket_repository.go:1069.16,1071.3 1 0
Pulse/internal/repository/ticket_repository.go:1073.2,1074.16 2 1
Pulse/internal/repository/ticket_repository.go:1074.16,1076.3 1 0
Pulse/internal/repository/ticket_repository.go:1078.2,1078.23 1 1
Pulse/internal/repository/ticket_repository.go:1078.23,1080.3 1 0
Pulse/internal/repository/ticket_repository.go:1082.2,1082.12 1 1
Pulse/internal/repository/ticket_repository.go:1086.93,1087.23 1 0
Pulse/internal/repository/ticket_repository.go:1087.23,1089.3 1 0
Pulse/internal/repository/ticket_repository.go:1091.2,1092.16 2 0
Pulse/internal/repository/ticket_repository.go:1092.16,1094.3 1 0
Pulse/internal/repository/ticket_repository.go:1095.2,1097.33 2 0
Pulse/internal/repository/ticket_repository.go:1097.33,1098.22 1 0
Pulse/internal/repository/ticket_repository.go:1098.22,1100.4 1 0
Pulse/internal/repository/ticket_repository.go:1102.3,1106.26 4 0
Pulse/internal/repository/ticket_repository.go:1106.26,1108.4 1 0
Pulse/internal/repository/ticket_repository.go:1110.3,1110.28 1 0
Pulse/internal/repository/ticket_repository.go:1110.28,1112.4 1 0
Pulse/internal/repository/ticket_repository.go:1115.3,1116.17 2 0
Pulse/internal/repository/ticket_repository.go:1116.17,1118.4 1 0
Pulse/internal/repository/ticket_repository.go:1120.3,1121.17 2 0
Pulse/internal/repository/ticket_repository.go:1121.17,1123.4 1 0
Pulse/internal/repository/ticket_repository.go:1125.3,1140.17 3 0
Pulse/internal/repository/ticket_repository.go:1140.17,1142.4 1 0
Pulse/internal/repository/ticket_repository.go:1145.2,1145.20 1 0
Pulse/internal/repository/ticket_repository.go:1149.93,1150.23 1 0
Pulse/internal/repository/ticket_repository.go:1150.23,1152.3 1 0
Pulse/internal/repository/ticket_repository.go:1154.2,1155.16 2 0
Pulse/internal/repository/ticket_repository.go:1155.16,1157.3 1 0
Pulse/internal/repository/ticket_repository.go:1158.2,1160.33 2 0
Pulse/internal/repository/ticket_repository.go:1160.33,1165.17 3 0
Pulse/internal/repository/ticket_repository.go:1165.17,1167.4 1 0
Pulse/internal/repository/ticket_repository.go:1169.3,1170.17 2 0
Pulse/internal/repository/ticket_repository.go:1170.17,1172.4 1 0
Pulse/internal/repository/ticket_repository.go:1174.3,1197.17 3 0
Pulse/internal/repository/ticket_repository.go:1197.17,1199.4 1 0
Pulse/internal/repository/ticket_repository.go:1202.2,1202.20 1 0
Pulse/internal/repository/ticket_repository.go:1206.81,1207.19 1 0
Pulse/internal/repository/ticket_repository.go:1207.19,1209.3 1 0
Pulse/internal/repository/ticket_repository.go:1211.2,1212.16 2 0
Pulse/internal/repository/ticket_repository.go:1212.16,1214.3 1 0
Pulse/internal/repository/ticket_repository.go:1215.2,1218.25 3 0
Pulse/internal/repository/ticket_repository.go:1218.25,1226.17 3 0
Pulse/internal/repository/ticket_repository.go:1226.17,1228.4 1 0
Pulse/internal/repository/ticket_repository.go:1231.2,1231.20 1 0
Pulse/internal/repository/ticket_repository.go:1235.97,1236.22 1 1
Pulse/internal/repository/ticket_repository.go:1236.22,1238.3 1 0
Pulse/internal/repository/ticket_repository.go:1240.2,1245.16 4 1
Pulse/internal/repository/ticket_repository.go:1245.16,1247.3 1 0
Pulse/internal/repository/ticket_repository.go:1249.2,1263.16 3 1
Pulse/internal/repository/ticket_repository.go:1263.16,1265.3 1 0
Pulse/internal/repository/ticket_repository.go:1267.2,1267.12 1 1
Pulse/internal/repository/ticket_repository.go:1271.134,1272.19 1 0
Pulse/internal/repository/ticket_repository.go:1272.19,1274.3 1 0
Pulse/internal/repository/ticket_repository.go:1277.2,1277.22 1 0
Pulse/internal/repository/ticket_repository.go:1277.22,1279.3 1 0
Pulse/internal/repository/ticket_repository.go:1280.2,1280.26 1 0
Pulse/internal/repository/ticket_repository.go:1280.26,1282.3 1 0
Pulse/internal/repository/ticket_repository.go:1285.2,1295.26 7 0
Pulse/internal/repository/ticket_repository.go:1295.26,1299.3 3 0
Pulse/internal/repository/ticket_repository.go:1301.2,1301.28 1 0
Pulse/internal/repository/ticket_repository.go:1301.28,1305.3 3 0
Pulse/internal/repository/ticket_repository.go:1307.2,1307.24 1 0
Pulse/internal/repository/ticket_repository.go:1307.24,1311.3 3 0
Pulse/internal/repository/ticket_repository.go:1314.2,1320.16 5 0
Pulse/internal/repository/ticket_repository.go:1320.16,1322.3 1 0
Pulse/internal/repository/ticket_repository.go:1325.2,1326.26 2 0
Pulse/internal/repository/ticket_repository.go:1326.26,1328.77 2 0
Pulse/internal/repository/ticket_repository.go:1328.77,1330.4 1 0
Pulse/internal/repository/ticket_repository.go:1331.3,1331.69 1 0
Pulse/internal/repository/ticket_repository.go:1335.2,1353.16 6 0
Pulse/internal/repository/ticket_repository.go:1353.16,1355.3 1 0
Pulse/internal/repository/ticket_repository.go:1356.2,1359.18 3 0
Pulse/internal/repository/ticket_repository.go:1359.18,1378.17 5 0
Pulse/internal/repository/ticket_repository.go:1378.17,1380.4 1 0
Pulse/internal/repository/ticket_repository.go:1383.3,1383.72 1 0
Pulse/internal/repository/ticket_repository.go:1383.72,1385.4 1 0
Pulse/internal/repository/ticket_repository.go:1387.3,1387.76 1 0
Pulse/internal/repository/ticket_repository.go:1387.76,1389.4 1 0
Pulse/internal/repository/ticket_repository.go:1391.3,1391.88 1 0
Pulse/internal/repository/ticket_repository.go:1391.88,1393.4 1 0
Pulse/internal/repository/ticket_repository.go:1395.3,1395.20 1 0
Pulse/internal/repository/ticket_repository.go:1395.20,1396.78 1 0
Pulse/internal/repository/ticket_repository.go:1396.78,1398.5 1 0
Pulse/internal/repository/ticket_repository.go:1401.3,1401.37 1 0
Pulse/internal/repository/ticket_repository.go:1404.2,1404.34 1 0
Pulse/internal/repository/ticket_repository.go:1404.34,1406.3 1 0
Pulse/internal/repository/ticket_repository.go:1409.2,1419.8 2 0
Pulse/internal/repository/ticket_repository.go:1423.104,1438.16 3 0
Pulse/internal/repository/ticket_repository.go:1438.16,1440.3 1 0
Pulse/internal/repository/ticket_repository.go:1441.2,1444.18 3 0
Pulse/internal/repository/ticket_repository.go:1444.18,1463.17 5 0
Pulse/internal/repository/ticket_repository.go:1463.17,1465.4 1 0
Pulse/internal/repository/ticket_repository.go:1468.3,1468.72 1 0
Pulse/internal/repository/ticket_repository.go:1468.72,1470.4 1 0
Pulse/internal/repository/ticket_repository.go:1472.3,1472.76 1 0
Pulse/internal/repository/ticket_repository.go:1472.76,1474.4 1 0
Pulse/internal/repository/ticket_repository.go:1476.3,1476.88 1 0
Pulse/internal/repository/ticket_repository.go:1476.88,1478.4 1 0
Pulse/internal/repository/ticket_repository.go:1480.3,1480.20 1 0
Pulse/internal/repository/ticket_repository.go:1480.20,1481.78 1 0
Pulse/internal/repository/ticket_repository.go:1481.78,1483.5 1 0
Pulse/internal/repository/ticket_repository.go:1486.3,1486.37 1 0
Pulse/internal/repository/ticket_repository.go:1489.2,1489.34 1 0
Pulse/internal/repository/ticket_repository.go:1489.34,1491.3 1 0
Pulse/internal/repository/ticket_repository.go:1493.2,1493.21 1 0
Pulse/internal/repository/ticket_repository.go:1497.77,1506.2 3 0
Pulse/internal/repository/ticket_repository.go:1509.80,1519.2 3 0
Pulse/internal/repository/ticket_repository.go:1522.89,1540.16 3 0
Pulse/internal/repository/ticket_repository.go:1540.16,1542.3 1 0
Pulse/internal/repository/ticket_repository.go:1543.2,1546.18 3 0
Pulse/internal/repository/ticket_repository.go:1546.18,1564.17 4 0
Pulse/internal/repository/ticket_repository.go:1564.17,1566.4 1 0
Pulse/internal/repository/ticket_repository.go:1569.3,1569.72 1 0
Pulse/internal/repository/ticket_repository.go:1569.72,1571.4 1 0
Pulse/internal/repository/ticket_repository.go:1572.3,1572.76 1 0
Pulse/internal/repository/ticket_repository.go:1572.76,1574.4 1 0
Pulse/internal/repository/ticket_repository.go:1575.3,1575.88 1 0
Pulse/internal/repository/ticket_repository.go:1575.88,1577.4 1 0
Pulse/internal/repository/ticket_repository.go:1579.3,1579.37 1 0
Pulse/internal/repository/ticket_repository.go:1582.2,1582.34 1 0
Pulse/internal/repository/ticket_repository.go:1582.34,1584.3 1 0
Pulse/internal/repository/ticket_repository.go:1586.2,1586.21 1 0
Pulse/internal/repository/ticket_repository.go:1590.94,1610.16 5 1
Pulse/internal/repository/ticket_repository.go:1610.16,1611.27 1 0
Pulse/internal/repository/ticket_repository.go:1611.27,1613.4 1 0
Pulse/internal/repository/ticket_repository.go:1614.3,1614.59 1 0
Pulse/internal/repository/ticket_repository.go:1618.2,1618.31 1 1
Pulse/internal/repository/ticket_repository.go:1618.31,1620.17 2 1
Pulse/internal/repository/ticket_repository.go:1620.17,1622.4 1 0
Pulse/internal/repository/ticket_repository.go:1625.2,1625.29 1 1
Pulse/internal/repository/ticket_repository.go:1625.29,1627.17 2 1
Pulse/internal/repository/ticket_repository.go:1627.17,1629.4 1 0
Pulse/internal/repository/ticket_repository.go:1632.2,1632.24 1 1
Pulse/internal/repository/ticket_repository.go:1632.24,1634.17 2 1
Pulse/internal/repository/ticket_repository.go:1634.17,1636.4 1 0
Pulse/internal/repository/ticket_repository.go:1639.2,1639.18 1 1
Pulse/internal/repository/ticket_repository.go:1643.133,1648.25 4 0
Pulse/internal/repository/ticket_repository.go:1648.25,1650.3 1 0
Pulse/internal/repository/ticket_repository.go:1653.2,1654.18 2 0
Pulse/internal/repository/ticket_repository.go:1655.14,1656.47 1 0
Pulse/internal/repository/ticket_repository.go:1657.13,1658.46 1 0
Pulse/internal/repository/ticket_repository.go:1659.14,1660.47 1 0
Pulse/internal/repository/ticket_repository.go:1661.15,1662.48 1 0
Pulse/internal/repository/ticket_repository.go:1663.10,1664.46 1 0
Pulse/internal/repository/ticket_repository.go:1667.2,1680.16 3 0
Pulse/internal/repository/ticket_repository.go:1680.16,1682.3 1 0
Pulse/internal/repository/ticket_repository.go:1683.2,1686.18 3 0
Pulse/internal/repository/ticket_repository.go:1686.18,1689.17 3 0
Pulse/internal/repository/ticket_repository.go:1689.17,1691.4 1 0
Pulse/internal/repository/ticket_repository.go:1692.3,1692.34 1 0
Pulse/internal/repository/ticket_repository.go:1695.2,1695.34 1 0
Pulse/internal/repository/ticket_repository.go:1695.34,1697.3 1 0
Pulse/internal/repository/ticket_repository.go:1699.2,1699.20 1 0
Pulse/internal/repository/user_repository.go:24.52,28.2 1 1
Pulse/internal/repository/user_repository.go:31.58,35.2 1 0
Pulse/internal/repository/user_repository.go:38.56,39.17 1 1
Pulse/internal/repository/user_repository.go:39.17,41.3 1 0
Pulse/internal/repository/user_repository.go:42.2,42.13 1 1
Pulse/internal/repository/user_repository.go:46.79,48.19 1 1
Pulse/internal/repository/user_repository.go:48.19,50.3 1 0
Pulse/internal/repository/user_repository.go:53.2,58.23 4 1
Pulse/internal/repository/user_repository.go:58.23,60.3 1 0
Pulse/internal/repository/user_repository.go:62.2,72.16 3 1
Pulse/internal/repository/user_repository.go:72.16,74.3 1 0
Pulse/internal/repository/user_repository.go:76.2,76.12 1 1
Pulse/internal/repository/user_repository.go:80.88,89.16 4 1
Pulse/internal/repository/user_repository.go:89.16,90.27 1 0
Pulse/internal/repository/user_repository.go:90.27,92.4 1 0
Pulse/internal/repository/user_repository.go:93.3,93.56 1 0
Pulse/internal/repository/user_repository.go:96.2,96.19 1 1
Pulse/internal/repository/user_repository.go:100.100,109.16 4 1
Pulse/internal/repository/user_repository.go:109.16,110.27 1 0
Pulse/internal/repository/user_repository.go:110.27,112.4 1 0
Pulse/internal/repository/user_repository.go:113.3,113.56 1 0
Pulse/internal/repository/user_repository.go:116.2,116.19 1 1
Pulse/internal/repository/user_repository.go:120.94,129.16 4 0
Pulse/internal/repository/user_repository.go:129.16,130.27 1 0
Pulse/internal/repository/user_repository.go:130.27,132.4 1 0
Pulse/internal/repository/user_repository.go:133.3,133.56 1 0
Pulse/internal/repository/user_repository.go:136.2,136.19 1 0
Pulse/internal/repository/user_repository.go:140.79,159.16 4 1
Pulse/internal/repository/user_repository.go:159.16,161.3 1 0
Pulse/internal/repository/user_repository.go:163.2,164.16 2 1
Pulse/internal/repository/user_repository.go:164.16,166.3 1 0
Pulse/internal/repository/user_repository.go:168.2,168.23 1 1
Pulse/internal/repository/user_repository.go:168.23,170.3 1 0
Pulse/internal/repository/user_repository.go:172.2,172.12 1 1
Pulse/internal/repository/user_repository.go:176.71,180.16 3 1
Pulse/internal/repository/user_repository.go:180.16,182.3 1 0
Pulse/internal/repository/user_repository.go:184.2,185.16 2 1
Pulse/internal/repository/user_repository.go:185.16,187.3 1 0
Pulse/internal/repository/user_repository.go:189.2,189.23 1 1
Pulse/internal/repository/user_repository.go:189.23,191.3 1 0
Pulse/internal/repository/user_repository.go:193.2,193.12 1 1
Pulse/internal/repository/user_repository.go:197.75,206.16 4 1
Pulse/internal/repository/user_repository.go:206.16,208.3 1 0
Pulse/internal/repository/user_repository.go:210.2,211.16 2 1
Pulse/internal/repository/user_repository.go:211.16,213.3 1 0
Pulse/internal/repository/user_repository.go:215.2,215.23 1 1
Pulse/internal/repository/user_repository.go:215.23,217.3 1 0
Pulse/internal/repository/user_repository.go:219.2,219.12 1 1
Pulse/internal/repository/user_repository.go:223.105,224.19 1 1
Pulse/internal/repository/user_repository.go:224.19,226.3 1 0
Pulse/internal/repository/user_repository.go:229.2,229.22 1 1
Pulse/internal/repository/user_repository.go:229.22,231.3 1 0
Pulse/internal/repository/user_repository.go:232.2,232.26 1 1
Pulse/internal/repository/user_repository.go:232.26,234.3 1 0
Pulse/internal/repository/user_repository.go:235.2,235.27 1 1
Pulse/internal/repository/user_repository.go:235.27,237.3 1 0
Pulse/internal/repository/user_repository.go:240.2,246.24 5 1
Pulse/internal/repository/user_repository.go:246.24,250.3 3 0
Pulse/internal/repository/user_repository.go:252.2,252.26 1 1
Pulse/internal/repository/user_repository.go:252.26,256.3 3 0
Pulse/internal/repository/user_repository.go:258.2,258.58 1 1
Pulse/internal/repository/user_repository.go:258.58,262.3 3 0
Pulse/internal/repository/user_repository.go:264.2,264.52 1 1
Pulse/internal/repository/user_repository.go:264.52,269.3 4 0
Pulse/internal/repository/user_repository.go:271.2,272.25 2 1
Pulse/internal/repository/user_repository.go:272.25,274.3 1 1
Pulse/internal/repository/user_repository.go:277.2,280.16 4 1
Pulse/internal/repository/user_repository.go:280.16,282.3 1 0
Pulse/internal/repository/user_repository.go:285.2,297.16 6 1
Pulse/internal/repository/user_repository.go:297.16,299.3 1 0
Pulse/internal/repository/user_repository.go:301.2,309.8 2 1
Pulse/internal/repository/user_repository.go:313.95,320.19 5 0
Pulse/internal/repository/user_repository.go:320.19,321.25 1 0
Pulse/internal/repository/user_repository.go:321.25,325.4 3 0
Pulse/internal/repository/user_repository.go:327.3,327.27 1 0
Pulse/internal/repository/user_repository.go:327.27,331.4 3 0
Pulse/internal/repository/user_repository.go:333.3,333.59 1 0
Pulse/internal/repository/user_repository.go:333.59,337.4 3 0
Pulse/internal/repository/user_repository.go:339.3,339.53 1 0
Pulse/internal/repository/user_repository.go:339.53,344.4 4 0
Pulse/internal/repository/user_repository.go:347.2,348.25 2 0
Pulse/internal/repository/user_repository.go:348.25,350.3 1 0
Pulse/internal/repository/user_repository.go:352.2,355.16 4 0
Pulse/internal/repository/user_repository.go:355.16,357.3 1 0
Pulse/internal/repository/user_repository.go:359.2,359.19 1 0
Pulse/internal/repository/user_repository.go:363.79,367.16 4 1
Pulse/internal/repository/user_repository.go:367.16,369.3 1 0
Pulse/internal/repository/user_repository.go:370.2,370.23 1 1
Pulse/internal/repository/user_repository.go:374.95,378.16 4 1
Pulse/internal/repository/user_repository.go:378.16,380.3 1 0
Pulse/internal/repository/user_repository.go:381.2,381.23 1 1
Pulse/internal/repository/user_repository.go:385.89,389.16 4 0
Pulse/internal/repository/user_repository.go:389.16,391.3 1 0
Pulse/internal/repository/user_repository.go:392.2,392.23 1 0
Pulse/internal/repository/user_repository.go:396.111,398.16 2 1
Pulse/internal/repository/user_repository.go:398.16,400.3 1 0
Pulse/internal/repository/user_repository.go:403.2,403.22 1 1
Pulse/internal/repository/user_repository.go:403.22,405.3 1 0
Pulse/internal/repository/user_repository.go:408.2,409.16 2 1
Pulse/internal/repository/user_repository.go:409.16,411.3 1 0
Pulse/internal/repository/user_repository.go:413.2,413.18 1 1
Pulse/internal/repository/user_repository.go:417.95,425.16 3 1
Pulse/internal/repository/user_repository.go:425.16,427.3 1 0
Pulse/internal/repository/user_repository.go:429.2,430.16 2 1
Pulse/internal/repository/user_repository.go:430.16,432.3 1 0
Pulse/internal/repository/user_repository.go:434.2,434.23 1 1
Pulse/internal/repository/user_repository.go:434.23,436.3 1 0
Pulse/internal/repository/user_repository.go:438.2,438.12 1 1
Pulse/internal/repository/user_repository.go:442.101,450.16 3 0
Pulse/internal/repository/user_repository.go:450.16,452.3 1 0
Pulse/internal/repository/user_repository.go:454.2,455.16 2 0
Pulse/internal/repository/user_repository.go:455.16,457.3 1 0
Pulse/internal/repository/user_repository.go:459.2,459.23 1 0
Pulse/internal/repository/user_repository.go:459.23,461.3 1 0
Pulse/internal/repository/user_repository.go:463.2,463.12 1 0
Pulse/internal/repository/user_repository.go:467.103,475.16 3 1
Pulse/internal/repository/user_repository.go:475.16,477.3 1 0
Pulse/internal/repository/user_repository.go:479.2,480.16 2 1
Pulse/internal/repository/user_repository.go:480.16,482.3 1 0
Pulse/internal/repository/user_repository.go:484.2,484.23 1 1
Pulse/internal/repository/user_repository.go:484.23,486.3 1 0
Pulse/internal/repository/user_repository.go:488.2,488.12 1 1
Pulse/internal/repository/user_repository.go:492.73,494.2 1 1
Pulse/internal/repository/user_repository.go:497.75,499.2 1 1
Pulse/internal/repository/user_repository.go:502.87,503.21 1 1
Pulse/internal/repository/user_repository.go:503.21,505.3 1 0
Pulse/internal/repository/user_repository.go:507.2,508.16 2 1
Pulse/internal/repository/user_repository.go:508.16,510.3 1 0
Pulse/internal/repository/user_repository.go:511.2,513.29 2 1
Pulse/internal/repository/user_repository.go:513.29,514.20 1 1
Pulse/internal/repository/user_repository.go:514.20,516.4 1 1
Pulse/internal/repository/user_repository.go:518.3,522.24 4 1
Pulse/internal/repository/user_repository.go:522.24,524.4 1 1
Pulse/internal/repository/user_repository.go:526.3,536.17 3 1
Pulse/internal/repository/user_repository.go:536.17,538.4 1 0
Pulse/internal/repository/user_repository.go:541.2,541.20 1 1
Pulse/internal/repository/user_repository.go:545.87,546.21 1 0
Pulse/internal/repository/user_repository.go:546.21,548.3 1 0
Pulse/internal/repository/user_repository.go:550.2,551.16 2 0
Pulse/internal/repository/user_repository.go:551.16,553.3 1 0
Pulse/internal/repository/user_repository.go:554.2,556.29 2 0
Pulse/internal/repository/user_repository.go:556.29,575.17 4 0
Pulse/internal/repository/user_repository.go:575.17,577.4 1 0
Pulse/internal/repository/user_repository.go:580.2,580.20 1 0
Pulse/internal/repository/user_repository.go:584.79,585.19 1 0
Pulse/internal/repository/user_repository.go:585.19,587.3 1 0
Pulse/internal/repository/user_repository.go:589.2,590.16 2 0
Pulse/internal/repository/user_repository.go:590.16,592.3 1 0
Pulse/internal/repository/user_repository.go:593.2,596.25 3 0
Pulse/internal/repository/user_repository.go:596.25,604.17 3 0
Pulse/internal/repository/user_repository.go:604.17,606.4 1 0
Pulse/internal/repository/user_repository.go:609.2,609.20 1 0
Pulse/internal/repository/user_repository.go:613.52,615.16 2 0
Pulse/internal/repository/user_repository.go:615.16,617.3 1 0
Pulse/internal/repository/user_repository.go:618.2,618.26 1 0
Pulse/internal/repository/user_repository.go:622.54,624.2 1 0
