mode: set
Pulse/internal/repository/alert_repository.go:24.54,28.2 1 1
Pulse/internal/repository/alert_repository.go:31.60,35.2 1 0
Pulse/internal/repository/alert_repository.go:38.57,39.17 1 1
Pulse/internal/repository/alert_repository.go:39.17,41.3 1 0
Pulse/internal/repository/alert_repository.go:42.2,42.13 1 1
Pulse/internal/repository/alert_repository.go:46.82,48.20 1 1
Pulse/internal/repository/alert_repository.go:48.20,50.3 1 0
Pulse/internal/repository/alert_repository.go:53.2,58.24 4 1
Pulse/internal/repository/alert_repository.go:58.24,60.3 1 0
Pulse/internal/repository/alert_repository.go:63.2,64.16 2 1
Pulse/internal/repository/alert_repository.go:64.16,66.3 1 0
Pulse/internal/repository/alert_repository.go:68.2,69.16 2 1
Pulse/internal/repository/alert_repository.go:69.16,71.3 1 0
Pulse/internal/repository/alert_repository.go:73.2,102.16 5 1
Pulse/internal/repository/alert_repository.go:102.16,104.3 1 1
Pulse/internal/repository/alert_repository.go:106.2,106.12 1 0
Pulse/internal/repository/alert_repository.go:110.97,116.16 3 1
Pulse/internal/repository/alert_repository.go:116.16,118.3 1 0
Pulse/internal/repository/alert_repository.go:120.2,121.16 2 1
Pulse/internal/repository/alert_repository.go:121.16,123.3 1 0
Pulse/internal/repository/alert_repository.go:125.2,125.26 1 1
Pulse/internal/repository/alert_repository.go:129.78,135.16 3 1
Pulse/internal/repository/alert_repository.go:135.16,137.3 1 0
Pulse/internal/repository/alert_repository.go:139.2,140.16 2 1
Pulse/internal/repository/alert_repository.go:140.16,142.3 1 0
Pulse/internal/repository/alert_repository.go:144.2,144.26 1 1
Pulse/internal/repository/alert_repository.go:148.78,152.16 4 1
Pulse/internal/repository/alert_repository.go:152.16,154.3 1 0
Pulse/internal/repository/alert_repository.go:155.2,155.19 1 1
Pulse/internal/repository/alert_repository.go:159.80,163.16 4 1
Pulse/internal/repository/alert_repository.go:163.16,165.3 1 0
Pulse/internal/repository/alert_repository.go:166.2,166.19 1 1
Pulse/internal/repository/alert_repository.go:170.90,192.16 6 1
Pulse/internal/repository/alert_repository.go:192.16,193.27 1 0
Pulse/internal/repository/alert_repository.go:193.27,195.4 1 0
Pulse/internal/repository/alert_repository.go:196.3,196.56 1 0
Pulse/internal/repository/alert_repository.go:200.2,200.22 1 1
Pulse/internal/repository/alert_repository.go:200.22,202.17 2 1
Pulse/internal/repository/alert_repository.go:202.17,204.4 1 0
Pulse/internal/repository/alert_repository.go:207.2,207.27 1 1
Pulse/internal/repository/alert_repository.go:207.27,209.17 2 1
Pulse/internal/repository/alert_repository.go:209.17,211.4 1 0
Pulse/internal/repository/alert_repository.go:214.2,214.20 1 1
Pulse/internal/repository/alert_repository.go:218.82,223.16 3 1
Pulse/internal/repository/alert_repository.go:223.16,225.3 1 0
Pulse/internal/repository/alert_repository.go:227.2,228.16 2 1
Pulse/internal/repository/alert_repository.go:228.16,230.3 1 0
Pulse/internal/repository/alert_repository.go:232.2,268.16 3 1
Pulse/internal/repository/alert_repository.go:268.16,270.3 1 0
Pulse/internal/repository/alert_repository.go:272.2,273.16 2 1
Pulse/internal/repository/alert_repository.go:273.16,275.3 1 0
Pulse/internal/repository/alert_repository.go:277.2,277.23 1 1
Pulse/internal/repository/alert_repository.go:277.23,279.3 1 0
Pulse/internal/repository/alert_repository.go:281.2,281.12 1 1
Pulse/internal/repository/alert_repository.go:285.72,289.16 3 1
Pulse/internal/repository/alert_repository.go:289.16,291.3 1 0
Pulse/internal/repository/alert_repository.go:293.2,294.16 2 1
Pulse/internal/repository/alert_repository.go:294.16,296.3 1 0
Pulse/internal/repository/alert_repository.go:298.2,298.23 1 1
Pulse/internal/repository/alert_repository.go:298.23,300.3 1 0
Pulse/internal/repository/alert_repository.go:302.2,302.12 1 1
Pulse/internal/repository/alert_repository.go:306.76,315.16 4 1
Pulse/internal/repository/alert_repository.go:315.16,317.3 1 0
Pulse/internal/repository/alert_repository.go:319.2,320.16 2 1
Pulse/internal/repository/alert_repository.go:320.16,322.3 1 0
Pulse/internal/repository/alert_repository.go:324.2,324.23 1 1
Pulse/internal/repository/alert_repository.go:324.23,326.3 1 0
Pulse/internal/repository/alert_repository.go:328.2,328.12 1 1
Pulse/internal/repository/alert_repository.go:332.108,333.19 1 0
Pulse/internal/repository/alert_repository.go:333.19,335.3 1 0
Pulse/internal/repository/alert_repository.go:338.2,338.22 1 0
Pulse/internal/repository/alert_repository.go:338.22,340.3 1 0
Pulse/internal/repository/alert_repository.go:341.2,341.26 1 0
Pulse/internal/repository/alert_repository.go:341.26,343.3 1 0
Pulse/internal/repository/alert_repository.go:344.2,344.27 1 0
Pulse/internal/repository/alert_repository.go:344.27,346.3 1 0
Pulse/internal/repository/alert_repository.go:349.2,355.26 5 0
Pulse/internal/repository/alert_repository.go:355.26,359.3 3 0
Pulse/internal/repository/alert_repository.go:361.2,361.32 1 0
Pulse/internal/repository/alert_repository.go:361.32,365.3 3 0
Pulse/internal/repository/alert_repository.go:367.2,367.28 1 0
Pulse/internal/repository/alert_repository.go:367.28,371.3 3 0
Pulse/internal/repository/alert_repository.go:373.2,373.26 1 0
Pulse/internal/repository/alert_repository.go:373.26,377.3 3 0
Pulse/internal/repository/alert_repository.go:379.2,379.26 1 0
Pulse/internal/repository/alert_repository.go:379.26,383.3 3 0
Pulse/internal/repository/alert_repository.go:385.2,385.52 1 0
Pulse/internal/repository/alert_repository.go:385.52,390.3 4 0
Pulse/internal/repository/alert_repository.go:392.2,392.29 1 0
Pulse/internal/repository/alert_repository.go:392.29,396.3 3 0
Pulse/internal/repository/alert_repository.go:398.2,398.27 1 0
Pulse/internal/repository/alert_repository.go:398.27,402.3 3 0
Pulse/internal/repository/alert_repository.go:405.2,405.28 1 0
Pulse/internal/repository/alert_repository.go:405.28,406.41 1 0
Pulse/internal/repository/alert_repository.go:406.41,410.4 3 0
Pulse/internal/repository/alert_repository.go:413.2,414.25 2 0
Pulse/internal/repository/alert_repository.go:414.25,416.3 1 0
Pulse/internal/repository/alert_repository.go:419.2,422.16 4 0
Pulse/internal/repository/alert_repository.go:422.16,424.3 1 0
Pulse/internal/repository/alert_repository.go:427.2,441.16 5 0
Pulse/internal/repository/alert_repository.go:441.16,443.3 1 0
Pulse/internal/repository/alert_repository.go:444.2,447.18 3 0
Pulse/internal/repository/alert_repository.go:447.18,459.17 4 0
Pulse/internal/repository/alert_repository.go:459.17,461.4 1 0
Pulse/internal/repository/alert_repository.go:464.3,464.23 1 0
Pulse/internal/repository/alert_repository.go:464.23,466.18 2 0
Pulse/internal/repository/alert_repository.go:466.18,468.5 1 0
Pulse/internal/repository/alert_repository.go:471.3,471.28 1 0
Pulse/internal/repository/alert_repository.go:471.28,473.18 2 0
Pulse/internal/repository/alert_repository.go:473.18,475.5 1 0
Pulse/internal/repository/alert_repository.go:478.3,478.34 1 0
Pulse/internal/repository/alert_repository.go:481.2,481.34 1 0
Pulse/internal/repository/alert_repository.go:481.34,483.3 1 0
Pulse/internal/repository/alert_repository.go:485.2,493.8 2 0
Pulse/internal/repository/alert_repository.go:497.97,504.19 5 0
Pulse/internal/repository/alert_repository.go:504.19,505.27 1 0
Pulse/internal/repository/alert_repository.go:505.27,509.4 3 0
Pulse/internal/repository/alert_repository.go:511.3,511.33 1 0
Pulse/internal/repository/alert_repository.go:511.33,515.4 3 0
Pulse/internal/repository/alert_repository.go:517.3,517.29 1 0
Pulse/internal/repository/alert_repository.go:517.29,521.4 3 0
Pulse/internal/repository/alert_repository.go:523.3,523.27 1 0
Pulse/internal/repository/alert_repository.go:523.27,527.4 3 0
Pulse/internal/repository/alert_repository.go:529.3,529.27 1 0
Pulse/internal/repository/alert_repository.go:529.27,533.4 3 0
Pulse/internal/repository/alert_repository.go:535.3,535.30 1 0
Pulse/internal/repository/alert_repository.go:535.30,539.4 3 0
Pulse/internal/repository/alert_repository.go:541.3,541.28 1 0
Pulse/internal/repository/alert_repository.go:541.28,545.4 3 0
Pulse/internal/repository/alert_repository.go:548.3,548.29 1 0
Pulse/internal/repository/alert_repository.go:548.29,549.42 1 0
Pulse/internal/repository/alert_repository.go:549.42,553.5 3 0
Pulse/internal/repository/alert_repository.go:557.2,558.25 2 0
Pulse/internal/repository/alert_repository.go:558.25,560.3 1 0
Pulse/internal/repository/alert_repository.go:562.2,565.16 4 0
Pulse/internal/repository/alert_repository.go:565.16,567.3 1 0
Pulse/internal/repository/alert_repository.go:569.2,569.19 1 0
Pulse/internal/repository/alert_repository.go:573.80,577.16 4 0
Pulse/internal/repository/alert_repository.go:577.16,579.3 1 0
Pulse/internal/repository/alert_repository.go:580.2,580.23 1 0
Pulse/internal/repository/alert_repository.go:584.108,606.16 6 0
Pulse/internal/repository/alert_repository.go:606.16,607.27 1 0
Pulse/internal/repository/alert_repository.go:607.27,609.4 1 0
Pulse/internal/repository/alert_repository.go:610.3,610.56 1 0
Pulse/internal/repository/alert_repository.go:614.2,614.22 1 0
Pulse/internal/repository/alert_repository.go:614.22,616.17 2 0
Pulse/internal/repository/alert_repository.go:616.17,618.4 1 0
Pulse/internal/repository/alert_repository.go:621.2,621.27 1 0
Pulse/internal/repository/alert_repository.go:621.27,623.17 2 0
Pulse/internal/repository/alert_repository.go:623.17,625.4 1 0
Pulse/internal/repository/alert_repository.go:628.2,628.20 1 0
Pulse/internal/repository/alert_repository.go:632.102,643.16 4 0
Pulse/internal/repository/alert_repository.go:643.16,645.3 1 0
Pulse/internal/repository/alert_repository.go:647.2,648.16 2 0
Pulse/internal/repository/alert_repository.go:648.16,650.3 1 0
Pulse/internal/repository/alert_repository.go:652.2,652.23 1 0
Pulse/internal/repository/alert_repository.go:652.23,654.3 1 0
Pulse/internal/repository/alert_repository.go:657.2,657.38 1 0
Pulse/internal/repository/alert_repository.go:657.39,659.3 0 0
Pulse/internal/repository/alert_repository.go:661.2,661.12 1 0
Pulse/internal/repository/alert_repository.go:665.98,677.16 4 0
Pulse/internal/repository/alert_repository.go:677.16,679.3 1 0
Pulse/internal/repository/alert_repository.go:681.2,682.16 2 0
Pulse/internal/repository/alert_repository.go:682.16,684.3 1 0
Pulse/internal/repository/alert_repository.go:686.2,686.23 1 0
Pulse/internal/repository/alert_repository.go:686.23,688.3 1 0
Pulse/internal/repository/alert_repository.go:691.2,691.38 1 0
Pulse/internal/repository/alert_repository.go:691.39,693.3 0 0
Pulse/internal/repository/alert_repository.go:695.2,695.12 1 0
Pulse/internal/repository/alert_repository.go:699.108,709.16 4 0
Pulse/internal/repository/alert_repository.go:709.16,711.3 1 0
Pulse/internal/repository/alert_repository.go:713.2,714.16 2 0
Pulse/internal/repository/alert_repository.go:714.16,716.3 1 0
Pulse/internal/repository/alert_repository.go:718.2,718.23 1 0
Pulse/internal/repository/alert_repository.go:718.23,720.3 1 0
Pulse/internal/repository/alert_repository.go:722.2,722.12 1 0
Pulse/internal/repository/alert_repository.go:726.75,736.16 4 0
Pulse/internal/repository/alert_repository.go:736.16,738.3 1 0
Pulse/internal/repository/alert_repository.go:740.2,741.16 2 0
Pulse/internal/repository/alert_repository.go:741.16,743.3 1 0
Pulse/internal/repository/alert_repository.go:745.2,745.23 1 0
Pulse/internal/repository/alert_repository.go:745.23,747.3 1 0
Pulse/internal/repository/alert_repository.go:749.2,749.12 1 0
Pulse/internal/repository/alert_repository.go:753.113,760.19 5 0
Pulse/internal/repository/alert_repository.go:760.19,761.27 1 0
Pulse/internal/repository/alert_repository.go:761.27,765.4 3 0
Pulse/internal/repository/alert_repository.go:767.3,767.33 1 0
Pulse/internal/repository/alert_repository.go:767.33,771.4 3 0
Pulse/internal/repository/alert_repository.go:773.3,773.30 1 0
Pulse/internal/repository/alert_repository.go:773.30,777.4 3 0
Pulse/internal/repository/alert_repository.go:779.3,779.28 1 0
Pulse/internal/repository/alert_repository.go:779.28,783.4 3 0
Pulse/internal/repository/alert_repository.go:786.2,787.25 2 0
Pulse/internal/repository/alert_repository.go:787.25,789.3 1 0
Pulse/internal/repository/alert_repository.go:792.2,795.16 4 0
Pulse/internal/repository/alert_repository.go:795.16,797.3 1 0
Pulse/internal/repository/alert_repository.go:800.2,806.16 3 0
Pulse/internal/repository/alert_repository.go:806.16,808.3 1 0
Pulse/internal/repository/alert_repository.go:809.2,812.28 3 0
Pulse/internal/repository/alert_repository.go:812.28,816.17 4 0
Pulse/internal/repository/alert_repository.go:816.17,818.4 1 0
Pulse/internal/repository/alert_repository.go:819.3,819.31 1 0
Pulse/internal/repository/alert_repository.go:823.2,829.16 3 0
Pulse/internal/repository/alert_repository.go:829.16,831.3 1 0
Pulse/internal/repository/alert_repository.go:832.2,835.26 3 0
Pulse/internal/repository/alert_repository.go:835.26,839.17 4 0
Pulse/internal/repository/alert_repository.go:839.17,841.4 1 0
Pulse/internal/repository/alert_repository.go:842.3,842.27 1 0
Pulse/internal/repository/alert_repository.go:846.2,852.16 3 0
Pulse/internal/repository/alert_repository.go:852.16,854.3 1 0
Pulse/internal/repository/alert_repository.go:855.2,858.26 3 0
Pulse/internal/repository/alert_repository.go:858.26,862.17 4 0
Pulse/internal/repository/alert_repository.go:862.17,864.4 1 0
Pulse/internal/repository/alert_repository.go:865.3,865.27 1 0
Pulse/internal/repository/alert_repository.go:868.2,874.8 1 0
Pulse/internal/repository/alert_repository.go:878.131,883.25 4 0
Pulse/internal/repository/alert_repository.go:883.25,885.3 1 0
Pulse/internal/repository/alert_repository.go:888.2,889.18 2 0
Pulse/internal/repository/alert_repository.go:890.14,891.46 1 0
Pulse/internal/repository/alert_repository.go:892.13,893.45 1 0
Pulse/internal/repository/alert_repository.go:894.14,895.46 1 0
Pulse/internal/repository/alert_repository.go:896.15,897.47 1 0
Pulse/internal/repository/alert_repository.go:898.10,899.46 1 0
Pulse/internal/repository/alert_repository.go:902.2,909.16 3 0
Pulse/internal/repository/alert_repository.go:909.16,911.3 1 0
Pulse/internal/repository/alert_repository.go:912.2,915.18 3 0
Pulse/internal/repository/alert_repository.go:915.18,918.17 3 0
Pulse/internal/repository/alert_repository.go:918.17,920.4 1 0
Pulse/internal/repository/alert_repository.go:921.3,921.32 1 0
Pulse/internal/repository/alert_repository.go:924.2,924.34 1 0
Pulse/internal/repository/alert_repository.go:924.34,926.3 1 0
Pulse/internal/repository/alert_repository.go:928.2,928.19 1 0
Pulse/internal/repository/alert_repository.go:932.90,933.22 1 0
Pulse/internal/repository/alert_repository.go:933.22,935.3 1 0
Pulse/internal/repository/alert_repository.go:937.2,938.16 2 0
Pulse/internal/repository/alert_repository.go:938.16,940.3 1 0
Pulse/internal/repository/alert_repository.go:941.2,943.31 2 0
Pulse/internal/repository/alert_repository.go:943.31,944.21 1 0
Pulse/internal/repository/alert_repository.go:944.21,946.4 1 0
Pulse/internal/repository/alert_repository.go:948.3,952.25 4 0
Pulse/internal/repository/alert_repository.go:952.25,954.4 1 0
Pulse/internal/repository/alert_repository.go:957.3,958.17 2 0
Pulse/internal/repository/alert_repository.go:958.17,960.4 1 0
Pulse/internal/repository/alert_repository.go:962.3,963.17 2 0
Pulse/internal/repository/alert_repository.go:963.17,965.4 1 0
Pulse/internal/repository/alert_repository.go:967.3,987.17 3 0
Pulse/internal/repository/alert_repository.go:987.17,989.4 1 0
Pulse/internal/repository/alert_repository.go:992.2,992.20 1 0
Pulse/internal/repository/alert_repository.go:996.90,997.22 1 0
Pulse/internal/repository/alert_repository.go:997.22,999.3 1 0
Pulse/internal/repository/alert_repository.go:1001.2,1002.16 2 0
Pulse/internal/repository/alert_repository.go:1002.16,1004.3 1 0
Pulse/internal/repository/alert_repository.go:1005.2,1007.31 2 0
Pulse/internal/repository/alert_repository.go:1007.31,1012.17 3 0
Pulse/internal/repository/alert_repository.go:1012.17,1014.4 1 0
Pulse/internal/repository/alert_repository.go:1016.3,1017.17 2 0
Pulse/internal/repository/alert_repository.go:1017.17,1019.4 1 0
Pulse/internal/repository/alert_repository.go:1021.3,1057.17 3 0
Pulse/internal/repository/alert_repository.go:1057.17,1059.4 1 0
Pulse/internal/repository/alert_repository.go:1062.2,1062.20 1 0
Pulse/internal/repository/alert_repository.go:1066.80,1067.19 1 0
Pulse/internal/repository/alert_repository.go:1067.19,1069.3 1 0
Pulse/internal/repository/alert_repository.go:1072.2,1074.25 3 0
Pulse/internal/repository/alert_repository.go:1074.25,1077.3 2 0
Pulse/internal/repository/alert_repository.go:1079.2,1087.16 3 0
Pulse/internal/repository/alert_repository.go:1087.16,1089.3 1 0
Pulse/internal/repository/alert_repository.go:1091.2,1092.16 2 0
Pulse/internal/repository/alert_repository.go:1092.16,1094.3 1 0
Pulse/internal/repository/alert_repository.go:1096.2,1096.23 1 0
Pulse/internal/repository/alert_repository.go:1096.23,1098.3 1 0
Pulse/internal/repository/alert_repository.go:1100.2,1100.12 1 0
Pulse/internal/repository/alert_repository.go:1104.107,1113.16 4 0
Pulse/internal/repository/alert_repository.go:1113.16,1115.3 1 0
Pulse/internal/repository/alert_repository.go:1117.2,1117.23 1 0
Pulse/internal/repository/alert_repository.go:1121.95,1123.22 1 0
Pulse/internal/repository/alert_repository.go:1123.22,1125.3 1 0
Pulse/internal/repository/alert_repository.go:1128.2,1132.16 3 0
Pulse/internal/repository/alert_repository.go:1132.16,1134.3 1 0
Pulse/internal/repository/alert_repository.go:1136.2,1137.16 2 0
Pulse/internal/repository/alert_repository.go:1137.16,1139.3 1 0
Pulse/internal/repository/alert_repository.go:1141.2,1159.16 3 0
Pulse/internal/repository/alert_repository.go:1159.16,1161.3 1 0
Pulse/internal/repository/alert_repository.go:1163.2,1163.12 1 0
Pulse/internal/repository/alert_repository.go:1167.117,1168.19 1 0
Pulse/internal/repository/alert_repository.go:1168.19,1170.3 1 0
Pulse/internal/repository/alert_repository.go:1173.2,1181.25 7 0
Pulse/internal/repository/alert_repository.go:1181.25,1184.3 2 0
Pulse/internal/repository/alert_repository.go:1186.2,1196.16 3 0
Pulse/internal/repository/alert_repository.go:1196.16,1198.3 1 0
Pulse/internal/repository/alert_repository.go:1200.2,1201.16 2 0
Pulse/internal/repository/alert_repository.go:1201.16,1203.3 1 0
Pulse/internal/repository/alert_repository.go:1205.2,1205.23 1 0
Pulse/internal/repository/alert_repository.go:1205.23,1207.3 1 0
Pulse/internal/repository/alert_repository.go:1210.2,1210.25 1 0
Pulse/internal/repository/alert_repository.go:1210.25,1217.52 2 0
Pulse/internal/repository/alert_repository.go:1217.52,1219.12 1 0
Pulse/internal/repository/alert_repository.go:1223.2,1223.12 1 0
Pulse/internal/repository/alert_repository.go:1227.113,1228.19 1 0
Pulse/internal/repository/alert_repository.go:1228.19,1230.3 1 0
Pulse/internal/repository/alert_repository.go:1233.2,1241.25 7 0
Pulse/internal/repository/alert_repository.go:1241.25,1244.3 2 0
Pulse/internal/repository/alert_repository.go:1246.2,1257.16 3 0
Pulse/internal/repository/alert_repository.go:1257.16,1259.3 1 0
Pulse/internal/repository/alert_repository.go:1261.2,1262.16 2 0
Pulse/internal/repository/alert_repository.go:1262.16,1264.3 1 0
Pulse/internal/repository/alert_repository.go:1266.2,1266.23 1 0
Pulse/internal/repository/alert_repository.go:1266.23,1268.3 1 0
Pulse/internal/repository/alert_repository.go:1271.2,1271.25 1 0
Pulse/internal/repository/alert_repository.go:1271.25,1278.52 2 0
Pulse/internal/repository/alert_repository.go:1278.52,1280.12 1 0
Pulse/internal/repository/alert_repository.go:1284.2,1284.12 1 0
Pulse/internal/repository/auth_repository.go:52.52,56.2 1 1
Pulse/internal/repository/auth_repository.go:59.58,63.2 1 0
Pulse/internal/repository/auth_repository.go:66.56,67.17 1 1
Pulse/internal/repository/auth_repository.go:67.17,69.3 1 0
Pulse/internal/repository/auth_repository.go:70.2,70.13 1 1
Pulse/internal/repository/auth_repository.go:74.96,75.22 1 1
Pulse/internal/repository/auth_repository.go:75.22,77.3 1 0
Pulse/internal/repository/auth_repository.go:79.2,97.16 7 1
Pulse/internal/repository/auth_repository.go:97.16,99.3 1 0
Pulse/internal/repository/auth_repository.go:101.2,101.12 1 1
Pulse/internal/repository/auth_repository.go:105.105,114.16 4 1
Pulse/internal/repository/auth_repository.go:114.16,115.27 1 0
Pulse/internal/repository/auth_repository.go:115.27,117.4 1 0
Pulse/internal/repository/auth_repository.go:118.3,118.62 1 0
Pulse/internal/repository/auth_repository.go:121.2,121.22 1 1
Pulse/internal/repository/auth_repository.go:125.115,134.16 4 1
Pulse/internal/repository/auth_repository.go:134.16,135.27 1 0
Pulse/internal/repository/auth_repository.go:135.27,137.4 1 0
Pulse/internal/repository/auth_repository.go:138.3,138.62 1 0
Pulse/internal/repository/auth_repository.go:141.2,141.22 1 1
Pulse/internal/repository/auth_repository.go:145.109,154.16 3 0
Pulse/internal/repository/auth_repository.go:154.16,156.3 1 0
Pulse/internal/repository/auth_repository.go:157.2,160.18 3 0
Pulse/internal/repository/auth_repository.go:160.18,167.17 3 0
Pulse/internal/repository/auth_repository.go:167.17,169.4 1 0
Pulse/internal/repository/auth_repository.go:170.3,170.40 1 0
Pulse/internal/repository/auth_repository.go:173.2,173.35 1 0
Pulse/internal/repository/auth_repository.go:173.35,175.3 1 0
Pulse/internal/repository/auth_repository.go:177.2,177.22 1 0
Pulse/internal/repository/auth_repository.go:181.121,189.16 3 1
Pulse/internal/repository/auth_repository.go:189.16,191.3 1 0
Pulse/internal/repository/auth_repository.go:193.2,194.16 2 1
Pulse/internal/repository/auth_repository.go:194.16,196.3 1 0
Pulse/internal/repository/auth_repository.go:198.2,198.23 1 1
Pulse/internal/repository/auth_repository.go:198.23,200.3 1 0
Pulse/internal/repository/auth_repository.go:202.2,202.12 1 1
Pulse/internal/repository/auth_repository.go:206.85,210.16 3 1
Pulse/internal/repository/auth_repository.go:210.16,212.3 1 0
Pulse/internal/repository/auth_repository.go:214.2,215.16 2 1
Pulse/internal/repository/auth_repository.go:215.16,217.3 1 0
Pulse/internal/repository/auth_repository.go:219.2,219.23 1 1
Pulse/internal/repository/auth_repository.go:219.23,221.3 1 0
Pulse/internal/repository/auth_repository.go:223.2,223.12 1 1
Pulse/internal/repository/auth_repository.go:227.87,231.16 3 1
Pulse/internal/repository/auth_repository.go:231.16,233.3 1 0
Pulse/internal/repository/auth_repository.go:235.2,235.12 1 1
Pulse/internal/repository/auth_repository.go:239.85,244.16 4 1
Pulse/internal/repository/auth_repository.go:244.16,246.3 1 0
Pulse/internal/repository/auth_repository.go:248.2,249.16 2 1
Pulse/internal/repository/auth_repository.go:249.16,251.3 1 0
Pulse/internal/repository/auth_repository.go:253.2,253.26 1 1
Pulse/internal/repository/auth_repository.go:257.100,258.20 1 1
Pulse/internal/repository/auth_repository.go:258.20,260.3 1 0
Pulse/internal/repository/auth_repository.go:262.2,277.16 6 1
Pulse/internal/repository/auth_repository.go:277.16,279.3 1 0
Pulse/internal/repository/auth_repository.go:281.2,281.12 1 1
Pulse/internal/repository/auth_repository.go:285.110,293.16 4 1
Pulse/internal/repository/auth_repository.go:293.16,294.27 1 0
Pulse/internal/repository/auth_repository.go:294.27,296.4 1 0
Pulse/internal/repository/auth_repository.go:297.3,297.62 1 0
Pulse/internal/repository/auth_repository.go:300.2,300.20 1 1
Pulse/internal/repository/auth_repository.go:304.113,312.16 4 0
Pulse/internal/repository/auth_repository.go:312.16,313.27 1 0
Pulse/internal/repository/auth_repository.go:313.27,315.4 1 0
Pulse/internal/repository/auth_repository.go:316.3,316.62 1 0
Pulse/internal/repository/auth_repository.go:319.2,319.20 1 0
Pulse/internal/repository/auth_repository.go:323.115,331.16 3 0
Pulse/internal/repository/auth_repository.go:331.16,333.3 1 0
Pulse/internal/repository/auth_repository.go:334.2,337.18 3 0
Pulse/internal/repository/auth_repository.go:337.18,343.17 3 0
Pulse/internal/repository/auth_repository.go:343.17,345.4 1 0
Pulse/internal/repository/auth_repository.go:346.3,346.34 1 0
Pulse/internal/repository/auth_repository.go:349.2,349.35 1 0
Pulse/internal/repository/auth_repository.go:349.35,351.3 1 0
Pulse/internal/repository/auth_repository.go:353.2,353.20 1 0
Pulse/internal/repository/auth_repository.go:357.89,366.16 4 1
Pulse/internal/repository/auth_repository.go:366.16,368.3 1 0
Pulse/internal/repository/auth_repository.go:370.2,371.16 2 1
Pulse/internal/repository/auth_repository.go:371.16,373.3 1 0
Pulse/internal/repository/auth_repository.go:375.2,375.23 1 1
Pulse/internal/repository/auth_repository.go:375.23,377.3 1 0
Pulse/internal/repository/auth_repository.go:379.2,379.12 1 1
Pulse/internal/repository/auth_repository.go:383.92,392.16 4 1
Pulse/internal/repository/auth_repository.go:392.16,394.3 1 0
Pulse/internal/repository/auth_repository.go:396.2,396.12 1 1
Pulse/internal/repository/auth_repository.go:400.90,405.16 4 1
Pulse/internal/repository/auth_repository.go:405.16,407.3 1 0
Pulse/internal/repository/auth_repository.go:409.2,410.16 2 1
Pulse/internal/repository/auth_repository.go:410.16,412.3 1 0
Pulse/internal/repository/auth_repository.go:414.2,414.26 1 1
Pulse/internal/repository/auth_repository.go:418.102,419.22 1 1
Pulse/internal/repository/auth_repository.go:419.22,421.3 1 0
Pulse/internal/repository/auth_repository.go:423.2,436.16 4 1
Pulse/internal/repository/auth_repository.go:436.16,438.3 1 0
Pulse/internal/repository/auth_repository.go:440.2,440.12 1 1
Pulse/internal/repository/auth_repository.go:444.132,452.16 3 1
Pulse/internal/repository/auth_repository.go:452.16,454.3 1 0
Pulse/internal/repository/auth_repository.go:455.2,458.18 3 1
Pulse/internal/repository/auth_repository.go:458.18,465.17 3 1
Pulse/internal/repository/auth_repository.go:465.17,467.4 1 0
Pulse/internal/repository/auth_repository.go:468.3,468.40 1 1
Pulse/internal/repository/auth_repository.go:471.2,471.35 1 1
Pulse/internal/repository/auth_repository.go:471.35,473.3 1 0
Pulse/internal/repository/auth_repository.go:475.2,475.22 1 1
Pulse/internal/repository/auth_repository.go:479.119,487.16 4 1
Pulse/internal/repository/auth_repository.go:487.16,489.3 1 0
Pulse/internal/repository/auth_repository.go:491.2,491.19 1 1
Pulse/internal/repository/auth_repository.go:495.104,499.16 3 1
Pulse/internal/repository/auth_repository.go:499.16,501.3 1 0
Pulse/internal/repository/auth_repository.go:503.2,504.16 2 1
Pulse/internal/repository/auth_repository.go:504.16,506.3 1 0
Pulse/internal/repository/auth_repository.go:508.2,508.26 1 1
Pulse/internal/repository/datasource_repository.go:24.64,28.2 1 1
Pulse/internal/repository/datasource_repository.go:31.70,35.2 1 0
Pulse/internal/repository/datasource_repository.go:38.62,39.17 1 1
Pulse/internal/repository/datasource_repository.go:39.17,41.3 1 0
Pulse/internal/repository/datasource_repository.go:42.2,42.13 1 1
Pulse/internal/repository/datasource_repository.go:46.89,47.17 1 1
Pulse/internal/repository/datasource_repository.go:47.17,49.3 1 0
Pulse/internal/repository/datasource_repository.go:51.2,55.21 4 1
Pulse/internal/repository/datasource_repository.go:55.21,57.3 1 0
Pulse/internal/repository/datasource_repository.go:60.2,61.16 2 1
Pulse/internal/repository/datasource_repository.go:61.16,63.3 1 0
Pulse/internal/repository/datasource_repository.go:66.2,67.16 2 1
Pulse/internal/repository/datasource_repository.go:67.16,69.3 1 0
Pulse/internal/repository/datasource_repository.go:71.2,99.16 3 1
Pulse/internal/repository/datasource_repository.go:99.16,101.3 1 1
Pulse/internal/repository/datasource_repository.go:103.2,103.12 1 0
Pulse/internal/repository/datasource_repository.go:107.79,114.16 3 1
Pulse/internal/repository/datasource_repository.go:114.16,116.3 1 0
Pulse/internal/repository/datasource_repository.go:118.2,118.12 1 1
Pulse/internal/repository/datasource_repository.go:122.81,129.16 3 1
Pulse/internal/repository/datasource_repository.go:129.16,131.3 1 0
Pulse/internal/repository/datasource_repository.go:133.2,133.12 1 1
Pulse/internal/repository/datasource_repository.go:137.90,138.19 1 1
Pulse/internal/repository/datasource_repository.go:138.19,140.3 1 0
Pulse/internal/repository/datasource_repository.go:143.2,145.25 3 1
Pulse/internal/repository/datasource_repository.go:145.25,148.3 2 1
Pulse/internal/repository/datasource_repository.go:150.2,157.16 3 1
Pulse/internal/repository/datasource_repository.go:157.16,159.3 1 0
Pulse/internal/repository/datasource_repository.go:161.2,161.12 1 1
Pulse/internal/repository/datasource_repository.go:165.83,169.16 4 1
Pulse/internal/repository/datasource_repository.go:169.16,171.3 1 0
Pulse/internal/repository/datasource_repository.go:172.2,172.19 1 1
Pulse/internal/repository/datasource_repository.go:176.84,180.16 4 1
Pulse/internal/repository/datasource_repository.go:180.16,182.3 1 0
Pulse/internal/repository/datasource_repository.go:183.2,183.19 1 1
Pulse/internal/repository/datasource_repository.go:187.86,191.16 4 1
Pulse/internal/repository/datasource_repository.go:191.16,193.3 1 0
Pulse/internal/repository/datasource_repository.go:194.2,194.19 1 1
Pulse/internal/repository/datasource_repository.go:198.140,201.16 2 0
Pulse/internal/repository/datasource_repository.go:201.16,203.3 1 0
Pulse/internal/repository/datasource_repository.go:205.2,205.28 1 0
Pulse/internal/repository/datasource_repository.go:205.28,207.3 1 0
Pulse/internal/repository/datasource_repository.go:209.2,209.29 1 0
Pulse/internal/repository/datasource_repository.go:209.29,211.3 1 0
Pulse/internal/repository/datasource_repository.go:214.2,214.41 1 0
Pulse/internal/repository/datasource_repository.go:214.41,216.3 1 0
Pulse/internal/repository/datasource_repository.go:220.2,229.20 2 0
Pulse/internal/repository/datasource_repository.go:233.110,243.2 2 1
Pulse/internal/repository/datasource_repository.go:246.128,251.16 4 1
Pulse/internal/repository/datasource_repository.go:251.16,253.3 1 0
Pulse/internal/repository/datasource_repository.go:256.2,259.16 4 1
Pulse/internal/repository/datasource_repository.go:259.16,261.3 1 0
Pulse/internal/repository/datasource_repository.go:264.2,267.16 4 1
Pulse/internal/repository/datasource_repository.go:267.16,269.3 1 0
Pulse/internal/repository/datasource_repository.go:271.2,280.19 2 1
Pulse/internal/repository/datasource_repository.go:284.100,301.16 5 1
Pulse/internal/repository/datasource_repository.go:301.16,302.27 1 0
Pulse/internal/repository/datasource_repository.go:302.27,304.4 1 0
Pulse/internal/repository/datasource_repository.go:305.3,305.59 1 0
Pulse/internal/repository/datasource_repository.go:309.2,309.22 1 1
Pulse/internal/repository/datasource_repository.go:309.22,311.17 2 1
Pulse/internal/repository/datasource_repository.go:311.17,313.4 1 0
Pulse/internal/repository/datasource_repository.go:317.2,317.20 1 1
Pulse/internal/repository/datasource_repository.go:317.20,319.17 2 1
Pulse/internal/repository/datasource_repository.go:319.17,321.4 1 0
Pulse/internal/repository/datasource_repository.go:324.2,324.17 1 1
Pulse/internal/repository/datasource_repository.go:328.104,345.16 5 1
Pulse/internal/repository/datasource_repository.go:345.16,346.27 1 0
Pulse/internal/repository/datasource_repository.go:346.27,348.4 1 0
Pulse/internal/repository/datasource_repository.go:349.3,349.59 1 0
Pulse/internal/repository/datasource_repository.go:353.2,353.22 1 1
Pulse/internal/repository/datasource_repository.go:353.22,355.17 2 1
Pulse/internal/repository/datasource_repository.go:355.17,357.4 1 0
Pulse/internal/repository/datasource_repository.go:361.2,361.20 1 1
Pulse/internal/repository/datasource_repository.go:361.20,363.17 2 1
Pulse/internal/repository/datasource_repository.go:363.17,365.4 1 0
Pulse/internal/repository/datasource_repository.go:368.2,368.17 1 1
Pulse/internal/repository/datasource_repository.go:372.89,377.16 3 1
Pulse/internal/repository/datasource_repository.go:377.16,379.3 1 0
Pulse/internal/repository/datasource_repository.go:382.2,383.16 2 1
Pulse/internal/repository/datasource_repository.go:383.16,385.3 1 0
Pulse/internal/repository/datasource_repository.go:387.2,411.16 3 1
Pulse/internal/repository/datasource_repository.go:411.16,413.3 1 0
Pulse/internal/repository/datasource_repository.go:415.2,415.12 1 1
Pulse/internal/repository/datasource_repository.go:419.77,422.16 3 1
Pulse/internal/repository/datasource_repository.go:422.16,424.3 1 0
Pulse/internal/repository/datasource_repository.go:425.2,425.12 1 1
Pulse/internal/repository/datasource_repository.go:429.81,438.16 4 1
Pulse/internal/repository/datasource_repository.go:438.16,440.3 1 0
Pulse/internal/repository/datasource_repository.go:441.2,441.12 1 1
Pulse/internal/repository/datasource_repository.go:445.123,452.19 5 0
Pulse/internal/repository/datasource_repository.go:452.19,453.25 1 0
Pulse/internal/repository/datasource_repository.go:453.25,457.4 3 0
Pulse/internal/repository/datasource_repository.go:459.3,459.27 1 0
Pulse/internal/repository/datasource_repository.go:459.27,463.4 3 0
Pulse/internal/repository/datasource_repository.go:467.3,467.33 1 0
Pulse/internal/repository/datasource_repository.go:467.33,471.4 3 0
Pulse/internal/repository/datasource_repository.go:473.3,473.53 1 0
Pulse/internal/repository/datasource_repository.go:473.53,477.4 3 0
Pulse/internal/repository/datasource_repository.go:480.2,481.25 2 0
Pulse/internal/repository/datasource_repository.go:481.25,483.3 1 0
Pulse/internal/repository/datasource_repository.go:486.2,489.16 4 0
Pulse/internal/repository/datasource_repository.go:489.16,491.3 1 0
Pulse/internal/repository/datasource_repository.go:494.2,502.61 2 0
Pulse/internal/repository/datasource_repository.go:502.61,506.3 3 0
Pulse/internal/repository/datasource_repository.go:508.2,509.16 2 0
Pulse/internal/repository/datasource_repository.go:509.16,511.3 1 0
Pulse/internal/repository/datasource_repository.go:512.2,515.18 3 0
Pulse/internal/repository/datasource_repository.go:515.18,524.17 4 0
Pulse/internal/repository/datasource_repository.go:524.17,526.4 1 0
Pulse/internal/repository/datasource_repository.go:529.3,529.23 1 0
Pulse/internal/repository/datasource_repository.go:529.23,531.18 2 0
Pulse/internal/repository/datasource_repository.go:531.18,533.5 1 0
Pulse/internal/repository/datasource_repository.go:537.3,537.21 1 0
Pulse/internal/repository/datasource_repository.go:537.21,539.18 2 0
Pulse/internal/repository/datasource_repository.go:539.18,541.5 1 0
Pulse/internal/repository/datasource_repository.go:544.3,544.41 1 0
Pulse/internal/repository/datasource_repository.go:547.2,547.34 1 0
Pulse/internal/repository/datasource_repository.go:547.34,549.3 1 0
Pulse/internal/repository/datasource_repository.go:552.2,553.42 2 0
Pulse/internal/repository/datasource_repository.go:553.42,555.3 1 0
Pulse/internal/repository/datasource_repository.go:557.2,559.19 3 0
Pulse/internal/repository/datasource_repository.go:559.19,560.22 1 0
Pulse/internal/repository/datasource_repository.go:560.22,562.4 1 0
Pulse/internal/repository/datasource_repository.go:563.3,563.26 1 0
Pulse/internal/repository/datasource_repository.go:563.26,565.4 1 0
Pulse/internal/repository/datasource_repository.go:568.2,574.8 1 0
Pulse/internal/repository/datasource_repository.go:578.107,585.19 5 0
Pulse/internal/repository/datasource_repository.go:585.19,586.25 1 0
Pulse/internal/repository/datasource_repository.go:586.25,590.4 3 0
Pulse/internal/repository/datasource_repository.go:592.3,592.27 1 0
Pulse/internal/repository/datasource_repository.go:592.27,596.4 3 0
Pulse/internal/repository/datasource_repository.go:601.2,602.25 2 0
Pulse/internal/repository/datasource_repository.go:602.25,604.3 1 0
Pulse/internal/repository/datasource_repository.go:606.2,609.16 4 0
Pulse/internal/repository/datasource_repository.go:609.16,611.3 1 0
Pulse/internal/repository/datasource_repository.go:613.2,613.19 1 0
Pulse/internal/repository/datasource_repository.go:617.85,621.16 4 0
Pulse/internal/repository/datasource_repository.go:621.16,623.3 1 0
Pulse/internal/repository/datasource_repository.go:624.2,624.23 1 0
Pulse/internal/repository/datasource_repository.go:628.93,632.16 4 0
Pulse/internal/repository/datasource_repository.go:632.16,634.3 1 0
Pulse/internal/repository/datasource_repository.go:635.2,635.23 1 0
Pulse/internal/repository/datasource_repository.go:639.129,660.2 5 0
Pulse/internal/repository/datasource_repository.go:663.122,665.15 2 0
Pulse/internal/repository/datasource_repository.go:665.15,667.3 1 0
Pulse/internal/repository/datasource_repository.go:667.8,669.3 1 0
Pulse/internal/repository/datasource_repository.go:671.2,678.16 3 0
Pulse/internal/repository/datasource_repository.go:678.16,680.3 1 0
Pulse/internal/repository/datasource_repository.go:682.2,682.12 1 0
Pulse/internal/repository/datasource_repository.go:686.113,694.16 3 0
Pulse/internal/repository/datasource_repository.go:694.16,696.3 1 0
Pulse/internal/repository/datasource_repository.go:698.2,698.12 1 0
Pulse/internal/repository/datasource_repository.go:702.119,704.16 2 0
Pulse/internal/repository/datasource_repository.go:704.16,706.3 1 0
Pulse/internal/repository/datasource_repository.go:708.2,715.16 3 0
Pulse/internal/repository/datasource_repository.go:715.16,717.3 1 0
Pulse/internal/repository/datasource_repository.go:719.2,719.12 1 0
Pulse/internal/repository/datasource_repository.go:723.77,733.16 4 0
Pulse/internal/repository/datasource_repository.go:733.16,735.3 1 0
Pulse/internal/repository/datasource_repository.go:736.2,736.12 1 0
Pulse/internal/repository/datasource_repository.go:740.78,750.16 4 0
Pulse/internal/repository/datasource_repository.go:750.16,752.3 1 0
Pulse/internal/repository/datasource_repository.go:753.2,753.12 1 0
Pulse/internal/repository/datasource_repository.go:757.123,767.16 3 0
Pulse/internal/repository/datasource_repository.go:767.16,769.3 1 0
Pulse/internal/repository/datasource_repository.go:770.2,773.18 3 0
Pulse/internal/repository/datasource_repository.go:773.18,782.17 4 0
Pulse/internal/repository/datasource_repository.go:782.17,784.4 1 0
Pulse/internal/repository/datasource_repository.go:787.3,787.23 1 0
Pulse/internal/repository/datasource_repository.go:787.23,789.18 2 0
Pulse/internal/repository/datasource_repository.go:789.18,791.5 1 0
Pulse/internal/repository/datasource_repository.go:795.3,795.21 1 0
Pulse/internal/repository/datasource_repository.go:795.21,797.18 2 0
Pulse/internal/repository/datasource_repository.go:797.18,799.5 1 0
Pulse/internal/repository/datasource_repository.go:803.3,803.24 1 0
Pulse/internal/repository/datasource_repository.go:803.24,805.18 2 0
Pulse/internal/repository/datasource_repository.go:805.18,807.5 1 0
Pulse/internal/repository/datasource_repository.go:810.3,810.41 1 0
Pulse/internal/repository/datasource_repository.go:813.2,813.34 1 0
Pulse/internal/repository/datasource_repository.go:813.34,815.3 1 0
Pulse/internal/repository/datasource_repository.go:817.2,817.25 1 0
Pulse/internal/repository/datasource_repository.go:821.104,831.16 3 0
Pulse/internal/repository/datasource_repository.go:831.16,833.3 1 0
Pulse/internal/repository/datasource_repository.go:834.2,837.18 3 0
Pulse/internal/repository/datasource_repository.go:837.18,846.17 4 0
Pulse/internal/repository/datasource_repository.go:846.17,848.4 1 0
Pulse/internal/repository/datasource_repository.go:851.3,851.23 1 0
Pulse/internal/repository/datasource_repository.go:851.23,853.18 2 0
Pulse/internal/repository/datasource_repository.go:853.18,855.5 1 0
Pulse/internal/repository/datasource_repository.go:859.3,859.21 1 0
Pulse/internal/repository/datasource_repository.go:859.21,861.18 2 0
Pulse/internal/repository/datasource_repository.go:861.18,863.5 1 0
Pulse/internal/repository/datasource_repository.go:867.3,867.24 1 0
Pulse/internal/repository/datasource_repository.go:867.24,869.18 2 0
Pulse/internal/repository/datasource_repository.go:869.18,871.5 1 0
Pulse/internal/repository/datasource_repository.go:874.3,874.41 1 0
Pulse/internal/repository/datasource_repository.go:877.2,877.34 1 0
Pulse/internal/repository/datasource_repository.go:877.34,879.3 1 0
Pulse/internal/repository/datasource_repository.go:881.2,881.25 1 0
Pulse/internal/repository/datasource_repository.go:885.105,886.27 1 0
Pulse/internal/repository/datasource_repository.go:886.27,888.3 1 0
Pulse/internal/repository/datasource_repository.go:890.2,891.16 2 0
Pulse/internal/repository/datasource_repository.go:891.16,893.3 1 0
Pulse/internal/repository/datasource_repository.go:894.2,896.33 2 0
Pulse/internal/repository/datasource_repository.go:896.33,897.18 1 0
Pulse/internal/repository/datasource_repository.go:897.18,899.4 1 0
Pulse/internal/repository/datasource_repository.go:901.3,905.22 4 0
Pulse/internal/repository/datasource_repository.go:905.22,907.4 1 0
Pulse/internal/repository/datasource_repository.go:910.3,911.17 2 0
Pulse/internal/repository/datasource_repository.go:911.17,913.4 1 0
Pulse/internal/repository/datasource_repository.go:915.3,916.17 2 0
Pulse/internal/repository/datasource_repository.go:916.17,918.4 1 0
Pulse/internal/repository/datasource_repository.go:920.3,921.24 2 0
Pulse/internal/repository/datasource_repository.go:921.24,923.18 2 0
Pulse/internal/repository/datasource_repository.go:923.18,925.5 1 0
Pulse/internal/repository/datasource_repository.go:928.3,942.17 3 0
Pulse/internal/repository/datasource_repository.go:942.17,944.4 1 0
Pulse/internal/repository/datasource_repository.go:947.2,947.20 1 0
Pulse/internal/repository/datasource_repository.go:951.105,952.27 1 0
Pulse/internal/repository/datasource_repository.go:952.27,954.3 1 0
Pulse/internal/repository/datasource_repository.go:956.2,957.16 2 0
Pulse/internal/repository/datasource_repository.go:957.16,959.3 1 0
Pulse/internal/repository/datasource_repository.go:960.2,962.33 2 0
Pulse/internal/repository/datasource_repository.go:962.33,967.17 3 0
Pulse/internal/repository/datasource_repository.go:967.17,969.4 1 0
Pulse/internal/repository/datasource_repository.go:971.3,972.17 2 0
Pulse/internal/repository/datasource_repository.go:972.17,974.4 1 0
Pulse/internal/repository/datasource_repository.go:976.3,977.24 2 0
Pulse/internal/repository/datasource_repository.go:977.24,979.18 2 0
Pulse/internal/repository/datasource_repository.go:979.18,981.5 1 0
Pulse/internal/repository/datasource_repository.go:984.3,1006.17 3 0
Pulse/internal/repository/datasource_repository.go:1006.17,1008.4 1 0
Pulse/internal/repository/datasource_repository.go:1011.2,1011.20 1 0
Pulse/internal/repository/datasource_repository.go:1015.85,1016.19 1 0
Pulse/internal/repository/datasource_repository.go:1016.19,1018.3 1 0
Pulse/internal/repository/datasource_repository.go:1020.2,1021.16 2 0
Pulse/internal/repository/datasource_repository.go:1021.16,1023.3 1 0
Pulse/internal/repository/datasource_repository.go:1024.2,1027.25 3 0
Pulse/internal/repository/datasource_repository.go:1027.25,1035.17 3 0
Pulse/internal/repository/datasource_repository.go:1035.17,1037.4 1 0
Pulse/internal/repository/datasource_repository.go:1040.2,1040.20 1 0
Pulse/internal/repository/knowledge_repository.go:23.62,27.2 1 1
Pulse/internal/repository/knowledge_repository.go:30.68,34.2 1 0
Pulse/internal/repository/knowledge_repository.go:37.61,38.17 1 1
Pulse/internal/repository/knowledge_repository.go:38.17,40.3 1 0
Pulse/internal/repository/knowledge_repository.go:41.2,41.13 1 1
Pulse/internal/repository/knowledge_repository.go:45.99,46.22 1 1
Pulse/internal/repository/knowledge_repository.go:46.22,48.3 1 0
Pulse/internal/repository/knowledge_repository.go:50.2,55.26 5 1
Pulse/internal/repository/knowledge_repository.go:55.26,57.3 1 1
Pulse/internal/repository/knowledge_repository.go:60.2,61.16 2 1
Pulse/internal/repository/knowledge_repository.go:61.16,63.3 1 0
Pulse/internal/repository/knowledge_repository.go:65.2,66.16 2 1
Pulse/internal/repository/knowledge_repository.go:66.16,68.3 1 0
Pulse/internal/repository/knowledge_repository.go:70.2,103.16 3 1
Pulse/internal/repository/knowledge_repository.go:103.16,105.3 1 1
Pulse/internal/repository/knowledge_repository.go:107.2,107.12 1 0
Pulse/internal/repository/knowledge_repository.go:111.79,116.16 4 0
Pulse/internal/repository/knowledge_repository.go:116.16,117.27 1 0
Pulse/internal/repository/knowledge_repository.go:117.27,119.4 1 0
Pulse/internal/repository/knowledge_repository.go:120.3,120.60 1 0
Pulse/internal/repository/knowledge_repository.go:124.2,124.53 1 0
Pulse/internal/repository/knowledge_repository.go:124.53,126.3 1 0
Pulse/internal/repository/knowledge_repository.go:129.2,135.16 3 0
Pulse/internal/repository/knowledge_repository.go:135.16,137.3 1 0
Pulse/internal/repository/knowledge_repository.go:139.2,139.12 1 0
Pulse/internal/repository/knowledge_repository.go:143.105,161.16 5 1
Pulse/internal/repository/knowledge_repository.go:161.16,162.27 1 1
Pulse/internal/repository/knowledge_repository.go:162.27,164.4 1 1
Pulse/internal/repository/knowledge_repository.go:165.3,165.65 1 0
Pulse/internal/repository/knowledge_repository.go:169.2,169.20 1 1
Pulse/internal/repository/knowledge_repository.go:169.20,171.17 2 1
Pulse/internal/repository/knowledge_repository.go:171.17,173.4 1 0
Pulse/internal/repository/knowledge_repository.go:177.2,177.24 1 1
Pulse/internal/repository/knowledge_repository.go:177.24,179.17 2 1
Pulse/internal/repository/knowledge_repository.go:179.17,181.4 1 0
Pulse/internal/repository/knowledge_repository.go:184.2,184.22 1 1
Pulse/internal/repository/knowledge_repository.go:188.109,206.16 5 0
Pulse/internal/repository/knowledge_repository.go:206.16,207.27 1 0
Pulse/internal/repository/knowledge_repository.go:207.27,209.4 1 0
Pulse/internal/repository/knowledge_repository.go:210.3,210.65 1 0
Pulse/internal/repository/knowledge_repository.go:214.2,214.20 1 0
Pulse/internal/repository/knowledge_repository.go:214.20,216.17 2 0
Pulse/internal/repository/knowledge_repository.go:216.17,218.4 1 0
Pulse/internal/repository/knowledge_repository.go:221.2,221.24 1 0
Pulse/internal/repository/knowledge_repository.go:221.24,223.17 2 0
Pulse/internal/repository/knowledge_repository.go:223.17,225.4 1 0
Pulse/internal/repository/knowledge_repository.go:228.2,228.22 1 0
Pulse/internal/repository/knowledge_repository.go:232.99,235.27 2 1
Pulse/internal/repository/knowledge_repository.go:235.27,237.3 1 1
Pulse/internal/repository/knowledge_repository.go:237.8,240.28 2 0
Pulse/internal/repository/knowledge_repository.go:240.28,242.4 1 0
Pulse/internal/repository/knowledge_repository.go:243.3,243.28 1 0
Pulse/internal/repository/knowledge_repository.go:247.2,248.16 2 1
Pulse/internal/repository/knowledge_repository.go:248.16,250.3 1 0
Pulse/internal/repository/knowledge_repository.go:252.2,253.16 2 1
Pulse/internal/repository/knowledge_repository.go:253.16,255.3 1 0
Pulse/internal/repository/knowledge_repository.go:257.2,295.16 3 1
Pulse/internal/repository/knowledge_repository.go:295.16,297.3 1 1
Pulse/internal/repository/knowledge_repository.go:299.2,299.12 1 0
Pulse/internal/repository/knowledge_repository.go:303.76,306.16 3 1
Pulse/internal/repository/knowledge_repository.go:306.16,308.3 1 0
Pulse/internal/repository/knowledge_repository.go:309.2,309.12 1 1
Pulse/internal/repository/knowledge_repository.go:313.80,322.16 4 1
Pulse/internal/repository/knowledge_repository.go:322.16,324.3 1 1
Pulse/internal/repository/knowledge_repository.go:325.2,325.12 1 1
Pulse/internal/repository/knowledge_repository.go:329.120,336.19 5 1
Pulse/internal/repository/knowledge_repository.go:336.19,337.27 1 1
Pulse/internal/repository/knowledge_repository.go:337.27,341.4 3 0
Pulse/internal/repository/knowledge_repository.go:343.3,343.31 1 1
Pulse/internal/repository/knowledge_repository.go:343.31,347.4 3 0
Pulse/internal/repository/knowledge_repository.go:349.3,349.25 1 1
Pulse/internal/repository/knowledge_repository.go:349.25,353.4 3 0
Pulse/internal/repository/knowledge_repository.go:355.3,355.29 1 1
Pulse/internal/repository/knowledge_repository.go:355.29,359.4 3 0
Pulse/internal/repository/knowledge_repository.go:361.3,361.29 1 1
Pulse/internal/repository/knowledge_repository.go:361.29,365.4 3 0
Pulse/internal/repository/knowledge_repository.go:367.3,367.31 1 1
Pulse/internal/repository/knowledge_repository.go:367.31,371.4 3 0
Pulse/internal/repository/knowledge_repository.go:373.3,373.31 1 1
Pulse/internal/repository/knowledge_repository.go:373.31,377.4 3 0
Pulse/internal/repository/knowledge_repository.go:379.3,379.53 1 1
Pulse/internal/repository/knowledge_repository.go:379.53,383.4 3 0
Pulse/internal/repository/knowledge_repository.go:385.3,385.49 1 1
Pulse/internal/repository/knowledge_repository.go:385.49,387.36 2 0
Pulse/internal/repository/knowledge_repository.go:387.36,391.5 3 0
Pulse/internal/repository/knowledge_repository.go:392.4,392.80 1 0
Pulse/internal/repository/knowledge_repository.go:396.2,397.25 2 1
Pulse/internal/repository/knowledge_repository.go:397.25,399.3 1 1
Pulse/internal/repository/knowledge_repository.go:402.2,405.16 4 1
Pulse/internal/repository/knowledge_repository.go:405.16,407.3 1 0
Pulse/internal/repository/knowledge_repository.go:410.2,411.43 2 1
Pulse/internal/repository/knowledge_repository.go:411.43,412.25 1 0
Pulse/internal/repository/knowledge_repository.go:413.16,414.34 1 0
Pulse/internal/repository/knowledge_repository.go:415.21,416.40 1 0
Pulse/internal/repository/knowledge_repository.go:417.21,418.40 1 0
Pulse/internal/repository/knowledge_repository.go:419.21,420.40 1 0
Pulse/internal/repository/knowledge_repository.go:424.2,431.61 2 1
Pulse/internal/repository/knowledge_repository.go:431.61,435.3 3 1
Pulse/internal/repository/knowledge_repository.go:437.2,438.16 2 1
Pulse/internal/repository/knowledge_repository.go:438.16,440.3 1 0
Pulse/internal/repository/knowledge_repository.go:441.2,444.18 3 1
Pulse/internal/repository/knowledge_repository.go:444.18,454.17 4 1
Pulse/internal/repository/knowledge_repository.go:454.17,456.4 1 0
Pulse/internal/repository/knowledge_repository.go:459.3,459.21 1 1
Pulse/internal/repository/knowledge_repository.go:459.21,461.18 2 1
Pulse/internal/repository/knowledge_repository.go:461.18,463.5 1 0
Pulse/internal/repository/knowledge_repository.go:466.3,466.25 1 1
Pulse/internal/repository/knowledge_repository.go:466.25,468.18 2 1
Pulse/internal/repository/knowledge_repository.go:468.18,470.5 1 0
Pulse/internal/repository/knowledge_repository.go:473.3,473.40 1 1
Pulse/internal/repository/knowledge_repository.go:476.2,476.34 1 1
Pulse/internal/repository/knowledge_repository.go:476.34,478.3 1 0
Pulse/internal/repository/knowledge_repository.go:481.2,482.42 2 1
Pulse/internal/repository/knowledge_repository.go:482.42,484.3 1 1
Pulse/internal/repository/knowledge_repository.go:486.2,490.8 1 1
Pulse/internal/repository/knowledge_repository.go:494.105,501.19 5 1
Pulse/internal/repository/knowledge_repository.go:501.19,502.27 1 1
Pulse/internal/repository/knowledge_repository.go:502.27,506.4 3 0
Pulse/internal/repository/knowledge_repository.go:508.3,508.31 1 1
Pulse/internal/repository/knowledge_repository.go:508.31,512.4 3 0
Pulse/internal/repository/knowledge_repository.go:514.3,514.31 1 1
Pulse/internal/repository/knowledge_repository.go:514.31,518.4 3 0
Pulse/internal/repository/knowledge_repository.go:521.2,522.25 2 1
Pulse/internal/repository/knowledge_repository.go:522.25,524.3 1 1
Pulse/internal/repository/knowledge_repository.go:526.2,529.16 4 1
Pulse/internal/repository/knowledge_repository.go:529.16,531.3 1 0
Pulse/internal/repository/knowledge_repository.go:533.2,533.19 1 1
Pulse/internal/repository/knowledge_repository.go:537.84,541.16 4 1
Pulse/internal/repository/knowledge_repository.go:541.16,543.3 1 1
Pulse/internal/repository/knowledge_repository.go:544.2,544.23 1 0
Pulse/internal/repository/knowledge_repository.go:548.92,552.16 4 0
Pulse/internal/repository/knowledge_repository.go:552.16,554.3 1 0
Pulse/internal/repository/knowledge_repository.go:555.2,555.23 1 0
Pulse/internal/repository/knowledge_repository.go:559.113,567.47 3 1
Pulse/internal/repository/knowledge_repository.go:567.47,576.17 3 0
Pulse/internal/repository/knowledge_repository.go:576.17,578.4 1 0
Pulse/internal/repository/knowledge_repository.go:579.8,581.17 2 1
Pulse/internal/repository/knowledge_repository.go:581.17,583.4 1 0
Pulse/internal/repository/knowledge_repository.go:586.2,586.12 1 1
Pulse/internal/repository/knowledge_repository.go:590.106,605.16 4 1
Pulse/internal/repository/knowledge_repository.go:605.16,607.3 1 1
Pulse/internal/repository/knowledge_repository.go:609.2,610.16 2 0
Pulse/internal/repository/knowledge_repository.go:610.16,612.3 1 0
Pulse/internal/repository/knowledge_repository.go:614.2,614.23 1 0
Pulse/internal/repository/knowledge_repository.go:614.23,616.3 1 0
Pulse/internal/repository/knowledge_repository.go:618.2,618.12 1 0
Pulse/internal/repository/knowledge_repository.go:622.105,636.16 4 1
Pulse/internal/repository/knowledge_repository.go:636.16,638.3 1 0
Pulse/internal/repository/knowledge_repository.go:640.2,641.16 2 1
Pulse/internal/repository/knowledge_repository.go:641.16,643.3 1 0
Pulse/internal/repository/knowledge_repository.go:645.2,645.23 1 1
Pulse/internal/repository/knowledge_repository.go:645.23,647.3 1 0
Pulse/internal/repository/knowledge_repository.go:649.2,649.12 1 1
Pulse/internal/repository/knowledge_repository.go:653.90,663.16 4 1
Pulse/internal/repository/knowledge_repository.go:663.16,665.3 1 1
Pulse/internal/repository/knowledge_repository.go:667.2,667.12 1 1
Pulse/internal/repository/knowledge_repository.go:671.79,673.2 1 0
Pulse/internal/repository/knowledge_repository.go:676.77,678.2 1 1
Pulse/internal/repository/knowledge_repository.go:681.88,689.16 3 1
Pulse/internal/repository/knowledge_repository.go:689.16,691.3 1 0
Pulse/internal/repository/knowledge_repository.go:692.2,692.12 1 1
Pulse/internal/repository/knowledge_repository.go:696.88,704.16 3 1
Pulse/internal/repository/knowledge_repository.go:704.16,706.3 1 0
Pulse/internal/repository/knowledge_repository.go:707.2,707.12 1 1
Pulse/internal/repository/knowledge_repository.go:711.88,719.16 3 0
Pulse/internal/repository/knowledge_repository.go:719.16,721.3 1 0
Pulse/internal/repository/knowledge_repository.go:722.2,722.12 1 0
Pulse/internal/repository/knowledge_repository.go:726.91,734.16 3 0
Pulse/internal/repository/knowledge_repository.go:734.16,736.3 1 0
Pulse/internal/repository/knowledge_repository.go:737.2,737.12 1 0
Pulse/internal/repository/knowledge_repository.go:741.89,749.16 3 0
Pulse/internal/repository/knowledge_repository.go:749.16,751.3 1 0
Pulse/internal/repository/knowledge_repository.go:752.2,752.12 1 0
Pulse/internal/repository/knowledge_repository.go:756.92,764.16 3 0
Pulse/internal/repository/knowledge_repository.go:764.16,766.3 1 0
Pulse/internal/repository/knowledge_repository.go:767.2,767.12 1 0
Pulse/internal/repository/knowledge_repository.go:771.98,779.16 3 0
Pulse/internal/repository/knowledge_repository.go:779.16,781.3 1 0
Pulse/internal/repository/knowledge_repository.go:782.2,782.12 1 0
Pulse/internal/repository/knowledge_repository.go:786.106,787.22 1 1
Pulse/internal/repository/knowledge_repository.go:787.22,789.3 1 1
Pulse/internal/repository/knowledge_repository.go:791.2,805.16 4 1
Pulse/internal/repository/knowledge_repository.go:805.16,807.3 1 0
Pulse/internal/repository/knowledge_repository.go:809.2,809.12 1 1
Pulse/internal/repository/knowledge_repository.go:813.118,821.16 3 1
Pulse/internal/repository/knowledge_repository.go:821.16,823.3 1 0
Pulse/internal/repository/knowledge_repository.go:824.2,827.18 3 1
Pulse/internal/repository/knowledge_repository.go:827.18,833.17 3 1
Pulse/internal/repository/knowledge_repository.go:833.17,835.4 1 0
Pulse/internal/repository/knowledge_repository.go:836.3,836.40 1 1
Pulse/internal/repository/knowledge_repository.go:839.2,839.34 1 1
Pulse/internal/repository/knowledge_repository.go:839.34,841.3 1 0
Pulse/internal/repository/knowledge_repository.go:843.2,843.22 1 1
Pulse/internal/repository/knowledge_repository.go:847.129,860.16 4 0
Pulse/internal/repository/knowledge_repository.go:860.16,861.27 1 0
Pulse/internal/repository/knowledge_repository.go:861.27,863.4 1 0
Pulse/internal/repository/knowledge_repository.go:864.3,864.62 1 0
Pulse/internal/repository/knowledge_repository.go:867.2,867.22 1 0
Pulse/internal/repository/knowledge_repository.go:871.102,874.16 2 0
Pulse/internal/repository/knowledge_repository.go:874.16,876.3 1 0
Pulse/internal/repository/knowledge_repository.go:879.2,891.16 3 0
Pulse/internal/repository/knowledge_repository.go:891.16,893.3 1 0
Pulse/internal/repository/knowledge_repository.go:895.2,895.12 1 0
Pulse/internal/repository/knowledge_repository.go:899.109,900.23 1 1
Pulse/internal/repository/knowledge_repository.go:900.23,902.3 1 1
Pulse/internal/repository/knowledge_repository.go:904.2,920.16 6 1
Pulse/internal/repository/knowledge_repository.go:920.16,922.3 1 0
Pulse/internal/repository/knowledge_repository.go:924.2,924.12 1 1
Pulse/internal/repository/knowledge_repository.go:928.103,936.16 3 1
Pulse/internal/repository/knowledge_repository.go:936.16,938.3 1 0
Pulse/internal/repository/knowledge_repository.go:939.2,942.18 3 1
Pulse/internal/repository/knowledge_repository.go:942.18,948.17 3 1
Pulse/internal/repository/knowledge_repository.go:948.17,950.4 1 0
Pulse/internal/repository/knowledge_repository.go:951.3,951.45 1 1
Pulse/internal/repository/knowledge_repository.go:954.2,954.34 1 1
Pulse/internal/repository/knowledge_repository.go:954.34,956.3 1 0
Pulse/internal/repository/knowledge_repository.go:958.2,958.24 1 1
Pulse/internal/repository/knowledge_repository.go:962.109,980.16 4 0
Pulse/internal/repository/knowledge_repository.go:980.16,982.3 1 0
Pulse/internal/repository/knowledge_repository.go:984.2,984.12 1 0
Pulse/internal/repository/knowledge_repository.go:988.84,997.16 4 0
Pulse/internal/repository/knowledge_repository.go:997.16,999.3 1 0
Pulse/internal/repository/knowledge_repository.go:1000.2,1000.12 1 0
Pulse/internal/repository/knowledge_repository.go:1006.90,1015.16 3 0
Pulse/internal/repository/knowledge_repository.go:1015.16,1017.3 1 0
Pulse/internal/repository/knowledge_repository.go:1018.2,1021.18 3 0
Pulse/internal/repository/knowledge_repository.go:1021.18,1025.17 4 0
Pulse/internal/repository/knowledge_repository.go:1025.17,1027.4 1 0
Pulse/internal/repository/knowledge_repository.go:1028.3,1028.21 1 0
Pulse/internal/repository/knowledge_repository.go:1031.2,1031.34 1 0
Pulse/internal/repository/knowledge_repository.go:1031.34,1033.3 1 0
Pulse/internal/repository/knowledge_repository.go:1035.2,1035.19 1 0
Pulse/internal/repository/knowledge_repository.go:1039.103,1053.16 3 0
Pulse/internal/repository/knowledge_repository.go:1053.16,1055.3 1 0
Pulse/internal/repository/knowledge_repository.go:1056.2,1059.18 3 0
Pulse/internal/repository/knowledge_repository.go:1059.18,1075.17 7 0
Pulse/internal/repository/knowledge_repository.go:1075.17,1077.4 1 0
Pulse/internal/repository/knowledge_repository.go:1080.3,1089.19 2 0
Pulse/internal/repository/knowledge_repository.go:1089.19,1091.4 1 0
Pulse/internal/repository/knowledge_repository.go:1092.3,1092.25 1 0
Pulse/internal/repository/knowledge_repository.go:1092.25,1094.4 1 0
Pulse/internal/repository/knowledge_repository.go:1095.3,1095.17 1 0
Pulse/internal/repository/knowledge_repository.go:1095.17,1097.4 1 0
Pulse/internal/repository/knowledge_repository.go:1100.3,1100.21 1 0
Pulse/internal/repository/knowledge_repository.go:1100.21,1102.4 1 0
Pulse/internal/repository/knowledge_repository.go:1103.3,1103.25 1 0
Pulse/internal/repository/knowledge_repository.go:1103.25,1105.4 1 0
Pulse/internal/repository/knowledge_repository.go:1106.3,1106.29 1 0
Pulse/internal/repository/knowledge_repository.go:1106.29,1108.4 1 0
Pulse/internal/repository/knowledge_repository.go:1109.3,1109.25 1 0
Pulse/internal/repository/knowledge_repository.go:1109.25,1111.4 1 0
Pulse/internal/repository/knowledge_repository.go:1112.3,1112.27 1 0
Pulse/internal/repository/knowledge_repository.go:1112.27,1114.4 1 0
Pulse/internal/repository/knowledge_repository.go:1116.3,1116.36 1 0
Pulse/internal/repository/knowledge_repository.go:1119.2,1119.34 1 0
Pulse/internal/repository/knowledge_repository.go:1119.34,1121.3 1 0
Pulse/internal/repository/knowledge_repository.go:1123.2,1123.23 1 0
Pulse/internal/repository/knowledge_repository.go:1127.102,1141.16 3 0
Pulse/internal/repository/knowledge_repository.go:1141.16,1143.3 1 0
Pulse/internal/repository/knowledge_repository.go:1144.2,1147.18 3 0
Pulse/internal/repository/knowledge_repository.go:1147.18,1162.17 7 0
Pulse/internal/repository/knowledge_repository.go:1162.17,1164.4 1 0
Pulse/internal/repository/knowledge_repository.go:1167.3,1176.19 2 0
Pulse/internal/repository/knowledge_repository.go:1176.19,1178.4 1 0
Pulse/internal/repository/knowledge_repository.go:1179.3,1179.25 1 0
Pulse/internal/repository/knowledge_repository.go:1179.25,1181.4 1 0
Pulse/internal/repository/knowledge_repository.go:1184.3,1184.21 1 0
Pulse/internal/repository/knowledge_repository.go:1184.21,1186.4 1 0
Pulse/internal/repository/knowledge_repository.go:1187.3,1187.25 1 0
Pulse/internal/repository/knowledge_repository.go:1187.25,1189.4 1 0
Pulse/internal/repository/knowledge_repository.go:1190.3,1190.29 1 0
Pulse/internal/repository/knowledge_repository.go:1190.29,1192.4 1 0
Pulse/internal/repository/knowledge_repository.go:1193.3,1193.25 1 0
Pulse/internal/repository/knowledge_repository.go:1193.25,1195.4 1 0
Pulse/internal/repository/knowledge_repository.go:1196.3,1196.27 1 0
Pulse/internal/repository/knowledge_repository.go:1196.27,1198.4 1 0
Pulse/internal/repository/knowledge_repository.go:1200.3,1200.36 1 0
Pulse/internal/repository/knowledge_repository.go:1203.2,1203.34 1 0
Pulse/internal/repository/knowledge_repository.go:1203.34,1205.3 1 0
Pulse/internal/repository/knowledge_repository.go:1207.2,1207.23 1 0
Pulse/internal/repository/knowledge_repository.go:1211.123,1232.16 3 0
Pulse/internal/repository/knowledge_repository.go:1232.16,1234.3 1 0
Pulse/internal/repository/knowledge_repository.go:1235.2,1238.18 3 0
Pulse/internal/repository/knowledge_repository.go:1238.18,1253.17 7 0
Pulse/internal/repository/knowledge_repository.go:1253.17,1255.4 1 0
Pulse/internal/repository/knowledge_repository.go:1258.3,1267.19 2 0
Pulse/internal/repository/knowledge_repository.go:1267.19,1269.4 1 0
Pulse/internal/repository/knowledge_repository.go:1270.3,1270.25 1 0
Pulse/internal/repository/knowledge_repository.go:1270.25,1272.4 1 0
Pulse/internal/repository/knowledge_repository.go:1275.3,1275.21 1 0
Pulse/internal/repository/knowledge_repository.go:1275.21,1277.4 1 0
Pulse/internal/repository/knowledge_repository.go:1278.3,1278.25 1 0
Pulse/internal/repository/knowledge_repository.go:1278.25,1280.4 1 0
Pulse/internal/repository/knowledge_repository.go:1281.3,1281.29 1 0
Pulse/internal/repository/knowledge_repository.go:1281.29,1283.4 1 0
Pulse/internal/repository/knowledge_repository.go:1284.3,1284.25 1 0
Pulse/internal/repository/knowledge_repository.go:1284.25,1286.4 1 0
Pulse/internal/repository/knowledge_repository.go:1287.3,1287.27 1 0
Pulse/internal/repository/knowledge_repository.go:1287.27,1289.4 1 0
Pulse/internal/repository/knowledge_repository.go:1291.3,1291.36 1 0
Pulse/internal/repository/knowledge_repository.go:1294.2,1294.34 1 0
Pulse/internal/repository/knowledge_repository.go:1294.34,1296.3 1 0
Pulse/internal/repository/knowledge_repository.go:1298.2,1298.23 1 0
Pulse/internal/repository/knowledge_repository.go:1302.112,1303.25 1 1
Pulse/internal/repository/knowledge_repository.go:1303.25,1305.3 1 1
Pulse/internal/repository/knowledge_repository.go:1307.2,1321.16 4 1
Pulse/internal/repository/knowledge_repository.go:1321.16,1323.3 1 0
Pulse/internal/repository/knowledge_repository.go:1325.2,1325.12 1 1
Pulse/internal/repository/knowledge_repository.go:1329.124,1337.16 3 1
Pulse/internal/repository/knowledge_repository.go:1337.16,1339.3 1 0
Pulse/internal/repository/knowledge_repository.go:1340.2,1343.18 3 1
Pulse/internal/repository/knowledge_repository.go:1343.18,1350.17 4 1
Pulse/internal/repository/knowledge_repository.go:1350.17,1352.4 1 0
Pulse/internal/repository/knowledge_repository.go:1353.3,1353.49 1 1
Pulse/internal/repository/knowledge_repository.go:1356.2,1356.34 1 1
Pulse/internal/repository/knowledge_repository.go:1356.34,1358.3 1 0
Pulse/internal/repository/knowledge_repository.go:1360.2,1360.25 1 1
Pulse/internal/repository/knowledge_repository.go:1364.86,1372.16 4 0
Pulse/internal/repository/knowledge_repository.go:1372.16,1374.3 1 0
Pulse/internal/repository/knowledge_repository.go:1375.2,1375.12 1 0
Pulse/internal/repository/knowledge_repository.go:1379.112,1384.16 3 0
Pulse/internal/repository/knowledge_repository.go:1384.16,1386.3 1 0
Pulse/internal/repository/knowledge_repository.go:1389.2,1390.16 2 0
Pulse/internal/repository/knowledge_repository.go:1390.16,1392.3 1 0
Pulse/internal/repository/knowledge_repository.go:1395.2,1396.16 2 0
Pulse/internal/repository/knowledge_repository.go:1396.16,1398.3 1 0
Pulse/internal/repository/knowledge_repository.go:1401.2,1402.16 2 0
Pulse/internal/repository/knowledge_repository.go:1402.16,1404.3 1 0
Pulse/internal/repository/knowledge_repository.go:1406.2,1406.21 1 0
Pulse/internal/repository/knowledge_repository.go:1410.125,1426.16 4 1
Pulse/internal/repository/knowledge_repository.go:1426.16,1428.3 1 0
Pulse/internal/repository/knowledge_repository.go:1429.2,1431.18 2 1
Pulse/internal/repository/knowledge_repository.go:1431.18,1435.17 4 1
Pulse/internal/repository/knowledge_repository.go:1435.17,1437.4 1 0
Pulse/internal/repository/knowledge_repository.go:1438.3,1440.56 3 1
Pulse/internal/repository/knowledge_repository.go:1440.56,1442.4 1 1
Pulse/internal/repository/knowledge_repository.go:1442.9,1442.59 1 1
Pulse/internal/repository/knowledge_repository.go:1442.59,1444.4 1 1
Pulse/internal/repository/knowledge_repository.go:1448.2,1455.16 3 1
Pulse/internal/repository/knowledge_repository.go:1455.16,1457.3 1 0
Pulse/internal/repository/knowledge_repository.go:1458.2,1460.22 2 1
Pulse/internal/repository/knowledge_repository.go:1460.22,1464.17 4 1
Pulse/internal/repository/knowledge_repository.go:1464.17,1466.4 1 0
Pulse/internal/repository/knowledge_repository.go:1467.3,1467.52 1 1
Pulse/internal/repository/knowledge_repository.go:1471.2,1472.16 2 1
Pulse/internal/repository/knowledge_repository.go:1472.16,1474.3 1 0
Pulse/internal/repository/knowledge_repository.go:1476.2,1477.16 2 1
Pulse/internal/repository/knowledge_repository.go:1477.16,1479.3 1 0
Pulse/internal/repository/knowledge_repository.go:1481.2,1482.16 2 1
Pulse/internal/repository/knowledge_repository.go:1482.16,1484.3 1 0
Pulse/internal/repository/knowledge_repository.go:1486.2,1487.16 2 1
Pulse/internal/repository/knowledge_repository.go:1487.16,1489.3 1 0
Pulse/internal/repository/knowledge_repository.go:1491.2,1491.19 1 1
Pulse/internal/repository/knowledge_repository.go:1495.107,1496.24 1 1
Pulse/internal/repository/knowledge_repository.go:1496.24,1498.3 1 0
Pulse/internal/repository/knowledge_repository.go:1500.2,1501.16 2 1
Pulse/internal/repository/knowledge_repository.go:1501.16,1503.3 1 0
Pulse/internal/repository/knowledge_repository.go:1504.2,1506.35 2 1
Pulse/internal/repository/knowledge_repository.go:1506.35,1507.23 1 1
Pulse/internal/repository/knowledge_repository.go:1507.23,1509.4 1 1
Pulse/internal/repository/knowledge_repository.go:1511.3,1516.27 5 1
Pulse/internal/repository/knowledge_repository.go:1516.27,1518.4 1 1
Pulse/internal/repository/knowledge_repository.go:1521.3,1522.17 2 1
Pulse/internal/repository/knowledge_repository.go:1522.17,1524.4 1 0
Pulse/internal/repository/knowledge_repository.go:1526.3,1527.17 2 1
Pulse/internal/repository/knowledge_repository.go:1527.17,1529.4 1 0
Pulse/internal/repository/knowledge_repository.go:1531.3,1546.17 3 1
Pulse/internal/repository/knowledge_repository.go:1546.17,1548.4 1 1
Pulse/internal/repository/knowledge_repository.go:1551.2,1551.20 1 0
Pulse/internal/repository/knowledge_repository.go:1555.107,1556.24 1 0
Pulse/internal/repository/knowledge_repository.go:1556.24,1558.3 1 0
Pulse/internal/repository/knowledge_repository.go:1560.2,1561.16 2 0
Pulse/internal/repository/knowledge_repository.go:1561.16,1563.3 1 0
Pulse/internal/repository/knowledge_repository.go:1564.2,1566.35 2 0
Pulse/internal/repository/knowledge_repository.go:1566.35,1569.28 2 0
Pulse/internal/repository/knowledge_repository.go:1569.28,1571.4 1 0
Pulse/internal/repository/knowledge_repository.go:1571.9,1574.29 2 0
Pulse/internal/repository/knowledge_repository.go:1574.29,1576.5 1 0
Pulse/internal/repository/knowledge_repository.go:1577.4,1577.29 1 0
Pulse/internal/repository/knowledge_repository.go:1581.3,1582.17 2 0
Pulse/internal/repository/knowledge_repository.go:1582.17,1584.4 1 0
Pulse/internal/repository/knowledge_repository.go:1586.3,1587.17 2 0
Pulse/internal/repository/knowledge_repository.go:1587.17,1589.4 1 0
Pulse/internal/repository/knowledge_repository.go:1591.3,1615.17 3 0
Pulse/internal/repository/knowledge_repository.go:1615.17,1617.4 1 0
Pulse/internal/repository/knowledge_repository.go:1620.2,1620.20 1 0
Pulse/internal/repository/knowledge_repository.go:1624.84,1625.19 1 0
Pulse/internal/repository/knowledge_repository.go:1625.19,1627.3 1 0
Pulse/internal/repository/knowledge_repository.go:1629.2,1630.16 2 0
Pulse/internal/repository/knowledge_repository.go:1630.16,1632.3 1 0
Pulse/internal/repository/knowledge_repository.go:1633.2,1636.25 3 0
Pulse/internal/repository/knowledge_repository.go:1636.25,1644.17 3 0
Pulse/internal/repository/knowledge_repository.go:1644.17,1646.4 1 0
Pulse/internal/repository/knowledge_repository.go:1649.2,1649.20 1 0
Pulse/internal/repository/knowledge_repository.go:1653.85,1654.19 1 0
Pulse/internal/repository/knowledge_repository.go:1654.19,1656.3 1 0
Pulse/internal/repository/knowledge_repository.go:1658.2,1659.16 2 0
Pulse/internal/repository/knowledge_repository.go:1659.16,1661.3 1 0
Pulse/internal/repository/knowledge_repository.go:1662.2,1665.25 3 0
Pulse/internal/repository/knowledge_repository.go:1665.25,1673.17 3 0
Pulse/internal/repository/knowledge_repository.go:1673.17,1675.4 1 0
Pulse/internal/repository/knowledge_repository.go:1678.2,1678.20 1 0
Pulse/internal/repository/knowledge_repository.go:1682.105,1683.19 1 0
Pulse/internal/repository/knowledge_repository.go:1683.19,1685.3 1 0
Pulse/internal/repository/knowledge_repository.go:1687.2,1688.16 2 0
Pulse/internal/repository/knowledge_repository.go:1688.16,1690.3 1 0
Pulse/internal/repository/knowledge_repository.go:1691.2,1694.25 3 0
Pulse/internal/repository/knowledge_repository.go:1694.25,1704.17 3 0
Pulse/internal/repository/knowledge_repository.go:1704.17,1706.4 1 0
Pulse/internal/repository/knowledge_repository.go:1709.2,1709.20 1 0
Pulse/internal/repository/knowledge_repository.go:1713.99,1720.16 3 1
Pulse/internal/repository/knowledge_repository.go:1720.16,1722.3 1 0
Pulse/internal/repository/knowledge_repository.go:1724.2,1725.16 2 1
Pulse/internal/repository/knowledge_repository.go:1725.16,1727.3 1 0
Pulse/internal/repository/knowledge_repository.go:1729.2,1729.26 1 1
Pulse/internal/repository/knowledge_repository.go:1733.82,1741.16 3 0
Pulse/internal/repository/knowledge_repository.go:1741.16,1743.3 1 0
Pulse/internal/repository/knowledge_repository.go:1745.2,1746.16 2 0
Pulse/internal/repository/knowledge_repository.go:1746.16,1748.3 1 0
Pulse/internal/repository/knowledge_repository.go:1750.2,1750.26 1 0
Pulse/internal/repository/knowledge_repository.go:1754.94,1763.16 4 0
Pulse/internal/repository/knowledge_repository.go:1763.16,1765.3 1 0
Pulse/internal/repository/knowledge_repository.go:1767.2,1767.12 1 0
Pulse/internal/repository/knowledge_repository.go:1771.92,1779.16 3 0
Pulse/internal/repository/knowledge_repository.go:1779.16,1781.3 1 0
Pulse/internal/repository/knowledge_repository.go:1782.2,1785.18 3 0
Pulse/internal/repository/knowledge_repository.go:1785.18,1791.17 3 0
Pulse/internal/repository/knowledge_repository.go:1791.17,1793.4 1 0
Pulse/internal/repository/knowledge_repository.go:1794.3,1794.28 1 0
Pulse/internal/repository/knowledge_repository.go:1797.2,1797.18 1 0
Pulse/internal/repository/knowledge_repository.go:1801.100,1813.16 4 0
Pulse/internal/repository/knowledge_repository.go:1813.16,1815.3 1 0
Pulse/internal/repository/knowledge_repository.go:1817.2,1817.18 1 0
Pulse/internal/repository/knowledge_repository.go:1821.94,1831.16 4 0
Pulse/internal/repository/knowledge_repository.go:1831.16,1833.3 1 0
Pulse/internal/repository/knowledge_repository.go:1835.2,1835.12 1 0
Pulse/internal/repository/knowledge_repository.go:1839.79,1843.16 3 0
Pulse/internal/repository/knowledge_repository.go:1843.16,1845.3 1 0
Pulse/internal/repository/knowledge_repository.go:1847.2,1847.12 1 0
Pulse/internal/repository/knowledge_repository.go:1851.149,1855.2 2 0
Pulse/internal/repository/knowledge_repository.go:1858.102,1866.16 3 0
Pulse/internal/repository/knowledge_repository.go:1866.16,1868.3 1 0
Pulse/internal/repository/knowledge_repository.go:1870.2,1870.12 1 0
Pulse/internal/repository/knowledge_repository.go:1874.96,1882.16 3 0
Pulse/internal/repository/knowledge_repository.go:1882.16,1884.3 1 0
Pulse/internal/repository/knowledge_repository.go:1886.2,1886.12 1 0
Pulse/internal/repository/knowledge_repository.go:1890.110,1903.16 4 0
Pulse/internal/repository/knowledge_repository.go:1903.16,1905.3 1 0
Pulse/internal/repository/knowledge_repository.go:1907.2,1907.23 1 0
Pulse/internal/repository/knowledge_repository.go:1911.104,1926.16 3 0
Pulse/internal/repository/knowledge_repository.go:1926.16,1928.3 1 0
Pulse/internal/repository/knowledge_repository.go:1929.2,1932.18 3 0
Pulse/internal/repository/knowledge_repository.go:1932.18,1945.17 3 0
Pulse/internal/repository/knowledge_repository.go:1945.17,1947.4 1 0
Pulse/internal/repository/knowledge_repository.go:1948.3,1948.52 1 0
Pulse/internal/repository/knowledge_repository.go:1951.2,1951.34 1 0
Pulse/internal/repository/knowledge_repository.go:1951.34,1953.3 1 0
Pulse/internal/repository/knowledge_repository.go:1955.2,1955.27 1 0
Pulse/internal/repository/knowledge_repository.go:1959.157,1961.22 1 0
Pulse/internal/repository/knowledge_repository.go:1961.22,1963.3 1 0
Pulse/internal/repository/knowledge_repository.go:1964.2,1964.26 1 0
Pulse/internal/repository/knowledge_repository.go:1964.26,1966.3 1 0
Pulse/internal/repository/knowledge_repository.go:1968.2,1979.16 5 0
Pulse/internal/repository/knowledge_repository.go:1979.16,1981.3 1 0
Pulse/internal/repository/knowledge_repository.go:1984.2,1998.16 3 0
Pulse/internal/repository/knowledge_repository.go:1998.16,2000.3 1 0
Pulse/internal/repository/knowledge_repository.go:2001.2,2004.18 3 0
Pulse/internal/repository/knowledge_repository.go:2004.18,2017.17 3 0
Pulse/internal/repository/knowledge_repository.go:2017.17,2019.4 1 0
Pulse/internal/repository/knowledge_repository.go:2020.3,2020.52 1 0
Pulse/internal/repository/knowledge_repository.go:2023.2,2023.34 1 0
Pulse/internal/repository/knowledge_repository.go:2023.34,2025.3 1 0
Pulse/internal/repository/knowledge_repository.go:2028.2,2036.8 2 0
Pulse/internal/repository/knowledge_repository.go:2040.144,2049.17 5 1
Pulse/internal/repository/knowledge_repository.go:2049.17,2053.3 3 1
Pulse/internal/repository/knowledge_repository.go:2056.2,2056.19 1 1
Pulse/internal/repository/knowledge_repository.go:2056.19,2057.27 1 1
Pulse/internal/repository/knowledge_repository.go:2057.27,2061.4 3 0
Pulse/internal/repository/knowledge_repository.go:2063.3,2063.31 1 1
Pulse/internal/repository/knowledge_repository.go:2063.31,2067.4 3 0
Pulse/internal/repository/knowledge_repository.go:2069.3,2069.29 1 1
Pulse/internal/repository/knowledge_repository.go:2069.29,2073.4 3 0
Pulse/internal/repository/knowledge_repository.go:2077.2,2086.43 3 1
Pulse/internal/repository/knowledge_repository.go:2086.43,2087.25 1 0
Pulse/internal/repository/knowledge_repository.go:2088.16,2089.30 1 0
Pulse/internal/repository/knowledge_repository.go:2090.21,2091.40 1 0
Pulse/internal/repository/knowledge_repository.go:2092.17,2093.36 1 0
Pulse/internal/repository/knowledge_repository.go:2094.21,2095.40 1 0
Pulse/internal/repository/knowledge_repository.go:2098.3,2098.60 1 0
Pulse/internal/repository/knowledge_repository.go:2098.60,2100.4 1 0
Pulse/internal/repository/knowledge_repository.go:2104.2,2106.19 3 1
Pulse/internal/repository/knowledge_repository.go:2106.19,2107.26 1 1
Pulse/internal/repository/knowledge_repository.go:2107.26,2109.4 1 1
Pulse/internal/repository/knowledge_repository.go:2110.3,2110.22 1 1
Pulse/internal/repository/knowledge_repository.go:2110.22,2112.4 1 1
Pulse/internal/repository/knowledge_repository.go:2115.2,2120.16 4 1
Pulse/internal/repository/knowledge_repository.go:2120.16,2122.3 1 0
Pulse/internal/repository/knowledge_repository.go:2123.2,2126.18 3 1
Pulse/internal/repository/knowledge_repository.go:2126.18,2136.17 3 1
Pulse/internal/repository/knowledge_repository.go:2136.17,2138.4 1 0
Pulse/internal/repository/knowledge_repository.go:2139.3,2139.52 1 1
Pulse/internal/repository/knowledge_repository.go:2143.2,2146.16 4 1
Pulse/internal/repository/knowledge_repository.go:2146.16,2148.3 1 0
Pulse/internal/repository/knowledge_repository.go:2151.2,2153.38 3 1
Pulse/internal/repository/knowledge_repository.go:2153.38,2155.3 1 1
Pulse/internal/repository/knowledge_repository.go:2157.2,2164.8 1 1
Pulse/internal/repository/knowledge_repository.go:2168.85,2173.16 4 0
Pulse/internal/repository/knowledge_repository.go:2173.16,2174.27 1 0
Pulse/internal/repository/knowledge_repository.go:2174.27,2176.4 1 0
Pulse/internal/repository/knowledge_repository.go:2177.3,2177.60 1 0
Pulse/internal/repository/knowledge_repository.go:2181.2,2181.50 1 0
Pulse/internal/repository/knowledge_repository.go:2181.50,2183.3 1 0
Pulse/internal/repository/knowledge_repository.go:2186.2,2192.16 3 0
Pulse/internal/repository/knowledge_repository.go:2192.16,2194.3 1 0
Pulse/internal/repository/knowledge_repository.go:2196.2,2196.12 1 0
Pulse/internal/repository/manager.go:26.58,38.2 1 0
Pulse/internal/repository/manager.go:41.51,43.2 1 0
Pulse/internal/repository/manager.go:46.53,48.2 1 0
Pulse/internal/repository/manager.go:51.51,53.2 1 0
Pulse/internal/repository/manager.go:56.63,58.2 1 0
Pulse/internal/repository/manager.go:61.55,63.2 1 0
Pulse/internal/repository/manager.go:66.61,68.2 1 0
Pulse/internal/repository/manager.go:71.63,73.2 1 0
Pulse/internal/repository/manager.go:76.51,78.2 1 0
Pulse/internal/repository/manager.go:81.85,83.16 2 0
Pulse/internal/repository/manager.go:83.16,85.3 1 0
Pulse/internal/repository/manager.go:87.2,98.8 1 0
Pulse/internal/repository/manager.go:102.44,103.17 1 0
Pulse/internal/repository/manager.go:103.17,105.3 1 0
Pulse/internal/repository/manager.go:106.2,106.22 1 0
Pulse/internal/repository/manager.go:110.46,111.17 1 0
Pulse/internal/repository/manager.go:111.17,113.3 1 0
Pulse/internal/repository/manager.go:114.2,114.24 1 0
Pulse/internal/repository/manager.go:118.43,119.17 1 0
Pulse/internal/repository/manager.go:119.17,121.3 1 0
Pulse/internal/repository/manager.go:122.2,122.21 1 0
Pulse/internal/repository/permission_repository.go:24.64,28.2 1 1
Pulse/internal/repository/permission_repository.go:31.70,35.2 1 0
Pulse/internal/repository/permission_repository.go:38.62,39.17 1 1
Pulse/internal/repository/permission_repository.go:39.17,41.3 1 0
Pulse/internal/repository/permission_repository.go:42.2,42.13 1 1
Pulse/internal/repository/permission_repository.go:46.128,51.16 4 1
[...]
Pulse/internal/repository/ticket_repository.go:1064.99,1069.16 3 1
Pulse/internal/repository/ticket_repository.go:1069.16,1071.3 1 0
Pulse/internal/repository/ticket_repository.go:1073.2,1080.16 3 1
Pulse/internal/repository/ticket_repository.go:1080.16,1082.3 1 0
Pulse/internal/repository/ticket_repository.go:1084.2,1085.16 2 1
Pulse/internal/repository/ticket_repository.go:1085.16,1087.3 1 0
Pulse/internal/repository/ticket_repository.go:1089.2,1089.23 1 1
Pulse/internal/repository/ticket_repository.go:1089.23,1091.3 1 0
Pulse/internal/repository/ticket_repository.go:1093.2,1093.12 1 1
Pulse/internal/repository/ticket_repository.go:1097.93,1098.23 1 0
Pulse/internal/repository/ticket_repository.go:1098.23,1100.3 1 0
Pulse/internal/repository/ticket_repository.go:1102.2,1103.16 2 0
Pulse/internal/repository/ticket_repository.go:1103.16,1105.3 1 0
Pulse/internal/repository/ticket_repository.go:1106.2,1108.33 2 0
Pulse/internal/repository/ticket_repository.go:1108.33,1109.22 1 0
Pulse/internal/repository/ticket_repository.go:1109.22,1111.4 1 0
Pulse/internal/repository/ticket_repository.go:1113.3,1117.26 4 0
Pulse/internal/repository/ticket_repository.go:1117.26,1119.4 1 0
Pulse/internal/repository/ticket_repository.go:1121.3,1121.28 1 0
Pulse/internal/repository/ticket_repository.go:1121.28,1123.4 1 0
Pulse/internal/repository/ticket_repository.go:1126.3,1127.17 2 0
Pulse/internal/repository/ticket_repository.go:1127.17,1129.4 1 0
Pulse/internal/repository/ticket_repository.go:1131.3,1132.17 2 0
Pulse/internal/repository/ticket_repository.go:1132.17,1134.4 1 0
Pulse/internal/repository/ticket_repository.go:1136.3,1151.17 3 0
Pulse/internal/repository/ticket_repository.go:1151.17,1153.4 1 0
Pulse/internal/repository/ticket_repository.go:1156.2,1156.20 1 0
Pulse/internal/repository/ticket_repository.go:1160.93,1161.23 1 0
Pulse/internal/repository/ticket_repository.go:1161.23,1163.3 1 0
Pulse/internal/repository/ticket_repository.go:1165.2,1166.16 2 0
Pulse/internal/repository/ticket_repository.go:1166.16,1168.3 1 0
Pulse/internal/repository/ticket_repository.go:1169.2,1171.33 2 0
Pulse/internal/repository/ticket_repository.go:1171.33,1176.17 3 0
Pulse/internal/repository/ticket_repository.go:1176.17,1178.4 1 0
Pulse/internal/repository/ticket_repository.go:1180.3,1181.17 2 0
Pulse/internal/repository/ticket_repository.go:1181.17,1183.4 1 0
Pulse/internal/repository/ticket_repository.go:1185.3,1208.17 3 0
Pulse/internal/repository/ticket_repository.go:1208.17,1210.4 1 0
Pulse/internal/repository/ticket_repository.go:1213.2,1213.20 1 0
Pulse/internal/repository/ticket_repository.go:1217.81,1218.19 1 0
Pulse/internal/repository/ticket_repository.go:1218.19,1220.3 1 0
Pulse/internal/repository/ticket_repository.go:1222.2,1223.16 2 0
Pulse/internal/repository/ticket_repository.go:1223.16,1225.3 1 0
Pulse/internal/repository/ticket_repository.go:1226.2,1229.25 3 0
Pulse/internal/repository/ticket_repository.go:1229.25,1237.17 3 0
Pulse/internal/repository/ticket_repository.go:1237.17,1239.4 1 0
Pulse/internal/repository/ticket_repository.go:1242.2,1242.20 1 0
Pulse/internal/repository/ticket_repository.go:1246.97,1247.22 1 1
Pulse/internal/repository/ticket_repository.go:1247.22,1249.3 1 0
Pulse/internal/repository/ticket_repository.go:1251.2,1256.16 4 1
Pulse/internal/repository/ticket_repository.go:1256.16,1258.3 1 0
Pulse/internal/repository/ticket_repository.go:1260.2,1274.16 3 1
Pulse/internal/repository/ticket_repository.go:1274.16,1276.3 1 0
Pulse/internal/repository/ticket_repository.go:1278.2,1278.12 1 1
Pulse/internal/repository/ticket_repository.go:1282.134,1283.19 1 0
Pulse/internal/repository/ticket_repository.go:1283.19,1285.3 1 0
Pulse/internal/repository/ticket_repository.go:1288.2,1288.22 1 0
Pulse/internal/repository/ticket_repository.go:1288.22,1290.3 1 0
Pulse/internal/repository/ticket_repository.go:1291.2,1291.26 1 0
Pulse/internal/repository/ticket_repository.go:1291.26,1293.3 1 0
Pulse/internal/repository/ticket_repository.go:1296.2,1306.26 7 0
Pulse/internal/repository/ticket_repository.go:1306.26,1310.3 3 0
Pulse/internal/repository/ticket_repository.go:1312.2,1312.28 1 0
Pulse/internal/repository/ticket_repository.go:1312.28,1316.3 3 0
Pulse/internal/repository/ticket_repository.go:1318.2,1318.24 1 0
Pulse/internal/repository/ticket_repository.go:1318.24,1322.3 3 0
Pulse/internal/repository/ticket_repository.go:1325.2,1331.16 5 0
Pulse/internal/repository/ticket_repository.go:1331.16,1333.3 1 0
Pulse/internal/repository/ticket_repository.go:1336.2,1337.26 2 0
Pulse/internal/repository/ticket_repository.go:1337.26,1339.77 2 0
Pulse/internal/repository/ticket_repository.go:1339.77,1341.4 1 0
Pulse/internal/repository/ticket_repository.go:1342.3,1342.69 1 0
Pulse/internal/repository/ticket_repository.go:1346.2,1364.16 6 0
Pulse/internal/repository/ticket_repository.go:1364.16,1366.3 1 0
Pulse/internal/repository/ticket_repository.go:1367.2,1370.18 3 0
Pulse/internal/repository/ticket_repository.go:1370.18,1389.17 5 0
Pulse/internal/repository/ticket_repository.go:1389.17,1391.4 1 0
Pulse/internal/repository/ticket_repository.go:1394.3,1394.72 1 0
Pulse/internal/repository/ticket_repository.go:1394.72,1396.4 1 0
Pulse/internal/repository/ticket_repository.go:1398.3,1398.76 1 0
Pulse/internal/repository/ticket_repository.go:1398.76,1400.4 1 0
Pulse/internal/repository/ticket_repository.go:1402.3,1402.88 1 0
Pulse/internal/repository/ticket_repository.go:1402.88,1404.4 1 0
Pulse/internal/repository/ticket_repository.go:1406.3,1406.20 1 0
Pulse/internal/repository/ticket_repository.go:1406.20,1407.78 1 0
Pulse/internal/repository/ticket_repository.go:1407.78,1409.5 1 0
Pulse/internal/repository/ticket_repository.go:1412.3,1412.37 1 0
Pulse/internal/repository/ticket_repository.go:1415.2,1415.34 1 0
Pulse/internal/repository/ticket_repository.go:1415.34,1417.3 1 0
Pulse/internal/repository/ticket_repository.go:1420.2,1430.8 2 0
Pulse/internal/repository/ticket_repository.go:1434.104,1449.16 3 0
Pulse/internal/repository/ticket_repository.go:1449.16,1451.3 1 0
Pulse/internal/repository/ticket_repository.go:1452.2,1455.18 3 0
Pulse/internal/repository/ticket_repository.go:1455.18,1474.17 5 0
Pulse/internal/repository/ticket_repository.go:1474.17,1476.4 1 0
Pulse/internal/repository/ticket_repository.go:1479.3,1479.72 1 0
Pulse/internal/repository/ticket_repository.go:1479.72,1481.4 1 0
Pulse/internal/repository/ticket_repository.go:1483.3,1483.76 1 0
Pulse/internal/repository/ticket_repository.go:1483.76,1485.4 1 0
Pulse/internal/repository/ticket_repository.go:1487.3,1487.88 1 0
Pulse/internal/repository/ticket_repository.go:1487.88,1489.4 1 0
Pulse/internal/repository/ticket_repository.go:1491.3,1491.20 1 0
Pulse/internal/repository/ticket_repository.go:1491.20,1492.78 1 0
Pulse/internal/repository/ticket_repository.go:1492.78,1494.5 1 0
Pulse/internal/repository/ticket_repository.go:1497.3,1497.37 1 0
Pulse/internal/repository/ticket_repository.go:1500.2,1500.34 1 0
Pulse/internal/repository/ticket_repository.go:1500.34,1502.3 1 0
Pulse/internal/repository/ticket_repository.go:1504.2,1504.21 1 0
Pulse/internal/repository/ticket_repository.go:1508.77,1517.2 3 0
Pulse/internal/repository/ticket_repository.go:1520.80,1530.2 3 0
Pulse/internal/repository/ticket_repository.go:1533.89,1551.16 3 0
Pulse/internal/repository/ticket_repository.go:1551.16,1553.3 1 0
Pulse/internal/repository/ticket_repository.go:1554.2,1557.18 3 0
Pulse/internal/repository/ticket_repository.go:1557.18,1575.17 4 0
Pulse/internal/repository/ticket_repository.go:1575.17,1577.4 1 0
Pulse/internal/repository/ticket_repository.go:1580.3,1580.72 1 0
Pulse/internal/repository/ticket_repository.go:1580.72,1582.4 1 0
Pulse/internal/repository/ticket_repository.go:1583.3,1583.76 1 0
Pulse/internal/repository/ticket_repository.go:1583.76,1585.4 1 0
Pulse/internal/repository/ticket_repository.go:1586.3,1586.88 1 0
Pulse/internal/repository/ticket_repository.go:1586.88,1588.4 1 0
Pulse/internal/repository/ticket_repository.go:1590.3,1590.37 1 0
Pulse/internal/repository/ticket_repository.go:1593.2,1593.34 1 0
Pulse/internal/repository/ticket_repository.go:1593.34,1595.3 1 0
Pulse/internal/repository/ticket_repository.go:1597.2,1597.21 1 0
Pulse/internal/repository/ticket_repository.go:1601.94,1621.16 5 1
Pulse/internal/repository/ticket_repository.go:1621.16,1622.27 1 0
Pulse/internal/repository/ticket_repository.go:1622.27,1624.4 1 0
Pulse/internal/repository/ticket_repository.go:1625.3,1625.59 1 0
Pulse/internal/repository/ticket_repository.go:1629.2,1629.31 1 1
Pulse/internal/repository/ticket_repository.go:1629.31,1631.17 2 1
Pulse/internal/repository/ticket_repository.go:1631.17,1633.4 1 0
Pulse/internal/repository/ticket_repository.go:1636.2,1636.29 1 1
Pulse/internal/repository/ticket_repository.go:1636.29,1638.17 2 1
Pulse/internal/repository/ticket_repository.go:1638.17,1640.4 1 0
Pulse/internal/repository/ticket_repository.go:1643.2,1643.24 1 1
Pulse/internal/repository/ticket_repository.go:1643.24,1645.17 2 1
Pulse/internal/repository/ticket_repository.go:1645.17,1647.4 1 0
Pulse/internal/repository/ticket_repository.go:1650.2,1650.18 1 1
Pulse/internal/repository/ticket_repository.go:1654.133,1659.25 4 0
Pulse/internal/repository/ticket_repository.go:1659.25,1661.3 1 0
Pulse/internal/repository/ticket_repository.go:1664.2,1665.18 2 0
Pulse/internal/repository/ticket_repository.go:1666.14,1667.47 1 0
Pulse/internal/repository/ticket_repository.go:1668.13,1669.46 1 0
Pulse/internal/repository/ticket_repository.go:1670.14,1671.47 1 0
Pulse/internal/repository/ticket_repository.go:1672.15,1673.48 1 0
Pulse/internal/repository/ticket_repository.go:1674.10,1675.46 1 0
Pulse/internal/repository/ticket_repository.go:1678.2,1691.16 3 0
Pulse/internal/repository/ticket_repository.go:1691.16,1693.3 1 0
Pulse/internal/repository/ticket_repository.go:1694.2,1697.18 3 0
Pulse/internal/repository/ticket_repository.go:1697.18,1700.17 3 0
Pulse/internal/repository/ticket_repository.go:1700.17,1702.4 1 0
Pulse/internal/repository/ticket_repository.go:1703.3,1703.34 1 0
Pulse/internal/repository/ticket_repository.go:1706.2,1706.34 1 0
Pulse/internal/repository/ticket_repository.go:1706.34,1708.3 1 0
Pulse/internal/repository/ticket_repository.go:1710.2,1710.20 1 0
Pulse/internal/repository/user_repository.go:24.52,28.2 1 1
Pulse/internal/repository/user_repository.go:31.58,35.2 1 0
Pulse/internal/repository/user_repository.go:38.56,39.17 1 1
Pulse/internal/repository/user_repository.go:39.17,41.3 1 0
Pulse/internal/repository/user_repository.go:42.2,42.13 1 1
Pulse/internal/repository/user_repository.go:46.79,48.19 1 1
Pulse/internal/repository/user_repository.go:48.19,50.3 1 0
Pulse/internal/repository/user_repository.go:53.2,58.23 4 1
Pulse/internal/repository/user_repository.go:58.23,60.3 1 0
Pulse/internal/repository/user_repository.go:62.2,72.16 3 1
Pulse/internal/repository/user_repository.go:72.16,74.3 1 0
Pulse/internal/repository/user_repository.go:76.2,76.12 1 1
Pulse/internal/repository/user_repository.go:80.88,89.16 4 1
Pulse/internal/repository/user_repository.go:89.16,90.27 1 0
Pulse/internal/repository/user_repository.go:90.27,92.4 1 0
Pulse/internal/repository/user_repository.go:93.3,93.56 1 0
Pulse/internal/repository/user_repository.go:96.2,96.19 1 1
Pulse/internal/repository/user_repository.go:100.100,109.16 4 1
Pulse/internal/repository/user_repository.go:109.16,110.27 1 0
Pulse/internal/repository/user_repository.go:110.27,112.4 1 0
Pulse/internal/repository/user_repository.go:113.3,113.56 1 0
Pulse/internal/repository/user_repository.go:116.2,116.19 1 1
Pulse/internal/repository/user_repository.go:120.94,129.16 4 0
Pulse/internal/repository/user_repository.go:129.16,130.27 1 0
Pulse/internal/repository/user_repository.go:130.27,132.4 1 0
Pulse/internal/repository/user_repository.go:133.3,133.56 1 0
Pulse/internal/repository/user_repository.go:136.2,136.19 1 0
Pulse/internal/repository/user_repository.go:140.79,159.16 4 1
Pulse/internal/repository/user_repository.go:159.16,161.3 1 0
Pulse/internal/repository/user_repository.go:163.2,164.16 2 1
Pulse/internal/repository/user_repository.go:164.16,166.3 1 0
Pulse/internal/repository/user_repository.go:168.2,168.23 1 1
Pulse/internal/repository/user_repository.go:168.23,170.3 1 0
Pulse/internal/repository/user_repository.go:172.2,172.12 1 1
Pulse/internal/repository/user_repository.go:176.71,180.16 3 1
Pulse/internal/repository/user_repository.go:180.16,182.3 1 0
Pulse/internal/repository/user_repository.go:184.2,185.16 2 1
Pulse/internal/repository/user_repository.go:185.16,187.3 1 0
Pulse/internal/repository/user_repository.go:189.2,189.23 1 1
Pulse/internal/repository/user_repository.go:189.23,191.3 1 0
Pulse/internal/repository/user_repository.go:193.2,193.12 1 1
Pulse/internal/repository/user_repository.go:197.75,206.16 4 1
Pulse/internal/repository/user_repository.go:206.16,208.3 1 0
Pulse/internal/repository/user_repository.go:210.2,211.16 2 1
Pulse/internal/repository/user_repository.go:211.16,213.3 1 0
Pulse/internal/repository/user_repository.go:215.2,215.23 1 1
Pulse/internal/repository/user_repository.go:215.23,217.3 1 0
Pulse/internal/repository/user_repository.go:219.2,219.12 1 1
Pulse/internal/repository/user_repository.go:223.105,224.19 1 1
Pulse/internal/repository/user_repository.go:224.19,226.3 1 0
Pulse/internal/repository/user_repository.go:229.2,229.22 1 1
Pulse/internal/repository/user_repository.go:229.22,231.3 1 0
Pulse/internal/repository/user_repository.go:232.2,232.26 1 1
Pulse/internal/repository/user_repository.go:232.26,234.3 1 0
Pulse/internal/repository/user_repository.go:235.2,235.27 1 1
Pulse/internal/repository/user_repository.go:235.27,237.3 1 0
Pulse/internal/repository/user_repository.go:240.2,246.24 5 1
Pulse/internal/repository/user_repository.go:246.24,250.3 3 0
Pulse/internal/repository/user_repository.go:252.2,252.26 1 1
Pulse/internal/repository/user_repository.go:252.26,256.3 3 0
Pulse/internal/repository/user_repository.go:258.2,258.58 1 1
Pulse/internal/repository/user_repository.go:258.58,262.3 3 0
Pulse/internal/repository/user_repository.go:264.2,264.52 1 1
Pulse/internal/repository/user_repository.go:264.52,269.3 4 0
Pulse/internal/repository/user_repository.go:271.2,272.25 2 1
Pulse/internal/repository/user_repository.go:272.25,274.3 1 1
Pulse/internal/repository/user_repository.go:277.2,280.16 4 1
Pulse/internal/repository/user_repository.go:280.16,282.3 1 0
Pulse/internal/repository/user_repository.go:285.2,297.16 6 1
Pulse/internal/repository/user_repository.go:297.16,299.3 1 0
Pulse/internal/repository/user_repository.go:301.2,309.8 2 1
Pulse/internal/repository/user_repository.go:313.95,320.19 5 0
Pulse/internal/repository/user_repository.go:320.19,321.25 1 0
Pulse/internal/repository/user_repository.go:321.25,325.4 3 0
Pulse/internal/repository/user_repository.go:327.3,327.27 1 0
Pulse/internal/repository/user_repository.go:327.27,331.4 3 0
Pulse/internal/repository/user_repository.go:333.3,333.59 1 0
Pulse/internal/repository/user_repository.go:333.59,337.4 3 0
Pulse/internal/repository/user_repository.go:339.3,339.53 1 0
Pulse/internal/repository/user_repository.go:339.53,344.4 4 0
Pulse/internal/repository/user_repository.go:347.2,348.25 2 0
Pulse/internal/repository/user_repository.go:348.25,350.3 1 0
Pulse/internal/repository/user_repository.go:352.2,355.16 4 0
Pulse/internal/repository/user_repository.go:355.16,357.3 1 0
Pulse/internal/repository/user_repository.go:359.2,359.19 1 0
Pulse/internal/repository/user_repository.go:363.79,367.16 4 1
Pulse/internal/repository/user_repository.go:367.16,369.3 1 0
Pulse/internal/repository/user_repository.go:370.2,370.23 1 1
Pulse/internal/repository/user_repository.go:374.95,378.16 4 1
Pulse/internal/repository/user_repository.go:378.16,380.3 1 0
Pulse/internal/repository/user_repository.go:381.2,381.23 1 1
Pulse/internal/repository/user_repository.go:385.89,389.16 4 0
Pulse/internal/repository/user_repository.go:389.16,391.3 1 0
Pulse/internal/repository/user_repository.go:392.2,392.23 1 0
Pulse/internal/repository/user_repository.go:396.111,398.16 2 1
Pulse/internal/repository/user_repository.go:398.16,400.3 1 0
Pulse/internal/repository/user_repository.go:403.2,403.22 1 1
Pulse/internal/repository/user_repository.go:403.22,405.3 1 0
Pulse/internal/repository/user_repository.go:408.2,409.16 2 1
Pulse/internal/repository/user_repository.go:409.16,411.3 1 0
Pulse/internal/repository/user_repository.go:413.2,413.18 1 1
Pulse/internal/repository/user_repository.go:417.95,425.16 3 1
Pulse/internal/repository/user_repository.go:425.16,427.3 1 0
Pulse/internal/repository/user_repository.go:429.2,430.16 2 1
Pulse/internal/repository/user_repository.go:430.16,432.3 1 0
Pulse/internal/repository/user_repository.go:434.2,434.23 1 1
Pulse/internal/repository/user_repository.go:434.23,436.3 1 0
Pulse/internal/repository/user_repository.go:438.2,438.12 1 1
Pulse/internal/repository/user_repository.go:442.101,450.16 3 0
Pulse/internal/repository/user_repository.go:450.16,452.3 1 0
Pulse/internal/repository/user_repository.go:454.2,455.16 2 0
Pulse/internal/repository/user_repository.go:455.16,457.3 1 0
Pulse/internal/repository/user_repository.go:459.2,459.23 1 0
Pulse/internal/repository/user_repository.go:459.23,461.3 1 0
Pulse/internal/repository/user_repository.go:463.2,463.12 1 0
Pulse/internal/repository/user_repository.go:467.103,475.16 3 1
Pulse/internal/repository/user_repository.go:475.16,477.3 1 0
Pulse/internal/repository/user_repository.go:479.2,480.16 2 1
Pulse/internal/repository/user_repository.go:480.16,482.3 1 0
Pulse/internal/repository/user_repository.go:484.2,484.23 1 1
Pulse/internal/repository/user_repository.go:484.23,486.3 1 0
Pulse/internal/repository/user_repository.go:488.2,488.12 1 1
Pulse/internal/repository/user_repository.go:492.73,494.2 1 1
Pulse/internal/repository/user_repository.go:497.75,499.2 1 1
Pulse/internal/repository/user_repository.go:502.87,503.21 1 1
Pulse/internal/repository/user_repository.go:503.21,505.3 1 0
Pulse/internal/repository/user_repository.go:507.2,508.16 2 1
Pulse/internal/repository/user_repository.go:508.16,510.3 1 0
Pulse/internal/repository/user_repository.go:511.2,513.29 2 1
Pulse/internal/repository/user_repository.go:513.29,514.20 1 1
Pulse/internal/repository/user_repository.go:514.20,516.4 1 1
Pulse/internal/repository/user_repository.go:518.3,522.24 4 1
Pulse/internal/repository/user_repository.go:522.24,524.4 1 1
Pulse/internal/repository/user_repository.go:526.3,536.17 3 1
Pulse/internal/repository/user_repository.go:536.17,538.4 1 0
Pulse/internal/repository/user_repository.go:541.2,541.20 1 1
Pulse/internal/repository/user_repository.go:545.87,546.21 1 0
Pulse/internal/repository/user_repository.go:546.21,548.3 1 0
Pulse/internal/repository/user_repository.go:550.2,551.16 2 0
Pulse/internal/repository/user_repository.go:551.16,553.3 1 0
Pulse/internal/repository/user_repository.go:554.2,556.29 2 0
Pulse/internal/repository/user_repository.go:556.29,575.17 4 0
Pulse/internal/repository/user_repository.go:575.17,577.4 1 0
Pulse/internal/repository/user_repository.go:580.2,580.20 1 0
Pulse/internal/repository/user_repository.go:584.79,585.19 1 0
Pulse/internal/repository/user_repository.go:585.19,587.3 1 0
Pulse/internal/repository/user_repository.go:589.2,590.16 2 0
Pulse/internal/repository/user_repository.go:590.16,592.3 1 0
Pulse/internal/repository/user_repository.go:593.2,596.25 3 0
Pulse/internal/repository/user_repository.go:596.25,604.17 3 0
Pulse/internal/repository/user_repository.go:604.17,606.4 1 0
Pulse/internal/repository/user_repository.go:609.2,609.20 1 0
Pulse/internal/repository/user_repository.go:613.52,615.16 2 0
Pulse/internal/repository/user_repository.go:615.16,617.3 1 0
Pulse/internal/repository/user_repository.go:618.2,618.26 1 0
Pulse/internal/repository/user_repository.go:622.54,624.2 1 0
